2023-09-21 08:07:13,277 INFO [main][SpringApplication.java:655] - The following profiles are active: dev
2023-09-21 08:07:13,277 INFO [main][SpringApplication.java:655] - The following profiles are active: dev
2023-09-21 08:07:14,268 WARN [main][EndpointId.java:155] - Endpoint ID 'service-registry' contains invalid characters, please migrate to a valid format.
2023-09-21 08:07:14,268 WARN [main][EndpointId.java:155] - Endpoint ID 'service-registry' contains invalid characters, please migrate to a valid format.
2023-09-21 08:07:14,363 INFO [main][GenericScope.java:295] - BeanFactory id=d5f128ae-38b0-30b0-8cfb-b8cafee8bb7c
2023-09-21 08:07:14,363 INFO [main][GenericScope.java:295] - BeanFactory id=d5f128ae-38b0-30b0-8cfb-b8cafee8bb7c
2023-09-21 08:07:14,392 INFO [main][PostProcessorRegistrationDelegate.java:335] - Bean 'org.springframework.cloud.client.loadbalancer.reactive.LoadBalancerBeanPostProcessorAutoConfiguration' of type [org.springframework.cloud.client.loadbalancer.reactive.LoadBalancerBeanPostProcessorAutoConfiguration] is not eligible for getting processed by all BeanPostProcessors (for example: not eligible for auto-proxying)
2023-09-21 08:07:14,392 INFO [main][PostProcessorRegistrationDelegate.java:335] - Bean 'org.springframework.cloud.client.loadbalancer.reactive.LoadBalancerBeanPostProcessorAutoConfiguration' of type [org.springframework.cloud.client.loadbalancer.reactive.LoadBalancerBeanPostProcessorAutoConfiguration] is not eligible for getting processed by all BeanPostProcessors (for example: not eligible for auto-proxying)
2023-09-21 08:07:14,394 INFO [main][PostProcessorRegistrationDelegate.java:335] - Bean 'org.springframework.cloud.client.loadbalancer.reactive.LoadBalancerBeanPostProcessorAutoConfiguration$ReactiveLoadBalancerConfig' of type [org.springframework.cloud.client.loadbalancer.reactive.LoadBalancerBeanPostProcessorAutoConfiguration$ReactiveLoadBalancerConfig] is not eligible for getting processed by all BeanPostProcessors (for example: not eligible for auto-proxying)
2023-09-21 08:07:14,394 INFO [main][PostProcessorRegistrationDelegate.java:335] - Bean 'org.springframework.cloud.client.loadbalancer.reactive.LoadBalancerBeanPostProcessorAutoConfiguration$ReactiveLoadBalancerConfig' of type [org.springframework.cloud.client.loadbalancer.reactive.LoadBalancerBeanPostProcessorAutoConfiguration$ReactiveLoadBalancerConfig] is not eligible for getting processed by all BeanPostProcessors (for example: not eligible for auto-proxying)
2023-09-21 08:07:14,395 INFO [main][PostProcessorRegistrationDelegate.java:335] - Bean 'deferringLoadBalancerExchangeFilterFunction' of type [org.springframework.cloud.client.loadbalancer.reactive.DeferringLoadBalancerExchangeFilterFunction] is not eligible for getting processed by all BeanPostProcessors (for example: not eligible for auto-proxying)
2023-09-21 08:07:14,395 INFO [main][PostProcessorRegistrationDelegate.java:335] - Bean 'deferringLoadBalancerExchangeFilterFunction' of type [org.springframework.cloud.client.loadbalancer.reactive.DeferringLoadBalancerExchangeFilterFunction] is not eligible for getting processed by all BeanPostProcessors (for example: not eligible for auto-proxying)
2023-09-21 08:07:14,401 DEBUG [main][Loggers.java:249] - Using Slf4j logging framework
2023-09-21 08:07:14,401 DEBUG [main][Loggers.java:249] - Using Slf4j logging framework
2023-09-21 08:07:14,413 DEBUG [main][InternalLoggerFactory.java:45] - Using SLF4J as the default logging framework
2023-09-21 08:07:14,413 DEBUG [main][InternalLoggerFactory.java:45] - Using SLF4J as the default logging framework
2023-09-21 08:07:14,414 DEBUG [main][PlatformDependent.java:1036] - Platform: Windows
2023-09-21 08:07:14,414 DEBUG [main][PlatformDependent.java:1036] - Platform: Windows
2023-09-21 08:07:14,431 DEBUG [main][PlatformDependent0.java:417] - -Dio.netty.noUnsafe: false
2023-09-21 08:07:14,431 DEBUG [main][PlatformDependent0.java:417] - -Dio.netty.noUnsafe: false
2023-09-21 08:07:14,432 DEBUG [main][PlatformDependent0.java:897] - Java version: 8
2023-09-21 08:07:14,432 DEBUG [main][PlatformDependent0.java:897] - Java version: 8
2023-09-21 08:07:14,435 DEBUG [main][PlatformDependent0.java:130] - sun.misc.Unsafe.theUnsafe: available
2023-09-21 08:07:14,435 DEBUG [main][PlatformDependent0.java:130] - sun.misc.Unsafe.theUnsafe: available
2023-09-21 08:07:14,437 DEBUG [main][PlatformDependent0.java:154] - sun.misc.Unsafe.copyMemory: available
2023-09-21 08:07:14,437 DEBUG [main][PlatformDependent0.java:154] - sun.misc.Unsafe.copyMemory: available
2023-09-21 08:07:14,438 DEBUG [main][PlatformDependent0.java:192] - java.nio.Buffer.address: available
2023-09-21 08:07:14,438 DEBUG [main][PlatformDependent0.java:192] - java.nio.Buffer.address: available
2023-09-21 08:07:14,439 DEBUG [main][PlatformDependent0.java:257] - direct buffer constructor: available
2023-09-21 08:07:14,439 DEBUG [main][PlatformDependent0.java:257] - direct buffer constructor: available
2023-09-21 08:07:14,440 DEBUG [main][PlatformDependent0.java:331] - java.nio.Bits.unaligned: available, true
2023-09-21 08:07:14,440 DEBUG [main][PlatformDependent0.java:331] - java.nio.Bits.unaligned: available, true
2023-09-21 08:07:14,440 DEBUG [main][PlatformDependent0.java:396] - jdk.internal.misc.Unsafe.allocateUninitializedArray(int): unavailable prior to Java9
2023-09-21 08:07:14,440 DEBUG [main][PlatformDependent0.java:396] - jdk.internal.misc.Unsafe.allocateUninitializedArray(int): unavailable prior to Java9
2023-09-21 08:07:14,440 DEBUG [main][PlatformDependent0.java:403] - java.nio.DirectByteBuffer.<init>(long, int): available
2023-09-21 08:07:14,440 DEBUG [main][PlatformDependent0.java:403] - java.nio.DirectByteBuffer.<init>(long, int): available
2023-09-21 08:07:14,440 DEBUG [main][PlatformDependent.java:1079] - sun.misc.Unsafe: available
2023-09-21 08:07:14,440 DEBUG [main][PlatformDependent.java:1079] - sun.misc.Unsafe: available
2023-09-21 08:07:14,441 DEBUG [main][PlatformDependent.java:1200] - -Dio.netty.tmpdir: C:\Users\23863\AppData\Local\Temp (java.io.tmpdir)
2023-09-21 08:07:14,441 DEBUG [main][PlatformDependent.java:1200] - -Dio.netty.tmpdir: C:\Users\23863\AppData\Local\Temp (java.io.tmpdir)
2023-09-21 08:07:14,441 DEBUG [main][PlatformDependent.java:1279] - -Dio.netty.bitMode: 64 (sun.arch.data.model)
2023-09-21 08:07:14,441 DEBUG [main][PlatformDependent.java:1279] - -Dio.netty.bitMode: 64 (sun.arch.data.model)
2023-09-21 08:07:14,442 DEBUG [main][PlatformDependent.java:177] - -Dio.netty.maxDirectMemory: 3779067904 bytes
2023-09-21 08:07:14,442 DEBUG [main][PlatformDependent.java:177] - -Dio.netty.maxDirectMemory: 3779067904 bytes
2023-09-21 08:07:14,442 DEBUG [main][PlatformDependent.java:184] - -Dio.netty.uninitializedArrayAllocationThreshold: -1
2023-09-21 08:07:14,442 DEBUG [main][PlatformDependent.java:184] - -Dio.netty.uninitializedArrayAllocationThreshold: -1
2023-09-21 08:07:14,443 DEBUG [main][CleanerJava6.java:92] - java.nio.ByteBuffer.cleaner(): available
2023-09-21 08:07:14,443 DEBUG [main][CleanerJava6.java:92] - java.nio.ByteBuffer.cleaner(): available
2023-09-21 08:07:14,443 DEBUG [main][PlatformDependent.java:204] - -Dio.netty.noPreferDirect: false
2023-09-21 08:07:14,443 DEBUG [main][PlatformDependent.java:204] - -Dio.netty.noPreferDirect: false
2023-09-21 08:07:14,446 DEBUG [main][Loggers.java:254] - [http] resources will use the default LoopResources: DefaultLoopResources {prefix=reactor-http, daemon=true, selectCount=12, workerCount=12}
2023-09-21 08:07:14,446 DEBUG [main][Loggers.java:254] - [http] resources will use the default LoopResources: DefaultLoopResources {prefix=reactor-http, daemon=true, selectCount=12, workerCount=12}
2023-09-21 08:07:14,446 DEBUG [main][Loggers.java:254] - [http] resources will use the default ConnectionProvider: reactor.netty.resources.PooledConnectionProvider@d653e41
2023-09-21 08:07:14,446 DEBUG [main][Loggers.java:254] - [http] resources will use the default ConnectionProvider: reactor.netty.resources.PooledConnectionProvider@d653e41
2023-09-21 08:07:14,572 DEBUG [main][InternalThreadLocalMap.java:56] - -Dio.netty.threadLocalMap.stringBuilder.initialSize: 1024
2023-09-21 08:07:14,572 DEBUG [main][InternalThreadLocalMap.java:56] - -Dio.netty.threadLocalMap.stringBuilder.initialSize: 1024
2023-09-21 08:07:14,572 DEBUG [main][InternalThreadLocalMap.java:59] - -Dio.netty.threadLocalMap.stringBuilder.maxSize: 4096
2023-09-21 08:07:14,572 DEBUG [main][InternalThreadLocalMap.java:59] - -Dio.netty.threadLocalMap.stringBuilder.maxSize: 4096
2023-09-21 08:07:14,610 WARN [main][JwtAccessTokenConverter.java:302] - Unable to create an RSA verifier from verifierKey (ignoreable if using MAC)
2023-09-21 08:07:14,610 WARN [main][JwtAccessTokenConverter.java:302] - Unable to create an RSA verifier from verifierKey (ignoreable if using MAC)
2023-09-21 08:07:14,664 INFO [main][ReactiveUserDetailsServiceAutoConfiguration.java:88] - 

Using generated security password: 1957f5fe-7ea2-44fd-ab85-959efe2288a7

2023-09-21 08:07:14,664 INFO [main][ReactiveUserDetailsServiceAutoConfiguration.java:88] - 

Using generated security password: 1957f5fe-7ea2-44fd-ab85-959efe2288a7

2023-09-21 08:07:14,782 WARN [main][URLConfigurationSource.java:121] - No URLs will be polled as dynamic configuration sources.
2023-09-21 08:07:14,782 WARN [main][URLConfigurationSource.java:121] - No URLs will be polled as dynamic configuration sources.
2023-09-21 08:07:14,783 INFO [main][URLConfigurationSource.java:122] - To enable URLs as dynamic configuration sources, define System property archaius.configurationSource.additionalUrls or make config.properties available on classpath.
2023-09-21 08:07:14,783 INFO [main][URLConfigurationSource.java:122] - To enable URLs as dynamic configuration sources, define System property archaius.configurationSource.additionalUrls or make config.properties available on classpath.
2023-09-21 08:07:14,787 WARN [main][URLConfigurationSource.java:121] - No URLs will be polled as dynamic configuration sources.
2023-09-21 08:07:14,787 WARN [main][URLConfigurationSource.java:121] - No URLs will be polled as dynamic configuration sources.
2023-09-21 08:07:14,787 INFO [main][URLConfigurationSource.java:122] - To enable URLs as dynamic configuration sources, define System property archaius.configurationSource.additionalUrls or make config.properties available on classpath.
2023-09-21 08:07:14,787 INFO [main][URLConfigurationSource.java:122] - To enable URLs as dynamic configuration sources, define System property archaius.configurationSource.additionalUrls or make config.properties available on classpath.
2023-09-21 08:07:14,862 DEBUG [main][ResourceBundleMessageInterpolator.java:172] - Loaded expression factory via original TCCL
2023-09-21 08:07:14,862 DEBUG [main][ResourceBundleMessageInterpolator.java:172] - Loaded expression factory via original TCCL
2023-09-21 08:07:14,865 DEBUG [main][AbstractConfigurationImpl.java:171] - Setting custom MessageInterpolator of type org.springframework.validation.beanvalidation.LocaleContextMessageInterpolator
2023-09-21 08:07:14,865 DEBUG [main][AbstractConfigurationImpl.java:171] - Setting custom MessageInterpolator of type org.springframework.validation.beanvalidation.LocaleContextMessageInterpolator
2023-09-21 08:07:14,865 DEBUG [main][AbstractConfigurationImpl.java:203] - Setting custom ConstraintValidatorFactory of type org.springframework.validation.beanvalidation.SpringConstraintValidatorFactory
2023-09-21 08:07:14,865 DEBUG [main][AbstractConfigurationImpl.java:203] - Setting custom ConstraintValidatorFactory of type org.springframework.validation.beanvalidation.SpringConstraintValidatorFactory
2023-09-21 08:07:14,866 DEBUG [main][AbstractConfigurationImpl.java:217] - Setting custom ParameterNameProvider of type org.springframework.validation.beanvalidation.LocalValidatorFactoryBean$1
2023-09-21 08:07:14,866 DEBUG [main][AbstractConfigurationImpl.java:217] - Setting custom ParameterNameProvider of type org.springframework.validation.beanvalidation.LocalValidatorFactoryBean$1
2023-09-21 08:07:14,867 DEBUG [main][ValidationXmlParser.java:120] - Trying to load META-INF/validation.xml for XML based Validator configuration.
2023-09-21 08:07:14,867 DEBUG [main][ValidationXmlParser.java:120] - Trying to load META-INF/validation.xml for XML based Validator configuration.
2023-09-21 08:07:14,867 DEBUG [main][ResourceLoaderHelper.java:53] - Trying to load META-INF/validation.xml via user class loader
2023-09-21 08:07:14,867 DEBUG [main][ResourceLoaderHelper.java:53] - Trying to load META-INF/validation.xml via user class loader
2023-09-21 08:07:14,867 DEBUG [main][ResourceLoaderHelper.java:60] - Trying to load META-INF/validation.xml via TCCL
2023-09-21 08:07:14,867 DEBUG [main][ResourceLoaderHelper.java:60] - Trying to load META-INF/validation.xml via TCCL
2023-09-21 08:07:14,868 DEBUG [main][ResourceLoaderHelper.java:66] - Trying to load META-INF/validation.xml via Hibernate Validator's class loader
2023-09-21 08:07:14,868 DEBUG [main][ResourceLoaderHelper.java:66] - Trying to load META-INF/validation.xml via Hibernate Validator's class loader
2023-09-21 08:07:14,868 DEBUG [main][ValidationXmlParser.java:127] - No META-INF/validation.xml found. Using annotation based configuration only.
2023-09-21 08:07:14,868 DEBUG [main][ValidationXmlParser.java:127] - No META-INF/validation.xml found. Using annotation based configuration only.
2023-09-21 08:07:14,869 DEBUG [main][TraversableResolvers.java:60] - Cannot find javax.persistence.Persistence on classpath. Assuming non JPA 2 environment. All properties will per default be traversable.
2023-09-21 08:07:14,869 DEBUG [main][TraversableResolvers.java:60] - Cannot find javax.persistence.Persistence on classpath. Assuming non JPA 2 environment. All properties will per default be traversable.
2023-09-21 08:07:14,870 DEBUG [main][ValidatorFactoryConfigurationHelper.java:300] - HV000252: Using org.hibernate.validator.internal.engine.DefaultPropertyNodeNameProvider as property node name provider.
2023-09-21 08:07:14,870 DEBUG [main][ValidatorFactoryConfigurationHelper.java:300] - HV000252: Using org.hibernate.validator.internal.engine.DefaultPropertyNodeNameProvider as property node name provider.
2023-09-21 08:07:14,870 DEBUG [main][ValidatorFactoryConfigurationHelper.java:375] - HV000234: Using org.springframework.validation.beanvalidation.LocaleContextMessageInterpolator as ValidatorFactory-scoped message interpolator.
2023-09-21 08:07:14,870 DEBUG [main][ValidatorFactoryConfigurationHelper.java:375] - HV000234: Using org.springframework.validation.beanvalidation.LocaleContextMessageInterpolator as ValidatorFactory-scoped message interpolator.
2023-09-21 08:07:14,871 DEBUG [main][ValidatorFactoryConfigurationHelper.java:376] - HV000234: Using org.hibernate.validator.internal.engine.resolver.TraverseAllTraversableResolver as ValidatorFactory-scoped traversable resolver.
2023-09-21 08:07:14,871 DEBUG [main][ValidatorFactoryConfigurationHelper.java:376] - HV000234: Using org.hibernate.validator.internal.engine.resolver.TraverseAllTraversableResolver as ValidatorFactory-scoped traversable resolver.
2023-09-21 08:07:14,871 DEBUG [main][ValidatorFactoryConfigurationHelper.java:377] - HV000234: Using org.hibernate.validator.internal.util.ExecutableParameterNameProvider as ValidatorFactory-scoped parameter name provider.
2023-09-21 08:07:14,871 DEBUG [main][ValidatorFactoryConfigurationHelper.java:377] - HV000234: Using org.hibernate.validator.internal.util.ExecutableParameterNameProvider as ValidatorFactory-scoped parameter name provider.
2023-09-21 08:07:14,871 DEBUG [main][ValidatorFactoryConfigurationHelper.java:378] - HV000234: Using org.hibernate.validator.internal.engine.DefaultClockProvider as ValidatorFactory-scoped clock provider.
2023-09-21 08:07:14,871 DEBUG [main][ValidatorFactoryConfigurationHelper.java:378] - HV000234: Using org.hibernate.validator.internal.engine.DefaultClockProvider as ValidatorFactory-scoped clock provider.
2023-09-21 08:07:14,871 DEBUG [main][ValidatorFactoryConfigurationHelper.java:379] - HV000234: Using org.hibernate.validator.internal.engine.scripting.DefaultScriptEvaluatorFactory as ValidatorFactory-scoped script evaluator factory.
2023-09-21 08:07:14,871 DEBUG [main][ValidatorFactoryConfigurationHelper.java:379] - HV000234: Using org.hibernate.validator.internal.engine.scripting.DefaultScriptEvaluatorFactory as ValidatorFactory-scoped script evaluator factory.
2023-09-21 08:07:16,005 INFO [main][InetUtils.java:170] - Cannot determine local hostname
2023-09-21 08:07:16,005 INFO [main][InetUtils.java:170] - Cannot determine local hostname
2023-09-21 08:07:17,136 INFO [main][InetUtils.java:170] - Cannot determine local hostname
2023-09-21 08:07:17,136 INFO [main][InetUtils.java:170] - Cannot determine local hostname
2023-09-21 08:07:17,148 DEBUG [main][ResourceBundleMessageInterpolator.java:172] - Loaded expression factory via original TCCL
2023-09-21 08:07:17,148 DEBUG [main][ResourceBundleMessageInterpolator.java:172] - Loaded expression factory via original TCCL
2023-09-21 08:07:17,148 DEBUG [main][AbstractConfigurationImpl.java:171] - Setting custom MessageInterpolator of type org.springframework.validation.beanvalidation.LocaleContextMessageInterpolator
2023-09-21 08:07:17,148 DEBUG [main][AbstractConfigurationImpl.java:171] - Setting custom MessageInterpolator of type org.springframework.validation.beanvalidation.LocaleContextMessageInterpolator
2023-09-21 08:07:17,149 DEBUG [main][AbstractConfigurationImpl.java:203] - Setting custom ConstraintValidatorFactory of type org.springframework.validation.beanvalidation.SpringConstraintValidatorFactory
2023-09-21 08:07:17,149 DEBUG [main][AbstractConfigurationImpl.java:203] - Setting custom ConstraintValidatorFactory of type org.springframework.validation.beanvalidation.SpringConstraintValidatorFactory
2023-09-21 08:07:17,149 DEBUG [main][AbstractConfigurationImpl.java:217] - Setting custom ParameterNameProvider of type org.springframework.validation.beanvalidation.LocalValidatorFactoryBean$1
2023-09-21 08:07:17,149 DEBUG [main][AbstractConfigurationImpl.java:217] - Setting custom ParameterNameProvider of type org.springframework.validation.beanvalidation.LocalValidatorFactoryBean$1
2023-09-21 08:07:17,149 DEBUG [main][ValidationXmlParser.java:120] - Trying to load META-INF/validation.xml for XML based Validator configuration.
2023-09-21 08:07:17,149 DEBUG [main][ValidationXmlParser.java:120] - Trying to load META-INF/validation.xml for XML based Validator configuration.
2023-09-21 08:07:17,149 DEBUG [main][ResourceLoaderHelper.java:53] - Trying to load META-INF/validation.xml via user class loader
2023-09-21 08:07:17,149 DEBUG [main][ResourceLoaderHelper.java:53] - Trying to load META-INF/validation.xml via user class loader
2023-09-21 08:07:17,150 DEBUG [main][ResourceLoaderHelper.java:60] - Trying to load META-INF/validation.xml via TCCL
2023-09-21 08:07:17,150 DEBUG [main][ResourceLoaderHelper.java:60] - Trying to load META-INF/validation.xml via TCCL
2023-09-21 08:07:17,150 DEBUG [main][ResourceLoaderHelper.java:66] - Trying to load META-INF/validation.xml via Hibernate Validator's class loader
2023-09-21 08:07:17,150 DEBUG [main][ResourceLoaderHelper.java:66] - Trying to load META-INF/validation.xml via Hibernate Validator's class loader
2023-09-21 08:07:17,151 DEBUG [main][ValidationXmlParser.java:127] - No META-INF/validation.xml found. Using annotation based configuration only.
2023-09-21 08:07:17,151 DEBUG [main][ValidationXmlParser.java:127] - No META-INF/validation.xml found. Using annotation based configuration only.
2023-09-21 08:07:17,151 DEBUG [main][TraversableResolvers.java:60] - Cannot find javax.persistence.Persistence on classpath. Assuming non JPA 2 environment. All properties will per default be traversable.
2023-09-21 08:07:17,151 DEBUG [main][TraversableResolvers.java:60] - Cannot find javax.persistence.Persistence on classpath. Assuming non JPA 2 environment. All properties will per default be traversable.
2023-09-21 08:07:17,153 DEBUG [main][ValidatorFactoryConfigurationHelper.java:300] - HV000252: Using org.hibernate.validator.internal.engine.DefaultPropertyNodeNameProvider as property node name provider.
2023-09-21 08:07:17,153 DEBUG [main][ValidatorFactoryConfigurationHelper.java:300] - HV000252: Using org.hibernate.validator.internal.engine.DefaultPropertyNodeNameProvider as property node name provider.
2023-09-21 08:07:17,153 DEBUG [main][ValidatorFactoryConfigurationHelper.java:375] - HV000234: Using org.springframework.validation.beanvalidation.LocaleContextMessageInterpolator as ValidatorFactory-scoped message interpolator.
2023-09-21 08:07:17,153 DEBUG [main][ValidatorFactoryConfigurationHelper.java:375] - HV000234: Using org.springframework.validation.beanvalidation.LocaleContextMessageInterpolator as ValidatorFactory-scoped message interpolator.
2023-09-21 08:07:17,154 DEBUG [main][ValidatorFactoryConfigurationHelper.java:376] - HV000234: Using org.hibernate.validator.internal.engine.resolver.TraverseAllTraversableResolver as ValidatorFactory-scoped traversable resolver.
2023-09-21 08:07:17,154 DEBUG [main][ValidatorFactoryConfigurationHelper.java:376] - HV000234: Using org.hibernate.validator.internal.engine.resolver.TraverseAllTraversableResolver as ValidatorFactory-scoped traversable resolver.
2023-09-21 08:07:17,154 DEBUG [main][ValidatorFactoryConfigurationHelper.java:377] - HV000234: Using org.hibernate.validator.internal.util.ExecutableParameterNameProvider as ValidatorFactory-scoped parameter name provider.
2023-09-21 08:07:17,154 DEBUG [main][ValidatorFactoryConfigurationHelper.java:377] - HV000234: Using org.hibernate.validator.internal.util.ExecutableParameterNameProvider as ValidatorFactory-scoped parameter name provider.
2023-09-21 08:07:17,154 DEBUG [main][ValidatorFactoryConfigurationHelper.java:378] - HV000234: Using org.hibernate.validator.internal.engine.DefaultClockProvider as ValidatorFactory-scoped clock provider.
2023-09-21 08:07:17,154 DEBUG [main][ValidatorFactoryConfigurationHelper.java:378] - HV000234: Using org.hibernate.validator.internal.engine.DefaultClockProvider as ValidatorFactory-scoped clock provider.
2023-09-21 08:07:17,154 DEBUG [main][ValidatorFactoryConfigurationHelper.java:379] - HV000234: Using org.hibernate.validator.internal.engine.scripting.DefaultScriptEvaluatorFactory as ValidatorFactory-scoped script evaluator factory.
2023-09-21 08:07:17,154 DEBUG [main][ValidatorFactoryConfigurationHelper.java:379] - HV000234: Using org.hibernate.validator.internal.engine.scripting.DefaultScriptEvaluatorFactory as ValidatorFactory-scoped script evaluator factory.
2023-09-21 08:07:17,274 DEBUG [main][NetUtil.java:135] - -Djava.net.preferIPv4Stack: false
2023-09-21 08:07:17,274 DEBUG [main][NetUtil.java:135] - -Djava.net.preferIPv4Stack: false
2023-09-21 08:07:17,275 DEBUG [main][NetUtil.java:136] - -Djava.net.preferIPv6Addresses: false
2023-09-21 08:07:17,275 DEBUG [main][NetUtil.java:136] - -Djava.net.preferIPv6Addresses: false
2023-09-21 08:07:17,346 DEBUG [main][NetUtilInitializations.java:129] - Loopback interface: lo (Software Loopback Interface 1, 127.0.0.1)
2023-09-21 08:07:17,346 DEBUG [main][NetUtilInitializations.java:129] - Loopback interface: lo (Software Loopback Interface 1, 127.0.0.1)
2023-09-21 08:07:17,347 DEBUG [main][NetUtil.java:187] - Failed to get SOMAXCONN from sysctl and file \proc\sys\net\core\somaxconn. Default: 200
2023-09-21 08:07:17,347 DEBUG [main][NetUtil.java:187] - Failed to get SOMAXCONN from sysctl and file \proc\sys\net\core\somaxconn. Default: 200
2023-09-21 08:07:17,458 DEBUG [main][GatewayProperties.java:80] - Routes supplied from Gateway Properties: [RouteDefinition{id='content-api', predicates=[PredicateDefinition{name='Path', args={_genkey_0=/content/**}}], filters=[], uri=lb://content-api, order=0, metadata={}}, RouteDefinition{id='system-api', predicates=[PredicateDefinition{name='Path', args={_genkey_0=/system/**}}], filters=[], uri=lb://system-service, order=0, metadata={}}, RouteDefinition{id='media-api', predicates=[PredicateDefinition{name='Path', args={_genkey_0=/media/**}}], filters=[], uri=lb://media-api, order=0, metadata={}}, RouteDefinition{id='search-service', predicates=[PredicateDefinition{name='Path', args={_genkey_0=/search/**}}], filters=[], uri=lb://search, order=0, metadata={}}, RouteDefinition{id='auth-service', predicates=[PredicateDefinition{name='Path', args={_genkey_0=/auth/**}}], filters=[], uri=lb://auth-service, order=0, metadata={}}, RouteDefinition{id='checkcode', predicates=[PredicateDefinition{name='Path', args={_genkey_0=/checkcode/**}}], filters=[], uri=lb://checkcode, order=0, metadata={}}, RouteDefinition{id='learning-api', predicates=[PredicateDefinition{name='Path', args={_genkey_0=/learning/**}}], filters=[], uri=lb://learning-api, order=0, metadata={}}, RouteDefinition{id='orders-api', predicates=[PredicateDefinition{name='Path', args={_genkey_0=/orders/**}}], filters=[], uri=lb://orders-api, order=0, metadata={}}]
2023-09-21 08:07:17,458 DEBUG [main][GatewayProperties.java:80] - Routes supplied from Gateway Properties: [RouteDefinition{id='content-api', predicates=[PredicateDefinition{name='Path', args={_genkey_0=/content/**}}], filters=[], uri=lb://content-api, order=0, metadata={}}, RouteDefinition{id='system-api', predicates=[PredicateDefinition{name='Path', args={_genkey_0=/system/**}}], filters=[], uri=lb://system-service, order=0, metadata={}}, RouteDefinition{id='media-api', predicates=[PredicateDefinition{name='Path', args={_genkey_0=/media/**}}], filters=[], uri=lb://media-api, order=0, metadata={}}, RouteDefinition{id='search-service', predicates=[PredicateDefinition{name='Path', args={_genkey_0=/search/**}}], filters=[], uri=lb://search, order=0, metadata={}}, RouteDefinition{id='auth-service', predicates=[PredicateDefinition{name='Path', args={_genkey_0=/auth/**}}], filters=[], uri=lb://auth-service, order=0, metadata={}}, RouteDefinition{id='checkcode', predicates=[PredicateDefinition{name='Path', args={_genkey_0=/checkcode/**}}], filters=[], uri=lb://checkcode, order=0, metadata={}}, RouteDefinition{id='learning-api', predicates=[PredicateDefinition{name='Path', args={_genkey_0=/learning/**}}], filters=[], uri=lb://learning-api, order=0, metadata={}}, RouteDefinition{id='orders-api', predicates=[PredicateDefinition{name='Path', args={_genkey_0=/orders/**}}], filters=[], uri=lb://orders-api, order=0, metadata={}}]
2023-09-21 08:07:17,517 DEBUG [main][InternalLoggerFactory.java:61] - Using SLF4J as the default logging framework
2023-09-21 08:07:17,517 DEBUG [main][InternalLoggerFactory.java:61] - Using SLF4J as the default logging framework
2023-09-21 08:07:17,641 INFO [main][RouteDefinitionRouteLocator.java:139] - Loaded RoutePredicateFactory [After]
2023-09-21 08:07:17,641 INFO [main][RouteDefinitionRouteLocator.java:139] - Loaded RoutePredicateFactory [After]
2023-09-21 08:07:17,642 INFO [main][RouteDefinitionRouteLocator.java:139] - Loaded RoutePredicateFactory [Before]
2023-09-21 08:07:17,642 INFO [main][RouteDefinitionRouteLocator.java:139] - Loaded RoutePredicateFactory [Before]
2023-09-21 08:07:17,642 INFO [main][RouteDefinitionRouteLocator.java:139] - Loaded RoutePredicateFactory [Between]
2023-09-21 08:07:17,642 INFO [main][RouteDefinitionRouteLocator.java:139] - Loaded RoutePredicateFactory [Between]
2023-09-21 08:07:17,642 INFO [main][RouteDefinitionRouteLocator.java:139] - Loaded RoutePredicateFactory [Cookie]
2023-09-21 08:07:17,642 INFO [main][RouteDefinitionRouteLocator.java:139] - Loaded RoutePredicateFactory [Cookie]
2023-09-21 08:07:17,642 INFO [main][RouteDefinitionRouteLocator.java:139] - Loaded RoutePredicateFactory [Header]
2023-09-21 08:07:17,642 INFO [main][RouteDefinitionRouteLocator.java:139] - Loaded RoutePredicateFactory [Header]
2023-09-21 08:07:17,643 INFO [main][RouteDefinitionRouteLocator.java:139] - Loaded RoutePredicateFactory [Host]
2023-09-21 08:07:17,643 INFO [main][RouteDefinitionRouteLocator.java:139] - Loaded RoutePredicateFactory [Host]
2023-09-21 08:07:17,643 INFO [main][RouteDefinitionRouteLocator.java:139] - Loaded RoutePredicateFactory [Method]
2023-09-21 08:07:17,643 INFO [main][RouteDefinitionRouteLocator.java:139] - Loaded RoutePredicateFactory [Method]
2023-09-21 08:07:17,643 INFO [main][RouteDefinitionRouteLocator.java:139] - Loaded RoutePredicateFactory [Path]
2023-09-21 08:07:17,643 INFO [main][RouteDefinitionRouteLocator.java:139] - Loaded RoutePredicateFactory [Path]
2023-09-21 08:07:17,643 INFO [main][RouteDefinitionRouteLocator.java:139] - Loaded RoutePredicateFactory [Query]
2023-09-21 08:07:17,643 INFO [main][RouteDefinitionRouteLocator.java:139] - Loaded RoutePredicateFactory [Query]
2023-09-21 08:07:17,643 INFO [main][RouteDefinitionRouteLocator.java:139] - Loaded RoutePredicateFactory [ReadBody]
2023-09-21 08:07:17,643 INFO [main][RouteDefinitionRouteLocator.java:139] - Loaded RoutePredicateFactory [ReadBody]
2023-09-21 08:07:17,644 INFO [main][RouteDefinitionRouteLocator.java:139] - Loaded RoutePredicateFactory [RemoteAddr]
2023-09-21 08:07:17,644 INFO [main][RouteDefinitionRouteLocator.java:139] - Loaded RoutePredicateFactory [RemoteAddr]
2023-09-21 08:07:17,644 INFO [main][RouteDefinitionRouteLocator.java:139] - Loaded RoutePredicateFactory [Weight]
2023-09-21 08:07:17,644 INFO [main][RouteDefinitionRouteLocator.java:139] - Loaded RoutePredicateFactory [Weight]
2023-09-21 08:07:17,644 INFO [main][RouteDefinitionRouteLocator.java:139] - Loaded RoutePredicateFactory [CloudFoundryRouteService]
2023-09-21 08:07:17,644 INFO [main][RouteDefinitionRouteLocator.java:139] - Loaded RoutePredicateFactory [CloudFoundryRouteService]
2023-09-21 08:07:17,781 INFO [main][InitUtils.java:65] - initializer namespace from System Property :null
2023-09-21 08:07:17,781 INFO [main][InitUtils.java:65] - initializer namespace from System Property :null
2023-09-21 08:07:17,782 INFO [main][InitUtils.java:74] - initializer namespace from System Environment :null
2023-09-21 08:07:17,782 INFO [main][InitUtils.java:74] - initializer namespace from System Environment :null
2023-09-21 08:07:17,782 INFO [main][InitUtils.java:84] - initializer namespace from System Property :null
2023-09-21 08:07:17,782 INFO [main][InitUtils.java:84] - initializer namespace from System Property :null
2023-09-21 08:07:17,787 DEBUG [main][NamingProxy.java:195] - server list provided by user: [192.168.101.65:8848]
2023-09-21 08:07:17,787 DEBUG [main][NamingProxy.java:195] - server list provided by user: [192.168.101.65:8848]
2023-09-21 08:07:17,787 DEBUG [com.alibaba.nacos.client.naming.updater][NamingProxy.java:195] - server list provided by user: [192.168.101.65:8848]
2023-09-21 08:07:17,787 DEBUG [com.alibaba.nacos.client.naming.updater][NamingProxy.java:195] - server list provided by user: [192.168.101.65:8848]
2023-09-21 08:07:17,791 DEBUG [com.alibaba.nacos.naming.failover][FailoverReactor.java:147] - failover switch is not found, failover00-00---000-VIPSRV_FAILOVER_SWITCH-000---00-00
2023-09-21 08:07:17,791 DEBUG [com.alibaba.nacos.naming.failover][FailoverReactor.java:147] - failover switch is not found, failover00-00---000-VIPSRV_FAILOVER_SWITCH-000---00-00
2023-09-21 08:07:18,907 INFO [main][InetUtils.java:170] - Cannot determine local hostname
2023-09-21 08:07:18,907 INFO [main][InetUtils.java:170] - Cannot determine local hostname
2023-09-21 08:07:18,968 INFO [main][EndpointLinksResolver.java:58] - Exposing 2 endpoint(s) beneath base path '/actuator'
2023-09-21 08:07:18,968 INFO [main][EndpointLinksResolver.java:58] - Exposing 2 endpoint(s) beneath base path '/actuator'
2023-09-21 08:07:19,020 INFO [main][ExecutorConfigurationSupport.java:181] - Initializing ExecutorService 'Nacos-Watch-Task-Scheduler'
2023-09-21 08:07:19,020 INFO [main][ExecutorConfigurationSupport.java:181] - Initializing ExecutorService 'Nacos-Watch-Task-Scheduler'
2023-09-21 08:07:20,233 INFO [main][InetUtils.java:170] - Cannot determine local hostname
2023-09-21 08:07:20,233 INFO [main][InetUtils.java:170] - Cannot determine local hostname
2023-09-21 08:07:20,293 WARN [main][SpringCloudSecurityAutoConfiguration.java:38] - All Spring Cloud Security modules and starters are deprecated. They will be moved to individual projects in the next major release.
2023-09-21 08:07:20,293 WARN [main][SpringCloudSecurityAutoConfiguration.java:38] - All Spring Cloud Security modules and starters are deprecated. They will be moved to individual projects in the next major release.
2023-09-21 08:07:20,346 DEBUG [main][HostReactor.java:306] - failover-mode: false
2023-09-21 08:07:20,346 DEBUG [main][HostReactor.java:306] - failover-mode: false
2023-09-21 08:07:20,348 DEBUG [main][NacosRestTemplate.java:476] - HTTP method: GET, url: http://192.168.101.65:8848/nacos/v1/ns/instance/list?app=unknown&healthyOnly=false&namespaceId=dev1010&clientIP=192.168.101.1&serviceName=learneasy-plus-project%40%40gateway&udpPort=63849&clusters=DEFAULT, body: {}
2023-09-21 08:07:20,348 DEBUG [main][NacosRestTemplate.java:476] - HTTP method: GET, url: http://192.168.101.65:8848/nacos/v1/ns/instance/list?app=unknown&healthyOnly=false&namespaceId=dev1010&clientIP=192.168.101.1&serviceName=learneasy-plus-project%40%40gateway&udpPort=63849&clusters=DEFAULT, body: {}
2023-09-21 08:07:20,804 INFO [main][SpringApplication.java:655] - The following profiles are active: dev
2023-09-21 08:07:20,804 INFO [main][SpringApplication.java:655] - The following profiles are active: dev
2023-09-21 08:07:21,421 INFO [main][GenericScope.java:295] - BeanFactory id=305a7007-3d22-3be1-875b-c13b894d4fc0
2023-09-21 08:07:21,421 INFO [main][GenericScope.java:295] - BeanFactory id=305a7007-3d22-3be1-875b-c13b894d4fc0
2023-09-21 08:07:21,689 INFO [main][TomcatWebServer.java:108] - Tomcat initialized with port(s): 63080 (http)
2023-09-21 08:07:21,689 INFO [main][TomcatWebServer.java:108] - Tomcat initialized with port(s): 63080 (http)
2023-09-21 08:07:21,698 INFO [main][DirectJDKLog.java:173] - Initializing ProtocolHandler ["http-nio-63080"]
2023-09-21 08:07:21,698 INFO [main][DirectJDKLog.java:173] - Initializing ProtocolHandler ["http-nio-63080"]
2023-09-21 08:07:21,698 INFO [main][DirectJDKLog.java:173] - Starting service [Tomcat]
2023-09-21 08:07:21,698 INFO [main][DirectJDKLog.java:173] - Starting service [Tomcat]
2023-09-21 08:07:21,699 INFO [main][DirectJDKLog.java:173] - Starting Servlet engine: [Apache Tomcat/9.0.41]
2023-09-21 08:07:21,699 INFO [main][DirectJDKLog.java:173] - Starting Servlet engine: [Apache Tomcat/9.0.41]
2023-09-21 08:07:21,825 INFO [main][DirectJDKLog.java:173] - Initializing Spring embedded WebApplicationContext
2023-09-21 08:07:21,825 INFO [main][DirectJDKLog.java:173] - Initializing Spring embedded WebApplicationContext
2023-09-21 08:07:21,825 INFO [main][ServletWebServerApplicationContext.java:285] - Root WebApplicationContext: initialization completed in 1011 ms
2023-09-21 08:07:21,825 INFO [main][ServletWebServerApplicationContext.java:285] - Root WebApplicationContext: initialization completed in 1011 ms
2023-09-21 08:07:22,408 ERROR [main][NamingProxy.java:617] - [NA] failed to request
java.net.ConnectException: Connection refused: connect
	at java.net.DualStackPlainSocketImpl.waitForConnect(Native Method)
	at java.net.DualStackPlainSocketImpl.socketConnect(DualStackPlainSocketImpl.java:81)
	at java.net.AbstractPlainSocketImpl.doConnect(AbstractPlainSocketImpl.java:476)
	at java.net.AbstractPlainSocketImpl.connectToAddress(AbstractPlainSocketImpl.java:218)
	at java.net.AbstractPlainSocketImpl.connect(AbstractPlainSocketImpl.java:200)
	at java.net.PlainSocketImpl.connect(PlainSocketImpl.java:162)
	at java.net.SocksSocketImpl.connect(SocksSocketImpl.java:394)
	at java.net.Socket.connect(Socket.java:606)
	at sun.net.NetworkClient.doConnect(NetworkClient.java:175)
	at sun.net.www.http.HttpClient.openServer(HttpClient.java:499)
	at sun.net.www.http.HttpClient.openServer(HttpClient.java:594)
	at sun.net.www.http.HttpClient.<init>(HttpClient.java:278)
	at sun.net.www.http.HttpClient.New(HttpClient.java:375)
	at sun.net.www.http.HttpClient.New(HttpClient.java:393)
	at sun.net.www.protocol.http.HttpURLConnection.getNewHttpClient(HttpURLConnection.java:1240)
	at sun.net.www.protocol.http.HttpURLConnection.plainConnect0(HttpURLConnection.java:1167)
	at sun.net.www.protocol.http.HttpURLConnection.plainConnect(HttpURLConnection.java:1061)
	at sun.net.www.protocol.http.HttpURLConnection.connect(HttpURLConnection.java:995)
	at com.alibaba.nacos.common.http.client.request.JdkHttpClientRequest.execute(JdkHttpClientRequest.java:112)
	at com.alibaba.nacos.common.http.client.NacosRestTemplate.execute(NacosRestTemplate.java:482)
	at com.alibaba.nacos.common.http.client.NacosRestTemplate.exchangeForm(NacosRestTemplate.java:427)
	at com.alibaba.nacos.client.naming.net.NamingProxy.callServer(NamingProxy.java:603)
	at com.alibaba.nacos.client.naming.net.NamingProxy.reqApi(NamingProxy.java:526)
	at com.alibaba.nacos.client.naming.net.NamingProxy.reqApi(NamingProxy.java:498)
	at com.alibaba.nacos.client.naming.net.NamingProxy.reqApi(NamingProxy.java:493)
	at com.alibaba.nacos.client.naming.net.NamingProxy.queryList(NamingProxy.java:407)
	at com.alibaba.nacos.client.naming.core.HostReactor.updateService(HostReactor.java:382)
	at com.alibaba.nacos.client.naming.core.HostReactor.updateServiceNow(HostReactor.java:345)
	at com.alibaba.nacos.client.naming.core.HostReactor.getServiceInfo(HostReactor.java:320)
	at com.alibaba.nacos.client.naming.core.HostReactor.subscribe(HostReactor.java:139)
	at com.alibaba.nacos.client.naming.NacosNamingService.subscribe(NacosNamingService.java:457)
	at com.alibaba.cloud.nacos.discovery.NacosWatch.start(NacosWatch.java:131)
	at org.springframework.context.support.DefaultLifecycleProcessor.doStart(DefaultLifecycleProcessor.java:182)
	at org.springframework.context.support.DefaultLifecycleProcessor.access$200(DefaultLifecycleProcessor.java:53)
	at org.springframework.context.support.DefaultLifecycleProcessor$LifecycleGroup.start(DefaultLifecycleProcessor.java:360)
	at org.springframework.context.support.DefaultLifecycleProcessor.startBeans(DefaultLifecycleProcessor.java:158)
	at org.springframework.context.support.DefaultLifecycleProcessor.onRefresh(DefaultLifecycleProcessor.java:122)
	at org.springframework.context.support.AbstractApplicationContext.finishRefresh(AbstractApplicationContext.java:895)
	at org.springframework.context.support.AbstractApplicationContext.refresh(AbstractApplicationContext.java:554)
	at org.springframework.boot.web.reactive.context.ReactiveWebServerApplicationContext.refresh(ReactiveWebServerApplicationContext.java:62)
	at org.springframework.boot.SpringApplication.refresh(SpringApplication.java:758)
	at org.springframework.boot.SpringApplication.refresh(SpringApplication.java:750)
	at org.springframework.boot.SpringApplication.refreshContext(SpringApplication.java:405)
	at org.springframework.boot.SpringApplication.run(SpringApplication.java:315)
	at org.springframework.boot.SpringApplication.run(SpringApplication.java:1237)
	at org.springframework.boot.SpringApplication.run(SpringApplication.java:1226)
	at com.learneasy.GatewayApplication.main(GatewayApplication.java:10)
2023-09-21 08:07:22,414 DEBUG [main][NamingProxy.java:530] - request 192.168.101.65:8848 failed.
ErrCode:500, ErrMsg:Connection refused: connect
	at com.alibaba.nacos.client.naming.net.NamingProxy.callServer(NamingProxy.java:618)
	at com.alibaba.nacos.client.naming.net.NamingProxy.reqApi(NamingProxy.java:526)
	at com.alibaba.nacos.client.naming.net.NamingProxy.reqApi(NamingProxy.java:498)
	at com.alibaba.nacos.client.naming.net.NamingProxy.reqApi(NamingProxy.java:493)
	at com.alibaba.nacos.client.naming.net.NamingProxy.queryList(NamingProxy.java:407)
	at com.alibaba.nacos.client.naming.core.HostReactor.updateService(HostReactor.java:382)
	at com.alibaba.nacos.client.naming.core.HostReactor.updateServiceNow(HostReactor.java:345)
	at com.alibaba.nacos.client.naming.core.HostReactor.getServiceInfo(HostReactor.java:320)
	at com.alibaba.nacos.client.naming.core.HostReactor.subscribe(HostReactor.java:139)
	at com.alibaba.nacos.client.naming.NacosNamingService.subscribe(NacosNamingService.java:457)
	at com.alibaba.cloud.nacos.discovery.NacosWatch.start(NacosWatch.java:131)
	at org.springframework.context.support.DefaultLifecycleProcessor.doStart(DefaultLifecycleProcessor.java:182)
	at org.springframework.context.support.DefaultLifecycleProcessor.access$200(DefaultLifecycleProcessor.java:53)
	at org.springframework.context.support.DefaultLifecycleProcessor$LifecycleGroup.start(DefaultLifecycleProcessor.java:360)
	at org.springframework.context.support.DefaultLifecycleProcessor.startBeans(DefaultLifecycleProcessor.java:158)
	at org.springframework.context.support.DefaultLifecycleProcessor.onRefresh(DefaultLifecycleProcessor.java:122)
	at org.springframework.context.support.AbstractApplicationContext.finishRefresh(AbstractApplicationContext.java:895)
	at org.springframework.context.support.AbstractApplicationContext.refresh(AbstractApplicationContext.java:554)
	at org.springframework.boot.web.reactive.context.ReactiveWebServerApplicationContext.refresh(ReactiveWebServerApplicationContext.java:62)
	at org.springframework.boot.SpringApplication.refresh(SpringApplication.java:758)
	at org.springframework.boot.SpringApplication.refresh(SpringApplication.java:750)
	at org.springframework.boot.SpringApplication.refreshContext(SpringApplication.java:405)
	at org.springframework.boot.SpringApplication.run(SpringApplication.java:315)
	at org.springframework.boot.SpringApplication.run(SpringApplication.java:1237)
	at org.springframework.boot.SpringApplication.run(SpringApplication.java:1226)
	at com.learneasy.GatewayApplication.main(GatewayApplication.java:10)
Caused by: java.net.ConnectException: Connection refused: connect
	at java.net.DualStackPlainSocketImpl.waitForConnect(Native Method)
	at java.net.DualStackPlainSocketImpl.socketConnect(DualStackPlainSocketImpl.java:81)
	at java.net.AbstractPlainSocketImpl.doConnect(AbstractPlainSocketImpl.java:476)
	at java.net.AbstractPlainSocketImpl.connectToAddress(AbstractPlainSocketImpl.java:218)
	at java.net.AbstractPlainSocketImpl.connect(AbstractPlainSocketImpl.java:200)
	at java.net.PlainSocketImpl.connect(PlainSocketImpl.java:162)
	at java.net.SocksSocketImpl.connect(SocksSocketImpl.java:394)
	at java.net.Socket.connect(Socket.java:606)
	at sun.net.NetworkClient.doConnect(NetworkClient.java:175)
	at sun.net.www.http.HttpClient.openServer(HttpClient.java:499)
	at sun.net.www.http.HttpClient.openServer(HttpClient.java:594)
	at sun.net.www.http.HttpClient.<init>(HttpClient.java:278)
	at sun.net.www.http.HttpClient.New(HttpClient.java:375)
	at sun.net.www.http.HttpClient.New(HttpClient.java:393)
	at sun.net.www.protocol.http.HttpURLConnection.getNewHttpClient(HttpURLConnection.java:1240)
	at sun.net.www.protocol.http.HttpURLConnection.plainConnect0(HttpURLConnection.java:1167)
	at sun.net.www.protocol.http.HttpURLConnection.plainConnect(HttpURLConnection.java:1061)
	at sun.net.www.protocol.http.HttpURLConnection.connect(HttpURLConnection.java:995)
	at com.alibaba.nacos.common.http.client.request.JdkHttpClientRequest.execute(JdkHttpClientRequest.java:112)
	at com.alibaba.nacos.common.http.client.NacosRestTemplate.execute(NacosRestTemplate.java:482)
	at com.alibaba.nacos.common.http.client.NacosRestTemplate.exchangeForm(NacosRestTemplate.java:427)
	at com.alibaba.nacos.client.naming.net.NamingProxy.callServer(NamingProxy.java:603)
	... 25 more
2023-09-21 08:07:22,417 DEBUG [main][NacosRestTemplate.java:476] - HTTP method: GET, url: http://192.168.101.65:8848/nacos/v1/ns/instance/list?app=unknown&healthyOnly=false&namespaceId=dev1010&clientIP=192.168.101.1&serviceName=learneasy-plus-project%40%40gateway&udpPort=63849&clusters=DEFAULT, body: {}
2023-09-21 08:07:22,408 ERROR [main][NamingProxy.java:617] - [NA] failed to request
java.net.ConnectException: Connection refused: connect
	at java.net.DualStackPlainSocketImpl.waitForConnect(Native Method)
	at java.net.DualStackPlainSocketImpl.socketConnect(DualStackPlainSocketImpl.java:81)
	at java.net.AbstractPlainSocketImpl.doConnect(AbstractPlainSocketImpl.java:476)
	at java.net.AbstractPlainSocketImpl.connectToAddress(AbstractPlainSocketImpl.java:218)
	at java.net.AbstractPlainSocketImpl.connect(AbstractPlainSocketImpl.java:200)
	at java.net.PlainSocketImpl.connect(PlainSocketImpl.java:162)
	at java.net.SocksSocketImpl.connect(SocksSocketImpl.java:394)
	at java.net.Socket.connect(Socket.java:606)
	at sun.net.NetworkClient.doConnect(NetworkClient.java:175)
	at sun.net.www.http.HttpClient.openServer(HttpClient.java:499)
	at sun.net.www.http.HttpClient.openServer(HttpClient.java:594)
	at sun.net.www.http.HttpClient.<init>(HttpClient.java:278)
	at sun.net.www.http.HttpClient.New(HttpClient.java:375)
	at sun.net.www.http.HttpClient.New(HttpClient.java:393)
	at sun.net.www.protocol.http.HttpURLConnection.getNewHttpClient(HttpURLConnection.java:1240)
	at sun.net.www.protocol.http.HttpURLConnection.plainConnect0(HttpURLConnection.java:1167)
	at sun.net.www.protocol.http.HttpURLConnection.plainConnect(HttpURLConnection.java:1061)
	at sun.net.www.protocol.http.HttpURLConnection.connect(HttpURLConnection.java:995)
	at com.alibaba.nacos.common.http.client.request.JdkHttpClientRequest.execute(JdkHttpClientRequest.java:112)
	at com.alibaba.nacos.common.http.client.NacosRestTemplate.execute(NacosRestTemplate.java:482)
	at com.alibaba.nacos.common.http.client.NacosRestTemplate.exchangeForm(NacosRestTemplate.java:427)
	at com.alibaba.nacos.client.naming.net.NamingProxy.callServer(NamingProxy.java:603)
	at com.alibaba.nacos.client.naming.net.NamingProxy.reqApi(NamingProxy.java:526)
	at com.alibaba.nacos.client.naming.net.NamingProxy.reqApi(NamingProxy.java:498)
	at com.alibaba.nacos.client.naming.net.NamingProxy.reqApi(NamingProxy.java:493)
	at com.alibaba.nacos.client.naming.net.NamingProxy.queryList(NamingProxy.java:407)
	at com.alibaba.nacos.client.naming.core.HostReactor.updateService(HostReactor.java:382)
	at com.alibaba.nacos.client.naming.core.HostReactor.updateServiceNow(HostReactor.java:345)
	at com.alibaba.nacos.client.naming.core.HostReactor.getServiceInfo(HostReactor.java:320)
	at com.alibaba.nacos.client.naming.core.HostReactor.subscribe(HostReactor.java:139)
	at com.alibaba.nacos.client.naming.NacosNamingService.subscribe(NacosNamingService.java:457)
	at com.alibaba.cloud.nacos.discovery.NacosWatch.start(NacosWatch.java:131)
	at org.springframework.context.support.DefaultLifecycleProcessor.doStart(DefaultLifecycleProcessor.java:182)
	at org.springframework.context.support.DefaultLifecycleProcessor.access$200(DefaultLifecycleProcessor.java:53)
	at org.springframework.context.support.DefaultLifecycleProcessor$LifecycleGroup.start(DefaultLifecycleProcessor.java:360)
	at org.springframework.context.support.DefaultLifecycleProcessor.startBeans(DefaultLifecycleProcessor.java:158)
	at org.springframework.context.support.DefaultLifecycleProcessor.onRefresh(DefaultLifecycleProcessor.java:122)
	at org.springframework.context.support.AbstractApplicationContext.finishRefresh(AbstractApplicationContext.java:895)
	at org.springframework.context.support.AbstractApplicationContext.refresh(AbstractApplicationContext.java:554)
	at org.springframework.boot.web.reactive.context.ReactiveWebServerApplicationContext.refresh(ReactiveWebServerApplicationContext.java:62)
	at org.springframework.boot.SpringApplication.refresh(SpringApplication.java:758)
	at org.springframework.boot.SpringApplication.refresh(SpringApplication.java:750)
	at org.springframework.boot.SpringApplication.refreshContext(SpringApplication.java:405)
	at org.springframework.boot.SpringApplication.run(SpringApplication.java:315)
	at org.springframework.boot.SpringApplication.run(SpringApplication.java:1237)
	at org.springframework.boot.SpringApplication.run(SpringApplication.java:1226)
	at com.learneasy.GatewayApplication.main(GatewayApplication.java:10)
2023-09-21 08:07:22,414 DEBUG [main][NamingProxy.java:530] - request 192.168.101.65:8848 failed.
ErrCode:500, ErrMsg:Connection refused: connect
	at com.alibaba.nacos.client.naming.net.NamingProxy.callServer(NamingProxy.java:618)
	at com.alibaba.nacos.client.naming.net.NamingProxy.reqApi(NamingProxy.java:526)
	at com.alibaba.nacos.client.naming.net.NamingProxy.reqApi(NamingProxy.java:498)
	at com.alibaba.nacos.client.naming.net.NamingProxy.reqApi(NamingProxy.java:493)
	at com.alibaba.nacos.client.naming.net.NamingProxy.queryList(NamingProxy.java:407)
	at com.alibaba.nacos.client.naming.core.HostReactor.updateService(HostReactor.java:382)
	at com.alibaba.nacos.client.naming.core.HostReactor.updateServiceNow(HostReactor.java:345)
	at com.alibaba.nacos.client.naming.core.HostReactor.getServiceInfo(HostReactor.java:320)
	at com.alibaba.nacos.client.naming.core.HostReactor.subscribe(HostReactor.java:139)
	at com.alibaba.nacos.client.naming.NacosNamingService.subscribe(NacosNamingService.java:457)
	at com.alibaba.cloud.nacos.discovery.NacosWatch.start(NacosWatch.java:131)
	at org.springframework.context.support.DefaultLifecycleProcessor.doStart(DefaultLifecycleProcessor.java:182)
	at org.springframework.context.support.DefaultLifecycleProcessor.access$200(DefaultLifecycleProcessor.java:53)
	at org.springframework.context.support.DefaultLifecycleProcessor$LifecycleGroup.start(DefaultLifecycleProcessor.java:360)
	at org.springframework.context.support.DefaultLifecycleProcessor.startBeans(DefaultLifecycleProcessor.java:158)
	at org.springframework.context.support.DefaultLifecycleProcessor.onRefresh(DefaultLifecycleProcessor.java:122)
	at org.springframework.context.support.AbstractApplicationContext.finishRefresh(AbstractApplicationContext.java:895)
	at org.springframework.context.support.AbstractApplicationContext.refresh(AbstractApplicationContext.java:554)
	at org.springframework.boot.web.reactive.context.ReactiveWebServerApplicationContext.refresh(ReactiveWebServerApplicationContext.java:62)
	at org.springframework.boot.SpringApplication.refresh(SpringApplication.java:758)
	at org.springframework.boot.SpringApplication.refresh(SpringApplication.java:750)
	at org.springframework.boot.SpringApplication.refreshContext(SpringApplication.java:405)
	at org.springframework.boot.SpringApplication.run(SpringApplication.java:315)
	at org.springframework.boot.SpringApplication.run(SpringApplication.java:1237)
	at org.springframework.boot.SpringApplication.run(SpringApplication.java:1226)
	at com.learneasy.GatewayApplication.main(GatewayApplication.java:10)
Caused by: java.net.ConnectException: Connection refused: connect
	at java.net.DualStackPlainSocketImpl.waitForConnect(Native Method)
	at java.net.DualStackPlainSocketImpl.socketConnect(DualStackPlainSocketImpl.java:81)
	at java.net.AbstractPlainSocketImpl.doConnect(AbstractPlainSocketImpl.java:476)
	at java.net.AbstractPlainSocketImpl.connectToAddress(AbstractPlainSocketImpl.java:218)
	at java.net.AbstractPlainSocketImpl.connect(AbstractPlainSocketImpl.java:200)
	at java.net.PlainSocketImpl.connect(PlainSocketImpl.java:162)
	at java.net.SocksSocketImpl.connect(SocksSocketImpl.java:394)
	at java.net.Socket.connect(Socket.java:606)
	at sun.net.NetworkClient.doConnect(NetworkClient.java:175)
	at sun.net.www.http.HttpClient.openServer(HttpClient.java:499)
	at sun.net.www.http.HttpClient.openServer(HttpClient.java:594)
	at sun.net.www.http.HttpClient.<init>(HttpClient.java:278)
	at sun.net.www.http.HttpClient.New(HttpClient.java:375)
	at sun.net.www.http.HttpClient.New(HttpClient.java:393)
	at sun.net.www.protocol.http.HttpURLConnection.getNewHttpClient(HttpURLConnection.java:1240)
	at sun.net.www.protocol.http.HttpURLConnection.plainConnect0(HttpURLConnection.java:1167)
	at sun.net.www.protocol.http.HttpURLConnection.plainConnect(HttpURLConnection.java:1061)
	at sun.net.www.protocol.http.HttpURLConnection.connect(HttpURLConnection.java:995)
	at com.alibaba.nacos.common.http.client.request.JdkHttpClientRequest.execute(JdkHttpClientRequest.java:112)
	at com.alibaba.nacos.common.http.client.NacosRestTemplate.execute(NacosRestTemplate.java:482)
	at com.alibaba.nacos.common.http.client.NacosRestTemplate.exchangeForm(NacosRestTemplate.java:427)
	at com.alibaba.nacos.client.naming.net.NamingProxy.callServer(NamingProxy.java:603)
	... 25 more
2023-09-21 08:07:22,417 DEBUG [main][NacosRestTemplate.java:476] - HTTP method: GET, url: http://192.168.101.65:8848/nacos/v1/ns/instance/list?app=unknown&healthyOnly=false&namespaceId=dev1010&clientIP=192.168.101.1&serviceName=learneasy-plus-project%40%40gateway&udpPort=63849&clusters=DEFAULT, body: {}
2023-09-21 08:07:22,527 WARN [main][URLConfigurationSource.java:121] - No URLs will be polled as dynamic configuration sources.
2023-09-21 08:07:22,527 WARN [main][URLConfigurationSource.java:121] - No URLs will be polled as dynamic configuration sources.
2023-09-21 08:07:22,527 INFO [main][URLConfigurationSource.java:122] - To enable URLs as dynamic configuration sources, define System property archaius.configurationSource.additionalUrls or make config.properties available on classpath.
2023-09-21 08:07:22,527 INFO [main][URLConfigurationSource.java:122] - To enable URLs as dynamic configuration sources, define System property archaius.configurationSource.additionalUrls or make config.properties available on classpath.
2023-09-21 08:07:22,530 WARN [main][URLConfigurationSource.java:121] - No URLs will be polled as dynamic configuration sources.
2023-09-21 08:07:22,530 WARN [main][URLConfigurationSource.java:121] - No URLs will be polled as dynamic configuration sources.
2023-09-21 08:07:22,530 INFO [main][URLConfigurationSource.java:122] - To enable URLs as dynamic configuration sources, define System property archaius.configurationSource.additionalUrls or make config.properties available on classpath.
2023-09-21 08:07:22,530 INFO [main][URLConfigurationSource.java:122] - To enable URLs as dynamic configuration sources, define System property archaius.configurationSource.additionalUrls or make config.properties available on classpath.
2023-09-21 08:07:22,546 DEBUG [main][ResourceBundleMessageInterpolator.java:172] - Loaded expression factory via original TCCL
2023-09-21 08:07:22,546 DEBUG [main][ResourceBundleMessageInterpolator.java:172] - Loaded expression factory via original TCCL
2023-09-21 08:07:22,548 DEBUG [main][AbstractConfigurationImpl.java:171] - Setting custom MessageInterpolator of type org.springframework.validation.beanvalidation.LocaleContextMessageInterpolator
2023-09-21 08:07:22,548 DEBUG [main][AbstractConfigurationImpl.java:171] - Setting custom MessageInterpolator of type org.springframework.validation.beanvalidation.LocaleContextMessageInterpolator
2023-09-21 08:07:22,549 DEBUG [main][AbstractConfigurationImpl.java:203] - Setting custom ConstraintValidatorFactory of type org.springframework.validation.beanvalidation.SpringConstraintValidatorFactory
2023-09-21 08:07:22,549 DEBUG [main][AbstractConfigurationImpl.java:203] - Setting custom ConstraintValidatorFactory of type org.springframework.validation.beanvalidation.SpringConstraintValidatorFactory
2023-09-21 08:07:22,549 DEBUG [main][AbstractConfigurationImpl.java:217] - Setting custom ParameterNameProvider of type org.springframework.validation.beanvalidation.LocalValidatorFactoryBean$1
2023-09-21 08:07:22,549 DEBUG [main][AbstractConfigurationImpl.java:217] - Setting custom ParameterNameProvider of type org.springframework.validation.beanvalidation.LocalValidatorFactoryBean$1
2023-09-21 08:07:22,550 DEBUG [main][ValidationXmlParser.java:120] - Trying to load META-INF/validation.xml for XML based Validator configuration.
2023-09-21 08:07:22,550 DEBUG [main][ValidationXmlParser.java:120] - Trying to load META-INF/validation.xml for XML based Validator configuration.
2023-09-21 08:07:22,551 DEBUG [main][ResourceLoaderHelper.java:53] - Trying to load META-INF/validation.xml via user class loader
2023-09-21 08:07:22,551 DEBUG [main][ResourceLoaderHelper.java:53] - Trying to load META-INF/validation.xml via user class loader
2023-09-21 08:07:22,551 DEBUG [main][ResourceLoaderHelper.java:60] - Trying to load META-INF/validation.xml via TCCL
2023-09-21 08:07:22,551 DEBUG [main][ResourceLoaderHelper.java:60] - Trying to load META-INF/validation.xml via TCCL
2023-09-21 08:07:22,551 DEBUG [main][ResourceLoaderHelper.java:66] - Trying to load META-INF/validation.xml via Hibernate Validator's class loader
2023-09-21 08:07:22,551 DEBUG [main][ResourceLoaderHelper.java:66] - Trying to load META-INF/validation.xml via Hibernate Validator's class loader
2023-09-21 08:07:22,551 DEBUG [main][ValidationXmlParser.java:127] - No META-INF/validation.xml found. Using annotation based configuration only.
2023-09-21 08:07:22,551 DEBUG [main][ValidationXmlParser.java:127] - No META-INF/validation.xml found. Using annotation based configuration only.
2023-09-21 08:07:22,552 DEBUG [main][TraversableResolvers.java:60] - Cannot find javax.persistence.Persistence on classpath. Assuming non JPA 2 environment. All properties will per default be traversable.
2023-09-21 08:07:22,552 DEBUG [main][TraversableResolvers.java:60] - Cannot find javax.persistence.Persistence on classpath. Assuming non JPA 2 environment. All properties will per default be traversable.
2023-09-21 08:07:22,553 DEBUG [main][ValidatorFactoryConfigurationHelper.java:300] - HV000252: Using org.hibernate.validator.internal.engine.DefaultPropertyNodeNameProvider as property node name provider.
2023-09-21 08:07:22,553 DEBUG [main][ValidatorFactoryConfigurationHelper.java:300] - HV000252: Using org.hibernate.validator.internal.engine.DefaultPropertyNodeNameProvider as property node name provider.
2023-09-21 08:07:22,554 DEBUG [main][ValidatorFactoryConfigurationHelper.java:375] - HV000234: Using org.springframework.validation.beanvalidation.LocaleContextMessageInterpolator as ValidatorFactory-scoped message interpolator.
2023-09-21 08:07:22,554 DEBUG [main][ValidatorFactoryConfigurationHelper.java:375] - HV000234: Using org.springframework.validation.beanvalidation.LocaleContextMessageInterpolator as ValidatorFactory-scoped message interpolator.
2023-09-21 08:07:22,554 DEBUG [main][ValidatorFactoryConfigurationHelper.java:376] - HV000234: Using org.hibernate.validator.internal.engine.resolver.TraverseAllTraversableResolver as ValidatorFactory-scoped traversable resolver.
2023-09-21 08:07:22,554 DEBUG [main][ValidatorFactoryConfigurationHelper.java:376] - HV000234: Using org.hibernate.validator.internal.engine.resolver.TraverseAllTraversableResolver as ValidatorFactory-scoped traversable resolver.
2023-09-21 08:07:22,554 DEBUG [main][ValidatorFactoryConfigurationHelper.java:377] - HV000234: Using org.hibernate.validator.internal.util.ExecutableParameterNameProvider as ValidatorFactory-scoped parameter name provider.
2023-09-21 08:07:22,554 DEBUG [main][ValidatorFactoryConfigurationHelper.java:377] - HV000234: Using org.hibernate.validator.internal.util.ExecutableParameterNameProvider as ValidatorFactory-scoped parameter name provider.
2023-09-21 08:07:22,554 DEBUG [main][ValidatorFactoryConfigurationHelper.java:378] - HV000234: Using org.hibernate.validator.internal.engine.DefaultClockProvider as ValidatorFactory-scoped clock provider.
2023-09-21 08:07:22,554 DEBUG [main][ValidatorFactoryConfigurationHelper.java:378] - HV000234: Using org.hibernate.validator.internal.engine.DefaultClockProvider as ValidatorFactory-scoped clock provider.
2023-09-21 08:07:22,554 DEBUG [main][ValidatorFactoryConfigurationHelper.java:379] - HV000234: Using org.hibernate.validator.internal.engine.scripting.DefaultScriptEvaluatorFactory as ValidatorFactory-scoped script evaluator factory.
2023-09-21 08:07:22,554 DEBUG [main][ValidatorFactoryConfigurationHelper.java:379] - HV000234: Using org.hibernate.validator.internal.engine.scripting.DefaultScriptEvaluatorFactory as ValidatorFactory-scoped script evaluator factory.
2023-09-21 08:07:22,680 INFO [main][ExecutorConfigurationSupport.java:181] - Initializing ExecutorService 'applicationTaskExecutor'
2023-09-21 08:07:22,680 INFO [main][ExecutorConfigurationSupport.java:181] - Initializing ExecutorService 'applicationTaskExecutor'
2023-09-21 08:07:22,793 DEBUG [com.alibaba.nacos.naming.failover][FailoverReactor.java:147] - failover switch is not found, failover00-00---000-VIPSRV_FAILOVER_SWITCH-000---00-00
2023-09-21 08:07:22,793 DEBUG [com.alibaba.nacos.naming.failover][FailoverReactor.java:147] - failover switch is not found, failover00-00---000-VIPSRV_FAILOVER_SWITCH-000---00-00
2023-09-21 08:07:23,925 INFO [main][InetUtils.java:170] - Cannot determine local hostname
2023-09-21 08:07:23,925 INFO [main][InetUtils.java:170] - Cannot determine local hostname
2023-09-21 08:07:23,935 INFO [main][ExecutorConfigurationSupport.java:181] - Initializing ExecutorService 'Nacos-Watch-Task-Scheduler'
2023-09-21 08:07:23,935 INFO [main][ExecutorConfigurationSupport.java:181] - Initializing ExecutorService 'Nacos-Watch-Task-Scheduler'
2023-09-21 08:07:24,439 ERROR [main][NamingProxy.java:617] - [NA] failed to request
java.net.ConnectException: Connection refused: connect
	at java.net.DualStackPlainSocketImpl.waitForConnect(Native Method)
	at java.net.DualStackPlainSocketImpl.socketConnect(DualStackPlainSocketImpl.java:81)
	at java.net.AbstractPlainSocketImpl.doConnect(AbstractPlainSocketImpl.java:476)
	at java.net.AbstractPlainSocketImpl.connectToAddress(AbstractPlainSocketImpl.java:218)
	at java.net.AbstractPlainSocketImpl.connect(AbstractPlainSocketImpl.java:200)
	at java.net.PlainSocketImpl.connect(PlainSocketImpl.java:162)
	at java.net.SocksSocketImpl.connect(SocksSocketImpl.java:394)
	at java.net.Socket.connect(Socket.java:606)
	at sun.net.NetworkClient.doConnect(NetworkClient.java:175)
	at sun.net.www.http.HttpClient.openServer(HttpClient.java:499)
	at sun.net.www.http.HttpClient.openServer(HttpClient.java:594)
	at sun.net.www.http.HttpClient.<init>(HttpClient.java:278)
	at sun.net.www.http.HttpClient.New(HttpClient.java:375)
	at sun.net.www.http.HttpClient.New(HttpClient.java:393)
	at sun.net.www.protocol.http.HttpURLConnection.getNewHttpClient(HttpURLConnection.java:1240)
	at sun.net.www.protocol.http.HttpURLConnection.plainConnect0(HttpURLConnection.java:1167)
	at sun.net.www.protocol.http.HttpURLConnection.plainConnect(HttpURLConnection.java:1061)
	at sun.net.www.protocol.http.HttpURLConnection.connect(HttpURLConnection.java:995)
	at com.alibaba.nacos.common.http.client.request.JdkHttpClientRequest.execute(JdkHttpClientRequest.java:112)
	at com.alibaba.nacos.common.http.client.NacosRestTemplate.execute(NacosRestTemplate.java:482)
	at com.alibaba.nacos.common.http.client.NacosRestTemplate.exchangeForm(NacosRestTemplate.java:427)
	at com.alibaba.nacos.client.naming.net.NamingProxy.callServer(NamingProxy.java:603)
	at com.alibaba.nacos.client.naming.net.NamingProxy.reqApi(NamingProxy.java:526)
	at com.alibaba.nacos.client.naming.net.NamingProxy.reqApi(NamingProxy.java:498)
	at com.alibaba.nacos.client.naming.net.NamingProxy.reqApi(NamingProxy.java:493)
	at com.alibaba.nacos.client.naming.net.NamingProxy.queryList(NamingProxy.java:407)
	at com.alibaba.nacos.client.naming.core.HostReactor.updateService(HostReactor.java:382)
	at com.alibaba.nacos.client.naming.core.HostReactor.updateServiceNow(HostReactor.java:345)
	at com.alibaba.nacos.client.naming.core.HostReactor.getServiceInfo(HostReactor.java:320)
	at com.alibaba.nacos.client.naming.core.HostReactor.subscribe(HostReactor.java:139)
	at com.alibaba.nacos.client.naming.NacosNamingService.subscribe(NacosNamingService.java:457)
	at com.alibaba.cloud.nacos.discovery.NacosWatch.start(NacosWatch.java:131)
	at org.springframework.context.support.DefaultLifecycleProcessor.doStart(DefaultLifecycleProcessor.java:182)
	at org.springframework.context.support.DefaultLifecycleProcessor.access$200(DefaultLifecycleProcessor.java:53)
	at org.springframework.context.support.DefaultLifecycleProcessor$LifecycleGroup.start(DefaultLifecycleProcessor.java:360)
	at org.springframework.context.support.DefaultLifecycleProcessor.startBeans(DefaultLifecycleProcessor.java:158)
	at org.springframework.context.support.DefaultLifecycleProcessor.onRefresh(DefaultLifecycleProcessor.java:122)
	at org.springframework.context.support.AbstractApplicationContext.finishRefresh(AbstractApplicationContext.java:895)
	at org.springframework.context.support.AbstractApplicationContext.refresh(AbstractApplicationContext.java:554)
	at org.springframework.boot.web.reactive.context.ReactiveWebServerApplicationContext.refresh(ReactiveWebServerApplicationContext.java:62)
	at org.springframework.boot.SpringApplication.refresh(SpringApplication.java:758)
	at org.springframework.boot.SpringApplication.refresh(SpringApplication.java:750)
	at org.springframework.boot.SpringApplication.refreshContext(SpringApplication.java:405)
	at org.springframework.boot.SpringApplication.run(SpringApplication.java:315)
	at org.springframework.boot.SpringApplication.run(SpringApplication.java:1237)
	at org.springframework.boot.SpringApplication.run(SpringApplication.java:1226)
	at com.learneasy.GatewayApplication.main(GatewayApplication.java:10)
2023-09-21 08:07:24,439 ERROR [main][NamingProxy.java:617] - [NA] failed to request
java.net.ConnectException: Connection refused: connect
	at java.net.DualStackPlainSocketImpl.waitForConnect(Native Method)
	at java.net.DualStackPlainSocketImpl.socketConnect(DualStackPlainSocketImpl.java:81)
	at java.net.AbstractPlainSocketImpl.doConnect(AbstractPlainSocketImpl.java:476)
	at java.net.AbstractPlainSocketImpl.connectToAddress(AbstractPlainSocketImpl.java:218)
	at java.net.AbstractPlainSocketImpl.connect(AbstractPlainSocketImpl.java:200)
	at java.net.PlainSocketImpl.connect(PlainSocketImpl.java:162)
	at java.net.SocksSocketImpl.connect(SocksSocketImpl.java:394)
	at java.net.Socket.connect(Socket.java:606)
	at sun.net.NetworkClient.doConnect(NetworkClient.java:175)
	at sun.net.www.http.HttpClient.openServer(HttpClient.java:499)
	at sun.net.www.http.HttpClient.openServer(HttpClient.java:594)
	at sun.net.www.http.HttpClient.<init>(HttpClient.java:278)
	at sun.net.www.http.HttpClient.New(HttpClient.java:375)
	at sun.net.www.http.HttpClient.New(HttpClient.java:393)
	at sun.net.www.protocol.http.HttpURLConnection.getNewHttpClient(HttpURLConnection.java:1240)
	at sun.net.www.protocol.http.HttpURLConnection.plainConnect0(HttpURLConnection.java:1167)
	at sun.net.www.protocol.http.HttpURLConnection.plainConnect(HttpURLConnection.java:1061)
	at sun.net.www.protocol.http.HttpURLConnection.connect(HttpURLConnection.java:995)
	at com.alibaba.nacos.common.http.client.request.JdkHttpClientRequest.execute(JdkHttpClientRequest.java:112)
	at com.alibaba.nacos.common.http.client.NacosRestTemplate.execute(NacosRestTemplate.java:482)
	at com.alibaba.nacos.common.http.client.NacosRestTemplate.exchangeForm(NacosRestTemplate.java:427)
	at com.alibaba.nacos.client.naming.net.NamingProxy.callServer(NamingProxy.java:603)
	at com.alibaba.nacos.client.naming.net.NamingProxy.reqApi(NamingProxy.java:526)
	at com.alibaba.nacos.client.naming.net.NamingProxy.reqApi(NamingProxy.java:498)
	at com.alibaba.nacos.client.naming.net.NamingProxy.reqApi(NamingProxy.java:493)
	at com.alibaba.nacos.client.naming.net.NamingProxy.queryList(NamingProxy.java:407)
	at com.alibaba.nacos.client.naming.core.HostReactor.updateService(HostReactor.java:382)
	at com.alibaba.nacos.client.naming.core.HostReactor.updateServiceNow(HostReactor.java:345)
	at com.alibaba.nacos.client.naming.core.HostReactor.getServiceInfo(HostReactor.java:320)
	at com.alibaba.nacos.client.naming.core.HostReactor.subscribe(HostReactor.java:139)
	at com.alibaba.nacos.client.naming.NacosNamingService.subscribe(NacosNamingService.java:457)
	at com.alibaba.cloud.nacos.discovery.NacosWatch.start(NacosWatch.java:131)
	at org.springframework.context.support.DefaultLifecycleProcessor.doStart(DefaultLifecycleProcessor.java:182)
	at org.springframework.context.support.DefaultLifecycleProcessor.access$200(DefaultLifecycleProcessor.java:53)
	at org.springframework.context.support.DefaultLifecycleProcessor$LifecycleGroup.start(DefaultLifecycleProcessor.java:360)
	at org.springframework.context.support.DefaultLifecycleProcessor.startBeans(DefaultLifecycleProcessor.java:158)
	at org.springframework.context.support.DefaultLifecycleProcessor.onRefresh(DefaultLifecycleProcessor.java:122)
	at org.springframework.context.support.AbstractApplicationContext.finishRefresh(AbstractApplicationContext.java:895)
	at org.springframework.context.support.AbstractApplicationContext.refresh(AbstractApplicationContext.java:554)
	at org.springframework.boot.web.reactive.context.ReactiveWebServerApplicationContext.refresh(ReactiveWebServerApplicationContext.java:62)
	at org.springframework.boot.SpringApplication.refresh(SpringApplication.java:758)
	at org.springframework.boot.SpringApplication.refresh(SpringApplication.java:750)
	at org.springframework.boot.SpringApplication.refreshContext(SpringApplication.java:405)
	at org.springframework.boot.SpringApplication.run(SpringApplication.java:315)
	at org.springframework.boot.SpringApplication.run(SpringApplication.java:1237)
	at org.springframework.boot.SpringApplication.run(SpringApplication.java:1226)
	at com.learneasy.GatewayApplication.main(GatewayApplication.java:10)
2023-09-21 08:07:24,440 DEBUG [main][NamingProxy.java:530] - request 192.168.101.65:8848 failed.
ErrCode:500, ErrMsg:Connection refused: connect
	at com.alibaba.nacos.client.naming.net.NamingProxy.callServer(NamingProxy.java:618)
	at com.alibaba.nacos.client.naming.net.NamingProxy.reqApi(NamingProxy.java:526)
	at com.alibaba.nacos.client.naming.net.NamingProxy.reqApi(NamingProxy.java:498)
	at com.alibaba.nacos.client.naming.net.NamingProxy.reqApi(NamingProxy.java:493)
	at com.alibaba.nacos.client.naming.net.NamingProxy.queryList(NamingProxy.java:407)
	at com.alibaba.nacos.client.naming.core.HostReactor.updateService(HostReactor.java:382)
	at com.alibaba.nacos.client.naming.core.HostReactor.updateServiceNow(HostReactor.java:345)
	at com.alibaba.nacos.client.naming.core.HostReactor.getServiceInfo(HostReactor.java:320)
	at com.alibaba.nacos.client.naming.core.HostReactor.subscribe(HostReactor.java:139)
	at com.alibaba.nacos.client.naming.NacosNamingService.subscribe(NacosNamingService.java:457)
	at com.alibaba.cloud.nacos.discovery.NacosWatch.start(NacosWatch.java:131)
	at org.springframework.context.support.DefaultLifecycleProcessor.doStart(DefaultLifecycleProcessor.java:182)
	at org.springframework.context.support.DefaultLifecycleProcessor.access$200(DefaultLifecycleProcessor.java:53)
	at org.springframework.context.support.DefaultLifecycleProcessor$LifecycleGroup.start(DefaultLifecycleProcessor.java:360)
	at org.springframework.context.support.DefaultLifecycleProcessor.startBeans(DefaultLifecycleProcessor.java:158)
	at org.springframework.context.support.DefaultLifecycleProcessor.onRefresh(DefaultLifecycleProcessor.java:122)
	at org.springframework.context.support.AbstractApplicationContext.finishRefresh(AbstractApplicationContext.java:895)
	at org.springframework.context.support.AbstractApplicationContext.refresh(AbstractApplicationContext.java:554)
	at org.springframework.boot.web.reactive.context.ReactiveWebServerApplicationContext.refresh(ReactiveWebServerApplicationContext.java:62)
	at org.springframework.boot.SpringApplication.refresh(SpringApplication.java:758)
	at org.springframework.boot.SpringApplication.refresh(SpringApplication.java:750)
	at org.springframework.boot.SpringApplication.refreshContext(SpringApplication.java:405)
	at org.springframework.boot.SpringApplication.run(SpringApplication.java:315)
	at org.springframework.boot.SpringApplication.run(SpringApplication.java:1237)
	at org.springframework.boot.SpringApplication.run(SpringApplication.java:1226)
	at com.learneasy.GatewayApplication.main(GatewayApplication.java:10)
Caused by: java.net.ConnectException: Connection refused: connect
	at java.net.DualStackPlainSocketImpl.waitForConnect(Native Method)
	at java.net.DualStackPlainSocketImpl.socketConnect(DualStackPlainSocketImpl.java:81)
	at java.net.AbstractPlainSocketImpl.doConnect(AbstractPlainSocketImpl.java:476)
	at java.net.AbstractPlainSocketImpl.connectToAddress(AbstractPlainSocketImpl.java:218)
	at java.net.AbstractPlainSocketImpl.connect(AbstractPlainSocketImpl.java:200)
	at java.net.PlainSocketImpl.connect(PlainSocketImpl.java:162)
	at java.net.SocksSocketImpl.connect(SocksSocketImpl.java:394)
	at java.net.Socket.connect(Socket.java:606)
	at sun.net.NetworkClient.doConnect(NetworkClient.java:175)
	at sun.net.www.http.HttpClient.openServer(HttpClient.java:499)
	at sun.net.www.http.HttpClient.openServer(HttpClient.java:594)
	at sun.net.www.http.HttpClient.<init>(HttpClient.java:278)
	at sun.net.www.http.HttpClient.New(HttpClient.java:375)
	at sun.net.www.http.HttpClient.New(HttpClient.java:393)
	at sun.net.www.protocol.http.HttpURLConnection.getNewHttpClient(HttpURLConnection.java:1240)
	at sun.net.www.protocol.http.HttpURLConnection.plainConnect0(HttpURLConnection.java:1167)
	at sun.net.www.protocol.http.HttpURLConnection.plainConnect(HttpURLConnection.java:1061)
	at sun.net.www.protocol.http.HttpURLConnection.connect(HttpURLConnection.java:995)
	at com.alibaba.nacos.common.http.client.request.JdkHttpClientRequest.execute(JdkHttpClientRequest.java:112)
	at com.alibaba.nacos.common.http.client.NacosRestTemplate.execute(NacosRestTemplate.java:482)
	at com.alibaba.nacos.common.http.client.NacosRestTemplate.exchangeForm(NacosRestTemplate.java:427)
	at com.alibaba.nacos.client.naming.net.NamingProxy.callServer(NamingProxy.java:603)
	... 25 more
2023-09-21 08:07:24,440 DEBUG [main][NamingProxy.java:530] - request 192.168.101.65:8848 failed.
ErrCode:500, ErrMsg:Connection refused: connect
	at com.alibaba.nacos.client.naming.net.NamingProxy.callServer(NamingProxy.java:618)
	at com.alibaba.nacos.client.naming.net.NamingProxy.reqApi(NamingProxy.java:526)
	at com.alibaba.nacos.client.naming.net.NamingProxy.reqApi(NamingProxy.java:498)
	at com.alibaba.nacos.client.naming.net.NamingProxy.reqApi(NamingProxy.java:493)
	at com.alibaba.nacos.client.naming.net.NamingProxy.queryList(NamingProxy.java:407)
	at com.alibaba.nacos.client.naming.core.HostReactor.updateService(HostReactor.java:382)
	at com.alibaba.nacos.client.naming.core.HostReactor.updateServiceNow(HostReactor.java:345)
	at com.alibaba.nacos.client.naming.core.HostReactor.getServiceInfo(HostReactor.java:320)
	at com.alibaba.nacos.client.naming.core.HostReactor.subscribe(HostReactor.java:139)
	at com.alibaba.nacos.client.naming.NacosNamingService.subscribe(NacosNamingService.java:457)
	at com.alibaba.cloud.nacos.discovery.NacosWatch.start(NacosWatch.java:131)
	at org.springframework.context.support.DefaultLifecycleProcessor.doStart(DefaultLifecycleProcessor.java:182)
	at org.springframework.context.support.DefaultLifecycleProcessor.access$200(DefaultLifecycleProcessor.java:53)
	at org.springframework.context.support.DefaultLifecycleProcessor$LifecycleGroup.start(DefaultLifecycleProcessor.java:360)
	at org.springframework.context.support.DefaultLifecycleProcessor.startBeans(DefaultLifecycleProcessor.java:158)
	at org.springframework.context.support.DefaultLifecycleProcessor.onRefresh(DefaultLifecycleProcessor.java:122)
	at org.springframework.context.support.AbstractApplicationContext.finishRefresh(AbstractApplicationContext.java:895)
	at org.springframework.context.support.AbstractApplicationContext.refresh(AbstractApplicationContext.java:554)
	at org.springframework.boot.web.reactive.context.ReactiveWebServerApplicationContext.refresh(ReactiveWebServerApplicationContext.java:62)
	at org.springframework.boot.SpringApplication.refresh(SpringApplication.java:758)
	at org.springframework.boot.SpringApplication.refresh(SpringApplication.java:750)
	at org.springframework.boot.SpringApplication.refreshContext(SpringApplication.java:405)
	at org.springframework.boot.SpringApplication.run(SpringApplication.java:315)
	at org.springframework.boot.SpringApplication.run(SpringApplication.java:1237)
	at org.springframework.boot.SpringApplication.run(SpringApplication.java:1226)
	at com.learneasy.GatewayApplication.main(GatewayApplication.java:10)
Caused by: java.net.ConnectException: Connection refused: connect
	at java.net.DualStackPlainSocketImpl.waitForConnect(Native Method)
	at java.net.DualStackPlainSocketImpl.socketConnect(DualStackPlainSocketImpl.java:81)
	at java.net.AbstractPlainSocketImpl.doConnect(AbstractPlainSocketImpl.java:476)
	at java.net.AbstractPlainSocketImpl.connectToAddress(AbstractPlainSocketImpl.java:218)
	at java.net.AbstractPlainSocketImpl.connect(AbstractPlainSocketImpl.java:200)
	at java.net.PlainSocketImpl.connect(PlainSocketImpl.java:162)
	at java.net.SocksSocketImpl.connect(SocksSocketImpl.java:394)
	at java.net.Socket.connect(Socket.java:606)
	at sun.net.NetworkClient.doConnect(NetworkClient.java:175)
	at sun.net.www.http.HttpClient.openServer(HttpClient.java:499)
	at sun.net.www.http.HttpClient.openServer(HttpClient.java:594)
	at sun.net.www.http.HttpClient.<init>(HttpClient.java:278)
	at sun.net.www.http.HttpClient.New(HttpClient.java:375)
	at sun.net.www.http.HttpClient.New(HttpClient.java:393)
	at sun.net.www.protocol.http.HttpURLConnection.getNewHttpClient(HttpURLConnection.java:1240)
	at sun.net.www.protocol.http.HttpURLConnection.plainConnect0(HttpURLConnection.java:1167)
	at sun.net.www.protocol.http.HttpURLConnection.plainConnect(HttpURLConnection.java:1061)
	at sun.net.www.protocol.http.HttpURLConnection.connect(HttpURLConnection.java:995)
	at com.alibaba.nacos.common.http.client.request.JdkHttpClientRequest.execute(JdkHttpClientRequest.java:112)
	at com.alibaba.nacos.common.http.client.NacosRestTemplate.execute(NacosRestTemplate.java:482)
	at com.alibaba.nacos.common.http.client.NacosRestTemplate.exchangeForm(NacosRestTemplate.java:427)
	at com.alibaba.nacos.client.naming.net.NamingProxy.callServer(NamingProxy.java:603)
	... 25 more
2023-09-21 08:07:24,441 DEBUG [main][NacosRestTemplate.java:476] - HTTP method: GET, url: http://192.168.101.65:8848/nacos/v1/ns/instance/list?app=unknown&healthyOnly=false&namespaceId=dev1010&clientIP=192.168.101.1&serviceName=learneasy-plus-project%40%40gateway&udpPort=63849&clusters=DEFAULT, body: {}
2023-09-21 08:07:24,441 DEBUG [main][NacosRestTemplate.java:476] - HTTP method: GET, url: http://192.168.101.65:8848/nacos/v1/ns/instance/list?app=unknown&healthyOnly=false&namespaceId=dev1010&clientIP=192.168.101.1&serviceName=learneasy-plus-project%40%40gateway&udpPort=63849&clusters=DEFAULT, body: {}
2023-09-21 08:07:25,095 INFO [main][InetUtils.java:170] - Cannot determine local hostname
2023-09-21 08:07:25,095 INFO [main][InetUtils.java:170] - Cannot determine local hostname
2023-09-21 08:07:25,192 INFO [main][InitUtils.java:65] - initializer namespace from System Property :null
2023-09-21 08:07:25,192 INFO [main][InitUtils.java:65] - initializer namespace from System Property :null
2023-09-21 08:07:25,193 INFO [main][InitUtils.java:74] - initializer namespace from System Environment :null
2023-09-21 08:07:25,193 INFO [main][InitUtils.java:74] - initializer namespace from System Environment :null
2023-09-21 08:07:25,193 INFO [main][InitUtils.java:84] - initializer namespace from System Property :null
2023-09-21 08:07:25,193 INFO [main][InitUtils.java:84] - initializer namespace from System Property :null
2023-09-21 08:07:25,198 DEBUG [main][NamingProxy.java:195] - server list provided by user: [192.168.101.65:8848]
2023-09-21 08:07:25,198 DEBUG [main][NamingProxy.java:195] - server list provided by user: [192.168.101.65:8848]
2023-09-21 08:07:25,199 DEBUG [com.alibaba.nacos.client.naming.updater][NamingProxy.java:195] - server list provided by user: [192.168.101.65:8848]
2023-09-21 08:07:25,199 DEBUG [com.alibaba.nacos.client.naming.updater][NamingProxy.java:195] - server list provided by user: [192.168.101.65:8848]
2023-09-21 08:07:25,204 DEBUG [com.alibaba.nacos.naming.failover][FailoverReactor.java:147] - failover switch is not found, failover00-00---000-VIPSRV_FAILOVER_SWITCH-000---00-00
2023-09-21 08:07:25,204 DEBUG [com.alibaba.nacos.naming.failover][FailoverReactor.java:147] - failover switch is not found, failover00-00---000-VIPSRV_FAILOVER_SWITCH-000---00-00
2023-09-21 08:07:25,215 DEBUG [main][HostReactor.java:306] - failover-mode: false
2023-09-21 08:07:25,215 DEBUG [main][HostReactor.java:306] - failover-mode: false
2023-09-21 08:07:25,217 DEBUG [main][NacosRestTemplate.java:476] - HTTP method: GET, url: http://192.168.101.65:8848/nacos/v1/ns/instance/list?app=unknown&healthyOnly=false&namespaceId=dev1010&clientIP=192.168.101.1&serviceName=learneasy-plus-project%40%40search&udpPort=55348&clusters=DEFAULT, body: {}
2023-09-21 08:07:25,217 DEBUG [main][NacosRestTemplate.java:476] - HTTP method: GET, url: http://192.168.101.65:8848/nacos/v1/ns/instance/list?app=unknown&healthyOnly=false&namespaceId=dev1010&clientIP=192.168.101.1&serviceName=learneasy-plus-project%40%40search&udpPort=55348&clusters=DEFAULT, body: {}
