2023-09-17 12:45:20,240 WARN [main][EndpointId.java:155] - Endpoint ID 'service-registry' contains invalid characters, please migrate to a valid format.
2023-09-17 12:45:20,240 WARN [main][EndpointId.java:155] - Endpoint ID 'service-registry' contains invalid characters, please migrate to a valid format.
2023-09-17 12:45:20,455 INFO [main][GenericScope.java:295] - BeanFactory id=024349dd-1c6a-31c9-b8ef-9be8457f9238
2023-09-17 12:45:20,455 INFO [main][GenericScope.java:295] - BeanFactory id=024349dd-1c6a-31c9-b8ef-9be8457f9238
2023-09-17 12:45:20,518 INFO [main][PostProcessorRegistrationDelegate.java:335] - Bean 'com.learneasy.ucenter.feignclient.CheckCodeClient' of type [org.springframework.cloud.openfeign.FeignClientFactoryBean] is not eligible for getting processed by all BeanPostProcessors (for example: not eligible for auto-proxying)
2023-09-17 12:45:20,518 INFO [main][PostProcessorRegistrationDelegate.java:335] - Bean 'com.learneasy.ucenter.feignclient.CheckCodeClient' of type [org.springframework.cloud.openfeign.FeignClientFactoryBean] is not eligible for getting processed by all BeanPostProcessors (for example: not eligible for auto-proxying)
2023-09-17 12:45:20,667 INFO [main][PostProcessorRegistrationDelegate.java:335] - Bean 'org.springframework.security.access.expression.method.DefaultMethodSecurityExpressionHandler@7ac48e10' of type [org.springframework.security.oauth2.provider.expression.OAuth2MethodSecurityExpressionHandler] is not eligible for getting processed by all BeanPostProcessors (for example: not eligible for auto-proxying)
2023-09-17 12:45:20,667 INFO [main][PostProcessorRegistrationDelegate.java:335] - Bean 'org.springframework.security.access.expression.method.DefaultMethodSecurityExpressionHandler@7ac48e10' of type [org.springframework.security.oauth2.provider.expression.OAuth2MethodSecurityExpressionHandler] is not eligible for getting processed by all BeanPostProcessors (for example: not eligible for auto-proxying)
2023-09-17 12:45:20,679 INFO [main][PostProcessorRegistrationDelegate.java:335] - Bean 'methodSecurityMetadataSource' of type [org.springframework.security.access.method.DelegatingMethodSecurityMetadataSource] is not eligible for getting processed by all BeanPostProcessors (for example: not eligible for auto-proxying)
2023-09-17 12:45:20,679 INFO [main][PostProcessorRegistrationDelegate.java:335] - Bean 'methodSecurityMetadataSource' of type [org.springframework.security.access.method.DelegatingMethodSecurityMetadataSource] is not eligible for getting processed by all BeanPostProcessors (for example: not eligible for auto-proxying)
2023-09-17 12:45:21,127 INFO [main][TomcatWebServer.java:108] - Tomcat initialized with port(s): 63070 (http)
2023-09-17 12:45:21,127 INFO [main][TomcatWebServer.java:108] - Tomcat initialized with port(s): 63070 (http)
2023-09-17 12:45:21,461 INFO [main][ServletWebServerApplicationContext.java:285] - Root WebApplicationContext: initialization completed in 2735 ms
2023-09-17 12:45:21,461 INFO [main][ServletWebServerApplicationContext.java:285] - Root WebApplicationContext: initialization completed in 2735 ms
2023-09-17 12:45:21,855 WARN [main][JwtAccessTokenConverter.java:302] - Unable to create an RSA verifier from verifierKey (ignoreable if using MAC)
2023-09-17 12:45:21,855 WARN [main][JwtAccessTokenConverter.java:302] - Unable to create an RSA verifier from verifierKey (ignoreable if using MAC)
2023-09-17 12:45:25,238 INFO [main][DefaultSecurityFilterChain.java:43] - Creating filter chain: OrRequestMatcher [requestMatchers=[Ant [pattern='/oauth/token'], Ant [pattern='/oauth/token_key'], Ant [pattern='/oauth/check_token']]], [org.springframework.security.web.context.request.async.WebAsyncManagerIntegrationFilter@5f0ca069, org.springframework.security.web.context.SecurityContextPersistenceFilter@3d2b13b1, org.springframework.security.web.header.HeaderWriterFilter@aa633e6, org.springframework.security.web.authentication.logout.LogoutFilter@665ed71a, org.springframework.security.oauth2.provider.client.ClientCredentialsTokenEndpointFilter@19d76106, org.springframework.security.web.authentication.www.BasicAuthenticationFilter@4d5ea776, org.springframework.security.web.savedrequest.RequestCacheAwareFilter@2524d07a, org.springframework.security.web.servletapi.SecurityContextHolderAwareRequestFilter@6d4c18b8, org.springframework.security.web.authentication.AnonymousAuthenticationFilter@6a6a2fdd, org.springframework.security.web.session.SessionManagementFilter@c697186, org.springframework.security.web.access.ExceptionTranslationFilter@3e61cffd, org.springframework.security.web.access.intercept.FilterSecurityInterceptor@60f3239f]
2023-09-17 12:45:25,238 INFO [main][DefaultSecurityFilterChain.java:43] - Creating filter chain: OrRequestMatcher [requestMatchers=[Ant [pattern='/oauth/token'], Ant [pattern='/oauth/token_key'], Ant [pattern='/oauth/check_token']]], [org.springframework.security.web.context.request.async.WebAsyncManagerIntegrationFilter@5f0ca069, org.springframework.security.web.context.SecurityContextPersistenceFilter@3d2b13b1, org.springframework.security.web.header.HeaderWriterFilter@aa633e6, org.springframework.security.web.authentication.logout.LogoutFilter@665ed71a, org.springframework.security.oauth2.provider.client.ClientCredentialsTokenEndpointFilter@19d76106, org.springframework.security.web.authentication.www.BasicAuthenticationFilter@4d5ea776, org.springframework.security.web.savedrequest.RequestCacheAwareFilter@2524d07a, org.springframework.security.web.servletapi.SecurityContextHolderAwareRequestFilter@6d4c18b8, org.springframework.security.web.authentication.AnonymousAuthenticationFilter@6a6a2fdd, org.springframework.security.web.session.SessionManagementFilter@c697186, org.springframework.security.web.access.ExceptionTranslationFilter@3e61cffd, org.springframework.security.web.access.intercept.FilterSecurityInterceptor@60f3239f]
2023-09-17 12:45:25,260 INFO [main][DefaultSecurityFilterChain.java:43] - Creating filter chain: any request, [org.springframework.security.web.context.request.async.WebAsyncManagerIntegrationFilter@21bf308, org.springframework.security.web.context.SecurityContextPersistenceFilter@35260785, org.springframework.security.web.header.HeaderWriterFilter@5de243bb, org.springframework.security.web.csrf.CsrfFilter@1d008e61, org.springframework.security.web.authentication.logout.LogoutFilter@4067634b, org.springframework.security.web.authentication.UsernamePasswordAuthenticationFilter@565a6af, org.springframework.security.web.authentication.ui.DefaultLoginPageGeneratingFilter@72d0196d, org.springframework.security.web.authentication.ui.DefaultLogoutPageGeneratingFilter@4cded2cd, org.springframework.security.web.savedrequest.RequestCacheAwareFilter@76d828ff, org.springframework.security.web.servletapi.SecurityContextHolderAwareRequestFilter@39685204, org.springframework.security.web.authentication.AnonymousAuthenticationFilter@12e40e98, org.springframework.security.web.session.SessionManagementFilter@2c4cf7eb, org.springframework.security.web.access.ExceptionTranslationFilter@191b44ca, org.springframework.security.web.access.intercept.FilterSecurityInterceptor@20afd96f]
2023-09-17 12:45:25,260 INFO [main][DefaultSecurityFilterChain.java:43] - Creating filter chain: any request, [org.springframework.security.web.context.request.async.WebAsyncManagerIntegrationFilter@21bf308, org.springframework.security.web.context.SecurityContextPersistenceFilter@35260785, org.springframework.security.web.header.HeaderWriterFilter@5de243bb, org.springframework.security.web.csrf.CsrfFilter@1d008e61, org.springframework.security.web.authentication.logout.LogoutFilter@4067634b, org.springframework.security.web.authentication.UsernamePasswordAuthenticationFilter@565a6af, org.springframework.security.web.authentication.ui.DefaultLoginPageGeneratingFilter@72d0196d, org.springframework.security.web.authentication.ui.DefaultLogoutPageGeneratingFilter@4cded2cd, org.springframework.security.web.savedrequest.RequestCacheAwareFilter@76d828ff, org.springframework.security.web.servletapi.SecurityContextHolderAwareRequestFilter@39685204, org.springframework.security.web.authentication.AnonymousAuthenticationFilter@12e40e98, org.springframework.security.web.session.SessionManagementFilter@2c4cf7eb, org.springframework.security.web.access.ExceptionTranslationFilter@191b44ca, org.springframework.security.web.access.intercept.FilterSecurityInterceptor@20afd96f]
2023-09-17 12:45:25,509 INFO [main][ExecutorConfigurationSupport.java:181] - Initializing ExecutorService 'applicationTaskExecutor'
2023-09-17 12:45:25,509 INFO [main][ExecutorConfigurationSupport.java:181] - Initializing ExecutorService 'applicationTaskExecutor'
2023-09-17 12:45:26,129 INFO [main][ExecutorConfigurationSupport.java:181] - Initializing ExecutorService 'Nacos-Watch-Task-Scheduler'
2023-09-17 12:45:26,129 INFO [main][ExecutorConfigurationSupport.java:181] - Initializing ExecutorService 'Nacos-Watch-Task-Scheduler'
2023-09-17 12:45:26,806 INFO [main][PropertySourceBootstrapConfiguration.java:112] - Located property source: [BootstrapPropertySource {name='bootstrapProperties-system-service-dev.yaml,learneasy-plus-project'}, BootstrapPropertySource {name='bootstrapProperties-system-service.yaml,learneasy-plus-project'}, BootstrapPropertySource {name='bootstrapProperties-system-service,learneasy-plus-project'}, BootstrapPropertySource {name='bootstrapProperties-logging-dev.yaml,learneasy-plus-common'}, BootstrapPropertySource {name='bootstrapProperties-swagger-dev.yaml,learneasy-plus-common'}]
2023-09-17 12:45:26,806 INFO [main][PropertySourceBootstrapConfiguration.java:112] - Located property source: [BootstrapPropertySource {name='bootstrapProperties-system-service-dev.yaml,learneasy-plus-project'}, BootstrapPropertySource {name='bootstrapProperties-system-service.yaml,learneasy-plus-project'}, BootstrapPropertySource {name='bootstrapProperties-system-service,learneasy-plus-project'}, BootstrapPropertySource {name='bootstrapProperties-logging-dev.yaml,learneasy-plus-common'}, BootstrapPropertySource {name='bootstrapProperties-swagger-dev.yaml,learneasy-plus-common'}]
2023-09-17 12:45:26,853 WARN [main][SpringCloudSecurityAutoConfiguration.java:38] - All Spring Cloud Security modules and starters are deprecated. They will be moved to individual projects in the next major release.
2023-09-17 12:45:26,853 WARN [main][SpringCloudSecurityAutoConfiguration.java:38] - All Spring Cloud Security modules and starters are deprecated. They will be moved to individual projects in the next major release.
2023-09-17 12:45:26,861 INFO [main][EndpointLinksResolver.java:58] - Exposing 2 endpoint(s) beneath base path '/actuator'
2023-09-17 12:45:26,861 INFO [main][EndpointLinksResolver.java:58] - Exposing 2 endpoint(s) beneath base path '/actuator'
2023-09-17 12:45:27,311 INFO [main][TomcatWebServer.java:220] - Tomcat started on port(s): 63070 (http) with context path '/auth'
2023-09-17 12:45:27,311 INFO [main][TomcatWebServer.java:220] - Tomcat started on port(s): 63070 (http) with context path '/auth'
2023-09-17 12:45:29,222 WARN [main][EndpointId.java:155] - Endpoint ID 'service-registry' contains invalid characters, please migrate to a valid format.
2023-09-17 12:45:29,222 WARN [main][EndpointId.java:155] - Endpoint ID 'service-registry' contains invalid characters, please migrate to a valid format.
2023-09-17 12:45:29,512 INFO [main][GenericScope.java:295] - BeanFactory id=35e88515-7a6e-3f3f-be9e-0f2c552d0601
2023-09-17 12:45:29,512 INFO [main][GenericScope.java:295] - BeanFactory id=35e88515-7a6e-3f3f-be9e-0f2c552d0601
2023-09-17 12:45:30,008 INFO [main][TomcatWebServer.java:108] - Tomcat initialized with port(s): 63110 (http)
2023-09-17 12:45:30,008 INFO [main][TomcatWebServer.java:108] - Tomcat initialized with port(s): 63110 (http)
2023-09-17 12:45:30,177 INFO [main][ServletWebServerApplicationContext.java:285] - Root WebApplicationContext: initialization completed in 3306 ms
2023-09-17 12:45:30,177 INFO [main][ServletWebServerApplicationContext.java:285] - Root WebApplicationContext: initialization completed in 3306 ms
2023-09-17 12:45:32,858 INFO [main][EndpointLinksResolver.java:58] - Exposing 2 endpoint(s) beneath base path '/actuator'
2023-09-17 12:45:32,858 INFO [main][EndpointLinksResolver.java:58] - Exposing 2 endpoint(s) beneath base path '/actuator'
2023-09-17 12:45:32,956 INFO [main][PropertySourcedRequestMappingHandlerMapping.java:69] - Mapped URL path [/v2/api-docs] onto method [springfox.documentation.swagger2.web.Swagger2Controller#getDocumentation(String, HttpServletRequest)]
2023-09-17 12:45:32,956 INFO [main][PropertySourcedRequestMappingHandlerMapping.java:69] - Mapped URL path [/v2/api-docs] onto method [springfox.documentation.swagger2.web.Swagger2Controller#getDocumentation(String, HttpServletRequest)]
2023-09-17 12:45:33,130 INFO [main][ExecutorConfigurationSupport.java:181] - Initializing ExecutorService 'applicationTaskExecutor'
2023-09-17 12:45:33,130 INFO [main][ExecutorConfigurationSupport.java:181] - Initializing ExecutorService 'applicationTaskExecutor'
2023-09-17 12:45:33,268 INFO [main][ExecutorConfigurationSupport.java:181] - Initializing ExecutorService 'Nacos-Watch-Task-Scheduler'
2023-09-17 12:45:33,268 INFO [main][ExecutorConfigurationSupport.java:181] - Initializing ExecutorService 'Nacos-Watch-Task-Scheduler'
2023-09-17 12:45:33,568 INFO [main][UserDetailsServiceAutoConfiguration.java:86] - 

Using generated security password: 3b43c3b2-e5ea-489e-8c2d-b40985903d32

2023-09-17 12:45:33,568 INFO [main][UserDetailsServiceAutoConfiguration.java:86] - 

Using generated security password: 3b43c3b2-e5ea-489e-8c2d-b40985903d32

2023-09-17 12:45:33,692 INFO [main][DefaultSecurityFilterChain.java:43] - Creating filter chain: any request, [org.springframework.security.web.context.request.async.WebAsyncManagerIntegrationFilter@6efc9d3f, org.springframework.security.web.context.SecurityContextPersistenceFilter@1977b0df, org.springframework.security.web.header.HeaderWriterFilter@17344d7, org.springframework.security.web.csrf.CsrfFilter@5bfdabf3, org.springframework.security.web.authentication.logout.LogoutFilter@7da6d695, org.springframework.security.web.authentication.UsernamePasswordAuthenticationFilter@36ce0bc2, org.springframework.security.web.authentication.ui.DefaultLoginPageGeneratingFilter@530e08a7, org.springframework.security.web.authentication.ui.DefaultLogoutPageGeneratingFilter@294bb6ae, org.springframework.security.web.authentication.www.BasicAuthenticationFilter@7f6a6d46, org.springframework.security.web.savedrequest.RequestCacheAwareFilter@7890fbf9, org.springframework.security.web.servletapi.SecurityContextHolderAwareRequestFilter@52fed5b7, org.springframework.security.web.authentication.AnonymousAuthenticationFilter@4172c967, org.springframework.security.web.session.SessionManagementFilter@670aac24, org.springframework.security.web.access.ExceptionTranslationFilter@29c76d75, org.springframework.security.web.access.intercept.FilterSecurityInterceptor@6e7cb01a]
2023-09-17 12:45:33,692 INFO [main][DefaultSecurityFilterChain.java:43] - Creating filter chain: any request, [org.springframework.security.web.context.request.async.WebAsyncManagerIntegrationFilter@6efc9d3f, org.springframework.security.web.context.SecurityContextPersistenceFilter@1977b0df, org.springframework.security.web.header.HeaderWriterFilter@17344d7, org.springframework.security.web.csrf.CsrfFilter@5bfdabf3, org.springframework.security.web.authentication.logout.LogoutFilter@7da6d695, org.springframework.security.web.authentication.UsernamePasswordAuthenticationFilter@36ce0bc2, org.springframework.security.web.authentication.ui.DefaultLoginPageGeneratingFilter@530e08a7, org.springframework.security.web.authentication.ui.DefaultLogoutPageGeneratingFilter@294bb6ae, org.springframework.security.web.authentication.www.BasicAuthenticationFilter@7f6a6d46, org.springframework.security.web.savedrequest.RequestCacheAwareFilter@7890fbf9, org.springframework.security.web.servletapi.SecurityContextHolderAwareRequestFilter@52fed5b7, org.springframework.security.web.authentication.AnonymousAuthenticationFilter@4172c967, org.springframework.security.web.session.SessionManagementFilter@670aac24, org.springframework.security.web.access.ExceptionTranslationFilter@29c76d75, org.springframework.security.web.access.intercept.FilterSecurityInterceptor@6e7cb01a]
2023-09-17 12:45:33,815 WARN [main][FreeMarkerAutoConfiguration.java:65] - Cannot find template location(s): [classpath:/templates/] (please add some templates, check your FreeMarker configuration, or set spring.freemarker.checkTemplateLocation=false)
2023-09-17 12:45:33,815 WARN [main][FreeMarkerAutoConfiguration.java:65] - Cannot find template location(s): [classpath:/templates/] (please add some templates, check your FreeMarker configuration, or set spring.freemarker.checkTemplateLocation=false)
2023-09-17 12:45:33,840 INFO [main][ExecutorConfigurationSupport.java:181] - Initializing ExecutorService 'taskScheduler'
2023-09-17 12:45:33,840 INFO [main][ExecutorConfigurationSupport.java:181] - Initializing ExecutorService 'taskScheduler'
2023-09-17 12:45:34,484 WARN [main][SpringCloudSecurityAutoConfiguration.java:38] - All Spring Cloud Security modules and starters are deprecated. They will be moved to individual projects in the next major release.
2023-09-17 12:45:34,484 WARN [main][SpringCloudSecurityAutoConfiguration.java:38] - All Spring Cloud Security modules and starters are deprecated. They will be moved to individual projects in the next major release.
2023-09-17 12:45:34,807 INFO [main][TomcatWebServer.java:220] - Tomcat started on port(s): 63110 (http) with context path '/system'
2023-09-17 12:45:34,807 INFO [main][TomcatWebServer.java:220] - Tomcat started on port(s): 63110 (http) with context path '/system'
2023-09-17 12:45:35,128 INFO [main][DocumentationPluginsBootstrapper.java:160] - Context refreshed
2023-09-17 12:45:35,128 INFO [main][DocumentationPluginsBootstrapper.java:160] - Context refreshed
2023-09-17 12:45:35,139 INFO [main][DocumentationPluginsBootstrapper.java:163] - Found 1 custom documentation plugin(s)
2023-09-17 12:45:35,139 INFO [main][DocumentationPluginsBootstrapper.java:163] - Found 1 custom documentation plugin(s)
2023-09-17 12:45:35,176 INFO [main][ApiListingReferenceScanner.java:41] - Scanning for api listing references
2023-09-17 12:45:35,176 INFO [main][ApiListingReferenceScanner.java:41] - Scanning for api listing references
2023-09-17 12:45:35,348 INFO [main][CachingOperationNameGenerator.java:40] - Generating unique operation named: listUsingPOST_1
2023-09-17 12:45:35,348 INFO [main][CachingOperationNameGenerator.java:40] - Generating unique operation named: listUsingPOST_1
2023-09-17 12:45:35,357 INFO [main][CachingOperationNameGenerator.java:40] - Generating unique operation named: listUsingPOST_2
2023-09-17 12:45:35,357 INFO [main][CachingOperationNameGenerator.java:40] - Generating unique operation named: listUsingPOST_2
2023-09-17 12:46:02,361 INFO [http-nio-63110-exec-1][FrameworkServlet.java:525] - Initializing Servlet 'dispatcherServlet'
2023-09-17 12:46:02,361 INFO [http-nio-63110-exec-1][FrameworkServlet.java:525] - Initializing Servlet 'dispatcherServlet'
2023-09-17 12:46:02,373 INFO [http-nio-63110-exec-1][FrameworkServlet.java:547] - Completed initialization in 11 ms
2023-09-17 12:46:02,373 INFO [http-nio-63110-exec-1][FrameworkServlet.java:547] - Completed initialization in 11 ms
2023-09-17 12:48:01,619 INFO [main][RepositoryConfigurationDelegate.java:249] - Multiple Spring Data modules found, entering strict repository configuration mode!
2023-09-17 12:48:01,619 INFO [main][RepositoryConfigurationDelegate.java:249] - Multiple Spring Data modules found, entering strict repository configuration mode!
2023-09-17 12:48:01,622 INFO [main][RepositoryConfigurationDelegate.java:127] - Bootstrapping Spring Data Redis repositories in DEFAULT mode.
2023-09-17 12:48:01,622 INFO [main][RepositoryConfigurationDelegate.java:127] - Bootstrapping Spring Data Redis repositories in DEFAULT mode.
2023-09-17 12:48:01,644 INFO [main][RepositoryConfigurationDelegate.java:187] - Finished Spring Data repository scanning in 9ms. Found 0 Redis repository interfaces.
2023-09-17 12:48:01,644 INFO [main][RepositoryConfigurationDelegate.java:187] - Finished Spring Data repository scanning in 9ms. Found 0 Redis repository interfaces.
2023-09-17 12:48:01,746 INFO [main][GenericScope.java:295] - BeanFactory id=bfaaaaa9-380a-35a5-b011-e72ab655d2d6
2023-09-17 12:48:01,746 INFO [main][GenericScope.java:295] - BeanFactory id=bfaaaaa9-380a-35a5-b011-e72ab655d2d6
2023-09-17 12:48:01,916 INFO [main][TomcatWebServer.java:108] - Tomcat initialized with port(s): 63075 (http)
2023-09-17 12:48:01,916 INFO [main][TomcatWebServer.java:108] - Tomcat initialized with port(s): 63075 (http)
2023-09-17 12:48:02,068 INFO [main][ServletWebServerApplicationContext.java:285] - Root WebApplicationContext: initialization completed in 912 ms
2023-09-17 12:48:02,068 INFO [main][ServletWebServerApplicationContext.java:285] - Root WebApplicationContext: initialization completed in 912 ms
2023-09-17 12:48:02,435 INFO [main][ExecutorConfigurationSupport.java:181] - Initializing ExecutorService 'applicationTaskExecutor'
2023-09-17 12:48:02,435 INFO [main][ExecutorConfigurationSupport.java:181] - Initializing ExecutorService 'applicationTaskExecutor'
2023-09-17 12:48:02,792 INFO [main][ExecutorConfigurationSupport.java:181] - Initializing ExecutorService 'Nacos-Watch-Task-Scheduler'
2023-09-17 12:48:02,792 INFO [main][ExecutorConfigurationSupport.java:181] - Initializing ExecutorService 'Nacos-Watch-Task-Scheduler'
2023-09-17 12:48:03,336 INFO [main][TomcatWebServer.java:220] - Tomcat started on port(s): 63075 (http) with context path '/checkcode'
2023-09-17 12:48:03,336 INFO [main][TomcatWebServer.java:220] - Tomcat started on port(s): 63075 (http) with context path '/checkcode'
2023-09-17 12:48:04,309 INFO [com.alibaba.nacos.client.Worker.longPolling.fixed-127.0.0.1_8848-public][PropertySourceBootstrapConfiguration.java:112] - Located property source: [BootstrapPropertySource {name='bootstrapProperties-checkcode-dev.yaml,learneasy-plus-project'}, BootstrapPropertySource {name='bootstrapProperties-checkcode.yaml,learneasy-plus-project'}, BootstrapPropertySource {name='bootstrapProperties-checkcode,learneasy-plus-project'}, BootstrapPropertySource {name='bootstrapProperties-redis-dev.yaml,learneasy-plus-common'}, BootstrapPropertySource {name='bootstrapProperties-logging-dev.yaml,learneasy-plus-common'}, BootstrapPropertySource {name='bootstrapProperties-swagger-dev.yaml,learneasy-plus-common'}]
2023-09-17 12:48:04,309 INFO [com.alibaba.nacos.client.Worker.longPolling.fixed-127.0.0.1_8848-public][PropertySourceBootstrapConfiguration.java:112] - Located property source: [BootstrapPropertySource {name='bootstrapProperties-checkcode-dev.yaml,learneasy-plus-project'}, BootstrapPropertySource {name='bootstrapProperties-checkcode.yaml,learneasy-plus-project'}, BootstrapPropertySource {name='bootstrapProperties-checkcode,learneasy-plus-project'}, BootstrapPropertySource {name='bootstrapProperties-redis-dev.yaml,learneasy-plus-common'}, BootstrapPropertySource {name='bootstrapProperties-logging-dev.yaml,learneasy-plus-common'}, BootstrapPropertySource {name='bootstrapProperties-swagger-dev.yaml,learneasy-plus-common'}]
2023-09-17 12:48:04,332 INFO [com.alibaba.nacos.client.Worker.longPolling.fixed-127.0.0.1_8848-public][SpringApplication.java:655] - The following profiles are active: dev
2023-09-17 12:48:04,332 INFO [com.alibaba.nacos.client.Worker.longPolling.fixed-127.0.0.1_8848-public][SpringApplication.java:655] - The following profiles are active: dev
2023-09-17 12:48:04,342 INFO [com.alibaba.nacos.client.Worker.longPolling.fixed-127.0.0.1_8848-public][StartupInfoLogger.java:61] - Started application in 0.712 seconds (JVM running for 6.133)
2023-09-17 12:48:04,342 INFO [com.alibaba.nacos.client.Worker.longPolling.fixed-127.0.0.1_8848-public][StartupInfoLogger.java:61] - Started application in 0.712 seconds (JVM running for 6.133)
2023-09-17 12:48:04,376 INFO [com.alibaba.nacos.client.Worker.longPolling.fixed-127.0.0.1_8848-public][RefreshEventListener.java:73] - Refresh keys changed: []
2023-09-17 12:48:04,376 INFO [com.alibaba.nacos.client.Worker.longPolling.fixed-127.0.0.1_8848-public][RefreshEventListener.java:73] - Refresh keys changed: []
2023-09-17 12:49:45,713 INFO [http-nio-63075-exec-1][FrameworkServlet.java:525] - Initializing Servlet 'dispatcherServlet'
2023-09-17 12:49:45,713 INFO [http-nio-63075-exec-1][FrameworkServlet.java:525] - Initializing Servlet 'dispatcherServlet'
2023-09-17 12:49:45,718 INFO [http-nio-63075-exec-1][FrameworkServlet.java:547] - Completed initialization in 4 ms
2023-09-17 12:49:45,718 INFO [http-nio-63075-exec-1][FrameworkServlet.java:547] - Completed initialization in 4 ms
2023-09-17 12:49:53,666 INFO [http-nio-63070-exec-1][FrameworkServlet.java:525] - Initializing Servlet 'dispatcherServlet'
2023-09-17 12:49:53,666 INFO [http-nio-63070-exec-1][FrameworkServlet.java:525] - Initializing Servlet 'dispatcherServlet'
2023-09-17 12:49:53,672 INFO [http-nio-63070-exec-1][FrameworkServlet.java:547] - Completed initialization in 6 ms
2023-09-17 12:49:53,672 INFO [http-nio-63070-exec-1][FrameworkServlet.java:547] - Completed initialization in 6 ms
