2023-09-17 07:42:29,325 WARN [main][EndpointId.java:155] - Endpoint ID 'service-registry' contains invalid characters, please migrate to a valid format.
2023-09-17 07:42:29,325 WARN [main][EndpointId.java:155] - Endpoint ID 'service-registry' contains invalid characters, please migrate to a valid format.
2023-09-17 07:42:29,512 INFO [main][GenericScope.java:295] - BeanFactory id=024349dd-1c6a-31c9-b8ef-9be8457f9238
2023-09-17 07:42:29,512 INFO [main][GenericScope.java:295] - BeanFactory id=024349dd-1c6a-31c9-b8ef-9be8457f9238
2023-09-17 07:42:29,563 INFO [main][PostProcessorRegistrationDelegate.java:335] - Bean 'com.learneasy.ucenter.feignclient.CheckCodeClient' of type [org.springframework.cloud.openfeign.FeignClientFactoryBean] is not eligible for getting processed by all BeanPostProcessors (for example: not eligible for auto-proxying)
2023-09-17 07:42:29,563 INFO [main][PostProcessorRegistrationDelegate.java:335] - Bean 'com.learneasy.ucenter.feignclient.CheckCodeClient' of type [org.springframework.cloud.openfeign.FeignClientFactoryBean] is not eligible for getting processed by all BeanPostProcessors (for example: not eligible for auto-proxying)
2023-09-17 07:42:29,710 INFO [main][PostProcessorRegistrationDelegate.java:335] - Bean 'org.springframework.security.access.expression.method.DefaultMethodSecurityExpressionHandler@37854b34' of type [org.springframework.security.oauth2.provider.expression.OAuth2MethodSecurityExpressionHandler] is not eligible for getting processed by all BeanPostProcessors (for example: not eligible for auto-proxying)
2023-09-17 07:42:29,710 INFO [main][PostProcessorRegistrationDelegate.java:335] - Bean 'org.springframework.security.access.expression.method.DefaultMethodSecurityExpressionHandler@37854b34' of type [org.springframework.security.oauth2.provider.expression.OAuth2MethodSecurityExpressionHandler] is not eligible for getting processed by all BeanPostProcessors (for example: not eligible for auto-proxying)
2023-09-17 07:42:29,719 INFO [main][PostProcessorRegistrationDelegate.java:335] - Bean 'methodSecurityMetadataSource' of type [org.springframework.security.access.method.DelegatingMethodSecurityMetadataSource] is not eligible for getting processed by all BeanPostProcessors (for example: not eligible for auto-proxying)
2023-09-17 07:42:29,719 INFO [main][PostProcessorRegistrationDelegate.java:335] - Bean 'methodSecurityMetadataSource' of type [org.springframework.security.access.method.DelegatingMethodSecurityMetadataSource] is not eligible for getting processed by all BeanPostProcessors (for example: not eligible for auto-proxying)
2023-09-17 07:42:30,032 INFO [main][TomcatWebServer.java:108] - Tomcat initialized with port(s): 63070 (http)
2023-09-17 07:42:30,032 INFO [main][TomcatWebServer.java:108] - Tomcat initialized with port(s): 63070 (http)
2023-09-17 07:42:30,234 INFO [main][ServletWebServerApplicationContext.java:285] - Root WebApplicationContext: initialization completed in 2345 ms
2023-09-17 07:42:30,234 INFO [main][ServletWebServerApplicationContext.java:285] - Root WebApplicationContext: initialization completed in 2345 ms
2023-09-17 07:42:30,468 WARN [main][JwtAccessTokenConverter.java:302] - Unable to create an RSA verifier from verifierKey (ignoreable if using MAC)
2023-09-17 07:42:30,468 WARN [main][JwtAccessTokenConverter.java:302] - Unable to create an RSA verifier from verifierKey (ignoreable if using MAC)
2023-09-17 07:42:32,737 INFO [main][DefaultSecurityFilterChain.java:43] - Creating filter chain: OrRequestMatcher [requestMatchers=[Ant [pattern='/oauth/token'], Ant [pattern='/oauth/token_key'], Ant [pattern='/oauth/check_token']]], [org.springframework.security.web.context.request.async.WebAsyncManagerIntegrationFilter@49ced9c7, org.springframework.security.web.context.SecurityContextPersistenceFilter@18c7f6b5, org.springframework.security.web.header.HeaderWriterFilter@1c68d0db, org.springframework.security.web.authentication.logout.LogoutFilter@1412682c, org.springframework.security.oauth2.provider.client.ClientCredentialsTokenEndpointFilter@28cb86b2, org.springframework.security.web.authentication.www.BasicAuthenticationFilter@50dc49e1, org.springframework.security.web.savedrequest.RequestCacheAwareFilter@3af36922, org.springframework.security.web.servletapi.SecurityContextHolderAwareRequestFilter@51eb0e84, org.springframework.security.web.authentication.AnonymousAuthenticationFilter@11c7a0b4, org.springframework.security.web.session.SessionManagementFilter@91a2543, org.springframework.security.web.access.ExceptionTranslationFilter@4438938e, org.springframework.security.web.access.intercept.FilterSecurityInterceptor@ad0bb4e]
2023-09-17 07:42:32,757 INFO [main][DefaultSecurityFilterChain.java:43] - Creating filter chain: any request, [org.springframework.security.web.context.request.async.WebAsyncManagerIntegrationFilter@439d545c, org.springframework.security.web.context.SecurityContextPersistenceFilter@3d512652, org.springframework.security.web.header.HeaderWriterFilter@44da7eb3, org.springframework.security.web.csrf.CsrfFilter@796c68bf, org.springframework.security.web.authentication.logout.LogoutFilter@42107318, org.springframework.security.web.authentication.UsernamePasswordAuthenticationFilter@b75b890, org.springframework.security.web.authentication.ui.DefaultLoginPageGeneratingFilter@2b170932, org.springframework.security.web.authentication.ui.DefaultLogoutPageGeneratingFilter@5a3cf824, org.springframework.security.web.savedrequest.RequestCacheAwareFilter@2c2e3460, org.springframework.security.web.servletapi.SecurityContextHolderAwareRequestFilter@3b96f8b0, org.springframework.security.web.authentication.AnonymousAuthenticationFilter@7c2b6acb, org.springframework.security.web.session.SessionManagementFilter@5e69cf07, org.springframework.security.web.access.ExceptionTranslationFilter@1a7163e3, org.springframework.security.web.access.intercept.FilterSecurityInterceptor@3120495d]
2023-09-17 07:42:32,737 INFO [main][DefaultSecurityFilterChain.java:43] - Creating filter chain: OrRequestMatcher [requestMatchers=[Ant [pattern='/oauth/token'], Ant [pattern='/oauth/token_key'], Ant [pattern='/oauth/check_token']]], [org.springframework.security.web.context.request.async.WebAsyncManagerIntegrationFilter@49ced9c7, org.springframework.security.web.context.SecurityContextPersistenceFilter@18c7f6b5, org.springframework.security.web.header.HeaderWriterFilter@1c68d0db, org.springframework.security.web.authentication.logout.LogoutFilter@1412682c, org.springframework.security.oauth2.provider.client.ClientCredentialsTokenEndpointFilter@28cb86b2, org.springframework.security.web.authentication.www.BasicAuthenticationFilter@50dc49e1, org.springframework.security.web.savedrequest.RequestCacheAwareFilter@3af36922, org.springframework.security.web.servletapi.SecurityContextHolderAwareRequestFilter@51eb0e84, org.springframework.security.web.authentication.AnonymousAuthenticationFilter@11c7a0b4, org.springframework.security.web.session.SessionManagementFilter@91a2543, org.springframework.security.web.access.ExceptionTranslationFilter@4438938e, org.springframework.security.web.access.intercept.FilterSecurityInterceptor@ad0bb4e]
2023-09-17 07:42:32,757 INFO [main][DefaultSecurityFilterChain.java:43] - Creating filter chain: any request, [org.springframework.security.web.context.request.async.WebAsyncManagerIntegrationFilter@439d545c, org.springframework.security.web.context.SecurityContextPersistenceFilter@3d512652, org.springframework.security.web.header.HeaderWriterFilter@44da7eb3, org.springframework.security.web.csrf.CsrfFilter@796c68bf, org.springframework.security.web.authentication.logout.LogoutFilter@42107318, org.springframework.security.web.authentication.UsernamePasswordAuthenticationFilter@b75b890, org.springframework.security.web.authentication.ui.DefaultLoginPageGeneratingFilter@2b170932, org.springframework.security.web.authentication.ui.DefaultLogoutPageGeneratingFilter@5a3cf824, org.springframework.security.web.savedrequest.RequestCacheAwareFilter@2c2e3460, org.springframework.security.web.servletapi.SecurityContextHolderAwareRequestFilter@3b96f8b0, org.springframework.security.web.authentication.AnonymousAuthenticationFilter@7c2b6acb, org.springframework.security.web.session.SessionManagementFilter@5e69cf07, org.springframework.security.web.access.ExceptionTranslationFilter@1a7163e3, org.springframework.security.web.access.intercept.FilterSecurityInterceptor@3120495d]
2023-09-17 07:42:33,164 INFO [main][ExecutorConfigurationSupport.java:181] - Initializing ExecutorService 'applicationTaskExecutor'
2023-09-17 07:42:33,164 INFO [main][ExecutorConfigurationSupport.java:181] - Initializing ExecutorService 'applicationTaskExecutor'
2023-09-17 07:42:33,614 INFO [main][ExecutorConfigurationSupport.java:181] - Initializing ExecutorService 'Nacos-Watch-Task-Scheduler'
2023-09-17 07:42:33,614 INFO [main][ExecutorConfigurationSupport.java:181] - Initializing ExecutorService 'Nacos-Watch-Task-Scheduler'
2023-09-17 07:42:34,453 WARN [main][SpringCloudSecurityAutoConfiguration.java:38] - All Spring Cloud Security modules and starters are deprecated. They will be moved to individual projects in the next major release.
2023-09-17 07:42:34,453 WARN [main][SpringCloudSecurityAutoConfiguration.java:38] - All Spring Cloud Security modules and starters are deprecated. They will be moved to individual projects in the next major release.
2023-09-17 07:42:34,461 INFO [main][EndpointLinksResolver.java:58] - Exposing 2 endpoint(s) beneath base path '/actuator'
2023-09-17 07:42:34,461 INFO [main][EndpointLinksResolver.java:58] - Exposing 2 endpoint(s) beneath base path '/actuator'
2023-09-17 07:42:35,006 INFO [main][TomcatWebServer.java:220] - Tomcat started on port(s): 63070 (http) with context path '/auth'
2023-09-17 07:42:35,006 INFO [main][TomcatWebServer.java:220] - Tomcat started on port(s): 63070 (http) with context path '/auth'
2023-09-17 07:42:40,167 INFO [main][PropertySourceBootstrapConfiguration.java:112] - Located property source: [BootstrapPropertySource {name='bootstrapProperties-system-service-dev.yaml,learneasy-plus-project'}, BootstrapPropertySource {name='bootstrapProperties-system-service.yaml,learneasy-plus-project'}, BootstrapPropertySource {name='bootstrapProperties-system-service,learneasy-plus-project'}, BootstrapPropertySource {name='bootstrapProperties-logging-dev.yaml,learneasy-plus-common'}, BootstrapPropertySource {name='bootstrapProperties-swagger-dev.yaml,learneasy-plus-common'}]
2023-09-17 07:42:40,167 INFO [main][PropertySourceBootstrapConfiguration.java:112] - Located property source: [BootstrapPropertySource {name='bootstrapProperties-system-service-dev.yaml,learneasy-plus-project'}, BootstrapPropertySource {name='bootstrapProperties-system-service.yaml,learneasy-plus-project'}, BootstrapPropertySource {name='bootstrapProperties-system-service,learneasy-plus-project'}, BootstrapPropertySource {name='bootstrapProperties-logging-dev.yaml,learneasy-plus-common'}, BootstrapPropertySource {name='bootstrapProperties-swagger-dev.yaml,learneasy-plus-common'}]
2023-09-17 07:42:41,632 INFO [main][GenericScope.java:295] - BeanFactory id=f75df8a9-3280-360a-8767-9ac19cad6e11
2023-09-17 07:42:41,632 INFO [main][GenericScope.java:295] - BeanFactory id=f75df8a9-3280-360a-8767-9ac19cad6e11
2023-09-17 07:42:42,503 INFO [main][TomcatWebServer.java:108] - Tomcat initialized with port(s): 63110 (http)
2023-09-17 07:42:42,503 INFO [main][TomcatWebServer.java:108] - Tomcat initialized with port(s): 63110 (http)
2023-09-17 07:42:46,963 INFO [main][ServletWebServerApplicationContext.java:285] - Root WebApplicationContext: initialization completed in 6745 ms
2023-09-17 07:42:46,963 INFO [main][ServletWebServerApplicationContext.java:285] - Root WebApplicationContext: initialization completed in 6745 ms
2023-09-17 07:42:48,393 INFO [main][PropertySourcedRequestMappingHandlerMapping.java:69] - Mapped URL path [/v2/api-docs] onto method [springfox.documentation.swagger2.web.Swagger2Controller#getDocumentation(String, HttpServletRequest)]
2023-09-17 07:42:48,393 INFO [main][PropertySourcedRequestMappingHandlerMapping.java:69] - Mapped URL path [/v2/api-docs] onto method [springfox.documentation.swagger2.web.Swagger2Controller#getDocumentation(String, HttpServletRequest)]
2023-09-17 07:42:48,513 INFO [main][ExecutorConfigurationSupport.java:181] - Initializing ExecutorService 'applicationTaskExecutor'
2023-09-17 07:42:48,513 INFO [main][ExecutorConfigurationSupport.java:181] - Initializing ExecutorService 'applicationTaskExecutor'
2023-09-17 07:42:48,871 INFO [main][ExecutorConfigurationSupport.java:181] - Initializing ExecutorService 'Nacos-Watch-Task-Scheduler'
2023-09-17 07:42:48,871 INFO [main][ExecutorConfigurationSupport.java:181] - Initializing ExecutorService 'Nacos-Watch-Task-Scheduler'
2023-09-17 07:42:48,914 INFO [main][ExecutorConfigurationSupport.java:181] - Initializing ExecutorService 'taskScheduler'
2023-09-17 07:42:48,914 INFO [main][ExecutorConfigurationSupport.java:181] - Initializing ExecutorService 'taskScheduler'
2023-09-17 07:42:49,320 INFO [main][TomcatWebServer.java:220] - Tomcat started on port(s): 63110 (http) with context path '/system'
2023-09-17 07:42:49,320 INFO [main][TomcatWebServer.java:220] - Tomcat started on port(s): 63110 (http) with context path '/system'
2023-09-17 07:42:49,545 INFO [main][DocumentationPluginsBootstrapper.java:160] - Context refreshed
2023-09-17 07:42:49,545 INFO [main][DocumentationPluginsBootstrapper.java:160] - Context refreshed
2023-09-17 07:42:49,554 INFO [main][DocumentationPluginsBootstrapper.java:163] - Found 1 custom documentation plugin(s)
2023-09-17 07:42:49,554 INFO [main][DocumentationPluginsBootstrapper.java:163] - Found 1 custom documentation plugin(s)
2023-09-17 07:42:49,581 INFO [main][ApiListingReferenceScanner.java:41] - Scanning for api listing references
2023-09-17 07:42:49,581 INFO [main][ApiListingReferenceScanner.java:41] - Scanning for api listing references
2023-09-17 07:42:49,723 INFO [main][CachingOperationNameGenerator.java:40] - Generating unique operation named: listUsingPOST_1
2023-09-17 07:42:49,723 INFO [main][CachingOperationNameGenerator.java:40] - Generating unique operation named: listUsingPOST_1
2023-09-17 07:42:49,736 INFO [main][CachingOperationNameGenerator.java:40] - Generating unique operation named: listUsingPOST_2
2023-09-17 07:42:49,736 INFO [main][CachingOperationNameGenerator.java:40] - Generating unique operation named: listUsingPOST_2
2023-09-17 07:49:29,122 INFO [SpringContextShutdownHook][ExecutorConfigurationSupport.java:218] - Shutting down ExecutorService 'Nacos-Watch-Task-Scheduler'
2023-09-17 07:49:29,124 INFO [SpringContextShutdownHook][ExecutorConfigurationSupport.java:218] - Shutting down ExecutorService 'taskScheduler'
2023-09-17 07:49:29,122 INFO [SpringContextShutdownHook][ExecutorConfigurationSupport.java:218] - Shutting down ExecutorService 'Nacos-Watch-Task-Scheduler'
2023-09-17 07:49:29,124 INFO [SpringContextShutdownHook][ExecutorConfigurationSupport.java:218] - Shutting down ExecutorService 'taskScheduler'
2023-09-17 07:49:36,253 WARN [SpringContextShutdownHook][DisposableBeanAdapter.java:349] - Destroy method 'close' on bean with name 'nacosServiceRegistry' threw an exception: java.lang.NullPointerException
2023-09-17 07:49:36,253 WARN [SpringContextShutdownHook][DisposableBeanAdapter.java:349] - Destroy method 'close' on bean with name 'nacosServiceRegistry' threw an exception: java.lang.NullPointerException
2023-09-17 07:49:36,255 INFO [SpringContextShutdownHook][ExecutorConfigurationSupport.java:218] - Shutting down ExecutorService 'applicationTaskExecutor'
2023-09-17 07:49:36,255 INFO [SpringContextShutdownHook][ExecutorConfigurationSupport.java:218] - Shutting down ExecutorService 'applicationTaskExecutor'
2023-09-17 07:50:18,257 INFO [main][PropertySourceBootstrapConfiguration.java:112] - Located property source: [BootstrapPropertySource {name='bootstrapProperties-system-service-dev.yaml,learneasy-plus-project'}, BootstrapPropertySource {name='bootstrapProperties-system-service.yaml,learneasy-plus-project'}, BootstrapPropertySource {name='bootstrapProperties-system-service,learneasy-plus-project'}, BootstrapPropertySource {name='bootstrapProperties-logging-dev.yaml,learneasy-plus-common'}, BootstrapPropertySource {name='bootstrapProperties-swagger-dev.yaml,learneasy-plus-common'}]
2023-09-17 07:50:18,257 INFO [main][PropertySourceBootstrapConfiguration.java:112] - Located property source: [BootstrapPropertySource {name='bootstrapProperties-system-service-dev.yaml,learneasy-plus-project'}, BootstrapPropertySource {name='bootstrapProperties-system-service.yaml,learneasy-plus-project'}, BootstrapPropertySource {name='bootstrapProperties-system-service,learneasy-plus-project'}, BootstrapPropertySource {name='bootstrapProperties-logging-dev.yaml,learneasy-plus-common'}, BootstrapPropertySource {name='bootstrapProperties-swagger-dev.yaml,learneasy-plus-common'}]
2023-09-17 07:50:21,216 INFO [main][GenericScope.java:295] - BeanFactory id=f75df8a9-3280-360a-8767-9ac19cad6e11
2023-09-17 07:50:21,216 INFO [main][GenericScope.java:295] - BeanFactory id=f75df8a9-3280-360a-8767-9ac19cad6e11
2023-09-17 07:50:22,417 INFO [main][TomcatWebServer.java:108] - Tomcat initialized with port(s): 63110 (http)
2023-09-17 07:50:22,417 INFO [main][TomcatWebServer.java:108] - Tomcat initialized with port(s): 63110 (http)
2023-09-17 07:50:22,603 INFO [main][ServletWebServerApplicationContext.java:285] - Root WebApplicationContext: initialization completed in 4131 ms
2023-09-17 07:50:22,603 INFO [main][ServletWebServerApplicationContext.java:285] - Root WebApplicationContext: initialization completed in 4131 ms
2023-09-17 07:50:24,909 INFO [main][PropertySourcedRequestMappingHandlerMapping.java:69] - Mapped URL path [/v2/api-docs] onto method [springfox.documentation.swagger2.web.Swagger2Controller#getDocumentation(String, HttpServletRequest)]
2023-09-17 07:50:24,909 INFO [main][PropertySourcedRequestMappingHandlerMapping.java:69] - Mapped URL path [/v2/api-docs] onto method [springfox.documentation.swagger2.web.Swagger2Controller#getDocumentation(String, HttpServletRequest)]
2023-09-17 07:50:25,319 INFO [main][ExecutorConfigurationSupport.java:181] - Initializing ExecutorService 'applicationTaskExecutor'
2023-09-17 07:50:25,319 INFO [main][ExecutorConfigurationSupport.java:181] - Initializing ExecutorService 'applicationTaskExecutor'
2023-09-17 07:50:25,790 INFO [main][ExecutorConfigurationSupport.java:181] - Initializing ExecutorService 'Nacos-Watch-Task-Scheduler'
2023-09-17 07:50:25,790 INFO [main][ExecutorConfigurationSupport.java:181] - Initializing ExecutorService 'Nacos-Watch-Task-Scheduler'
2023-09-17 07:50:25,836 INFO [main][ExecutorConfigurationSupport.java:181] - Initializing ExecutorService 'taskScheduler'
2023-09-17 07:50:25,836 INFO [main][ExecutorConfigurationSupport.java:181] - Initializing ExecutorService 'taskScheduler'
2023-09-17 07:50:26,400 INFO [main][TomcatWebServer.java:220] - Tomcat started on port(s): 63110 (http) with context path '/system'
2023-09-17 07:50:26,400 INFO [main][TomcatWebServer.java:220] - Tomcat started on port(s): 63110 (http) with context path '/system'
2023-09-17 07:50:27,073 INFO [main][DocumentationPluginsBootstrapper.java:160] - Context refreshed
2023-09-17 07:50:27,073 INFO [main][DocumentationPluginsBootstrapper.java:160] - Context refreshed
2023-09-17 07:50:27,086 INFO [main][DocumentationPluginsBootstrapper.java:163] - Found 1 custom documentation plugin(s)
2023-09-17 07:50:27,086 INFO [main][DocumentationPluginsBootstrapper.java:163] - Found 1 custom documentation plugin(s)
2023-09-17 07:50:27,137 INFO [main][ApiListingReferenceScanner.java:41] - Scanning for api listing references
2023-09-17 07:50:27,137 INFO [main][ApiListingReferenceScanner.java:41] - Scanning for api listing references
2023-09-17 07:50:27,526 INFO [main][CachingOperationNameGenerator.java:40] - Generating unique operation named: listUsingPOST_1
2023-09-17 07:50:27,526 INFO [main][CachingOperationNameGenerator.java:40] - Generating unique operation named: listUsingPOST_1
2023-09-17 07:50:27,539 INFO [main][CachingOperationNameGenerator.java:40] - Generating unique operation named: listUsingPOST_2
2023-09-17 07:50:27,539 INFO [main][CachingOperationNameGenerator.java:40] - Generating unique operation named: listUsingPOST_2
2023-09-17 07:55:17,806 INFO [http-nio-63110-exec-1][FrameworkServlet.java:525] - Initializing Servlet 'dispatcherServlet'
2023-09-17 07:55:17,806 INFO [http-nio-63110-exec-1][FrameworkServlet.java:525] - Initializing Servlet 'dispatcherServlet'
2023-09-17 07:55:17,821 INFO [http-nio-63110-exec-1][FrameworkServlet.java:547] - Completed initialization in 13 ms
2023-09-17 07:55:17,821 INFO [http-nio-63110-exec-1][FrameworkServlet.java:547] - Completed initialization in 13 ms
