2023-09-17 11:31:08,830 INFO [SpringContextShutdownHook][ExecutorConfigurationSupport.java:218] - Shutting down ExecutorService 'Nacos-Watch-Task-Scheduler'
2023-09-17 11:31:08,830 INFO [SpringContextShutdownHook][ExecutorConfigurationSupport.java:218] - Shutting down ExecutorService 'Nacos-Watch-Task-Scheduler'
2023-09-17 11:31:15,658 WARN [SpringContextShutdownHook][DisposableBeanAdapter.java:349] - Destroy method 'close' on bean with name 'nacosServiceRegistry' threw an exception: java.lang.NullPointerException
2023-09-17 11:31:15,658 WARN [SpringContextShutdownHook][DisposableBeanAdapter.java:349] - Destroy method 'close' on bean with name 'nacosServiceRegistry' threw an exception: java.lang.NullPointerException
2023-09-17 11:31:15,660 INFO [SpringContextShutdownHook][ExecutorConfigurationSupport.java:218] - Shutting down ExecutorService 'applicationTaskExecutor'
2023-09-17 11:31:15,660 INFO [SpringContextShutdownHook][ExecutorConfigurationSupport.java:218] - Shutting down ExecutorService 'applicationTaskExecutor'
2023-09-17 11:31:16,438 INFO [SpringContextShutdownHook][ExecutorConfigurationSupport.java:218] - Shutting down ExecutorService 'applicationTaskExecutor'
2023-09-17 11:31:16,438 INFO [SpringContextShutdownHook][ExecutorConfigurationSupport.java:218] - Shutting down ExecutorService 'applicationTaskExecutor'
2023-09-17 11:31:16,440 WARN [SpringContextShutdownHook][DisposableBeanAdapter.java:349] - Destroy method 'close' on bean with name 'nacosServiceRegistry' threw an exception: java.lang.NullPointerException
2023-09-17 11:31:16,440 WARN [SpringContextShutdownHook][DisposableBeanAdapter.java:349] - Destroy method 'close' on bean with name 'nacosServiceRegistry' threw an exception: java.lang.NullPointerException
2023-09-17 11:31:17,662 WARN [SpringContextShutdownHook][DisposableBeanAdapter.java:349] - Destroy method 'close' on bean with name 'nacosServiceRegistry' threw an exception: java.lang.NullPointerException
2023-09-17 11:31:17,662 WARN [SpringContextShutdownHook][DisposableBeanAdapter.java:349] - Destroy method 'close' on bean with name 'nacosServiceRegistry' threw an exception: java.lang.NullPointerException
2023-09-17 11:31:17,663 INFO [SpringContextShutdownHook][ExecutorConfigurationSupport.java:218] - Shutting down ExecutorService 'applicationTaskExecutor'
2023-09-17 11:31:17,663 INFO [SpringContextShutdownHook][ExecutorConfigurationSupport.java:218] - Shutting down ExecutorService 'applicationTaskExecutor'
2023-09-17 11:34:48,553 WARN [main][EndpointId.java:155] - Endpoint ID 'service-registry' contains invalid characters, please migrate to a valid format.
2023-09-17 11:34:48,553 WARN [main][EndpointId.java:155] - Endpoint ID 'service-registry' contains invalid characters, please migrate to a valid format.
2023-09-17 11:34:48,739 INFO [main][GenericScope.java:295] - BeanFactory id=024349dd-1c6a-31c9-b8ef-9be8457f9238
2023-09-17 11:34:48,739 INFO [main][GenericScope.java:295] - BeanFactory id=024349dd-1c6a-31c9-b8ef-9be8457f9238
2023-09-17 11:34:48,798 INFO [main][PostProcessorRegistrationDelegate.java:335] - Bean 'com.learneasy.ucenter.feignclient.CheckCodeClient' of type [org.springframework.cloud.openfeign.FeignClientFactoryBean] is not eligible for getting processed by all BeanPostProcessors (for example: not eligible for auto-proxying)
2023-09-17 11:34:48,798 INFO [main][PostProcessorRegistrationDelegate.java:335] - Bean 'com.learneasy.ucenter.feignclient.CheckCodeClient' of type [org.springframework.cloud.openfeign.FeignClientFactoryBean] is not eligible for getting processed by all BeanPostProcessors (for example: not eligible for auto-proxying)
2023-09-17 11:34:48,942 INFO [main][PostProcessorRegistrationDelegate.java:335] - Bean 'org.springframework.security.access.expression.method.DefaultMethodSecurityExpressionHandler@6f1fa1d0' of type [org.springframework.security.oauth2.provider.expression.OAuth2MethodSecurityExpressionHandler] is not eligible for getting processed by all BeanPostProcessors (for example: not eligible for auto-proxying)
2023-09-17 11:34:48,942 INFO [main][PostProcessorRegistrationDelegate.java:335] - Bean 'org.springframework.security.access.expression.method.DefaultMethodSecurityExpressionHandler@6f1fa1d0' of type [org.springframework.security.oauth2.provider.expression.OAuth2MethodSecurityExpressionHandler] is not eligible for getting processed by all BeanPostProcessors (for example: not eligible for auto-proxying)
2023-09-17 11:34:48,951 INFO [main][PostProcessorRegistrationDelegate.java:335] - Bean 'methodSecurityMetadataSource' of type [org.springframework.security.access.method.DelegatingMethodSecurityMetadataSource] is not eligible for getting processed by all BeanPostProcessors (for example: not eligible for auto-proxying)
2023-09-17 11:34:48,951 INFO [main][PostProcessorRegistrationDelegate.java:335] - Bean 'methodSecurityMetadataSource' of type [org.springframework.security.access.method.DelegatingMethodSecurityMetadataSource] is not eligible for getting processed by all BeanPostProcessors (for example: not eligible for auto-proxying)
2023-09-17 11:34:49,320 INFO [main][TomcatWebServer.java:108] - Tomcat initialized with port(s): 63070 (http)
2023-09-17 11:34:49,320 INFO [main][TomcatWebServer.java:108] - Tomcat initialized with port(s): 63070 (http)
2023-09-17 11:34:49,542 INFO [main][ServletWebServerApplicationContext.java:285] - Root WebApplicationContext: initialization completed in 2227 ms
2023-09-17 11:34:49,542 INFO [main][ServletWebServerApplicationContext.java:285] - Root WebApplicationContext: initialization completed in 2227 ms
2023-09-17 11:34:49,837 WARN [main][JwtAccessTokenConverter.java:302] - Unable to create an RSA verifier from verifierKey (ignoreable if using MAC)
2023-09-17 11:34:49,837 WARN [main][JwtAccessTokenConverter.java:302] - Unable to create an RSA verifier from verifierKey (ignoreable if using MAC)
2023-09-17 11:34:52,282 INFO [main][DefaultSecurityFilterChain.java:43] - Creating filter chain: OrRequestMatcher [requestMatchers=[Ant [pattern='/oauth/token'], Ant [pattern='/oauth/token_key'], Ant [pattern='/oauth/check_token']]], [org.springframework.security.web.context.request.async.WebAsyncManagerIntegrationFilter@79424f25, org.springframework.security.web.context.SecurityContextPersistenceFilter@4ec37a42, org.springframework.security.web.header.HeaderWriterFilter@3883031d, org.springframework.security.web.authentication.logout.LogoutFilter@21ffc00e, org.springframework.security.oauth2.provider.client.ClientCredentialsTokenEndpointFilter@13ebccd, org.springframework.security.web.authentication.www.BasicAuthenticationFilter@5981f2c6, org.springframework.security.web.savedrequest.RequestCacheAwareFilter@18ff1520, org.springframework.security.web.servletapi.SecurityContextHolderAwareRequestFilter@42b500aa, org.springframework.security.web.authentication.AnonymousAuthenticationFilter@5fd4e67f, org.springframework.security.web.session.SessionManagementFilter@391b01c5, org.springframework.security.web.access.ExceptionTranslationFilter@4d8522ff, org.springframework.security.web.access.intercept.FilterSecurityInterceptor@8f09a02]
2023-09-17 11:34:52,282 INFO [main][DefaultSecurityFilterChain.java:43] - Creating filter chain: OrRequestMatcher [requestMatchers=[Ant [pattern='/oauth/token'], Ant [pattern='/oauth/token_key'], Ant [pattern='/oauth/check_token']]], [org.springframework.security.web.context.request.async.WebAsyncManagerIntegrationFilter@79424f25, org.springframework.security.web.context.SecurityContextPersistenceFilter@4ec37a42, org.springframework.security.web.header.HeaderWriterFilter@3883031d, org.springframework.security.web.authentication.logout.LogoutFilter@21ffc00e, org.springframework.security.oauth2.provider.client.ClientCredentialsTokenEndpointFilter@13ebccd, org.springframework.security.web.authentication.www.BasicAuthenticationFilter@5981f2c6, org.springframework.security.web.savedrequest.RequestCacheAwareFilter@18ff1520, org.springframework.security.web.servletapi.SecurityContextHolderAwareRequestFilter@42b500aa, org.springframework.security.web.authentication.AnonymousAuthenticationFilter@5fd4e67f, org.springframework.security.web.session.SessionManagementFilter@391b01c5, org.springframework.security.web.access.ExceptionTranslationFilter@4d8522ff, org.springframework.security.web.access.intercept.FilterSecurityInterceptor@8f09a02]
2023-09-17 11:34:52,294 INFO [main][DefaultSecurityFilterChain.java:43] - Creating filter chain: any request, [org.springframework.security.web.context.request.async.WebAsyncManagerIntegrationFilter@666b91db, org.springframework.security.web.context.SecurityContextPersistenceFilter@667dd150, org.springframework.security.web.header.HeaderWriterFilter@7131d668, org.springframework.security.web.csrf.CsrfFilter@771afdd5, org.springframework.security.web.authentication.logout.LogoutFilter@7816454d, org.springframework.security.web.authentication.UsernamePasswordAuthenticationFilter@6b33892a, org.springframework.security.web.authentication.ui.DefaultLoginPageGeneratingFilter@78e97d4d, org.springframework.security.web.authentication.ui.DefaultLogoutPageGeneratingFilter@11a67420, org.springframework.security.web.savedrequest.RequestCacheAwareFilter@af04f09, org.springframework.security.web.servletapi.SecurityContextHolderAwareRequestFilter@758d4aa9, org.springframework.security.web.authentication.AnonymousAuthenticationFilter@663cf5d7, org.springframework.security.web.session.SessionManagementFilter@46a97805, org.springframework.security.web.access.ExceptionTranslationFilter@3abadb65, org.springframework.security.web.access.intercept.FilterSecurityInterceptor@335896bd]
2023-09-17 11:34:52,294 INFO [main][DefaultSecurityFilterChain.java:43] - Creating filter chain: any request, [org.springframework.security.web.context.request.async.WebAsyncManagerIntegrationFilter@666b91db, org.springframework.security.web.context.SecurityContextPersistenceFilter@667dd150, org.springframework.security.web.header.HeaderWriterFilter@7131d668, org.springframework.security.web.csrf.CsrfFilter@771afdd5, org.springframework.security.web.authentication.logout.LogoutFilter@7816454d, org.springframework.security.web.authentication.UsernamePasswordAuthenticationFilter@6b33892a, org.springframework.security.web.authentication.ui.DefaultLoginPageGeneratingFilter@78e97d4d, org.springframework.security.web.authentication.ui.DefaultLogoutPageGeneratingFilter@11a67420, org.springframework.security.web.savedrequest.RequestCacheAwareFilter@af04f09, org.springframework.security.web.servletapi.SecurityContextHolderAwareRequestFilter@758d4aa9, org.springframework.security.web.authentication.AnonymousAuthenticationFilter@663cf5d7, org.springframework.security.web.session.SessionManagementFilter@46a97805, org.springframework.security.web.access.ExceptionTranslationFilter@3abadb65, org.springframework.security.web.access.intercept.FilterSecurityInterceptor@335896bd]
2023-09-17 11:34:52,470 INFO [main][ExecutorConfigurationSupport.java:181] - Initializing ExecutorService 'applicationTaskExecutor'
2023-09-17 11:34:52,470 INFO [main][ExecutorConfigurationSupport.java:181] - Initializing ExecutorService 'applicationTaskExecutor'
2023-09-17 11:34:52,930 INFO [main][ExecutorConfigurationSupport.java:181] - Initializing ExecutorService 'Nacos-Watch-Task-Scheduler'
2023-09-17 11:34:52,930 INFO [main][ExecutorConfigurationSupport.java:181] - Initializing ExecutorService 'Nacos-Watch-Task-Scheduler'
2023-09-17 11:34:53,587 WARN [main][SpringCloudSecurityAutoConfiguration.java:38] - All Spring Cloud Security modules and starters are deprecated. They will be moved to individual projects in the next major release.
2023-09-17 11:34:53,587 WARN [main][SpringCloudSecurityAutoConfiguration.java:38] - All Spring Cloud Security modules and starters are deprecated. They will be moved to individual projects in the next major release.
2023-09-17 11:34:53,593 INFO [main][EndpointLinksResolver.java:58] - Exposing 2 endpoint(s) beneath base path '/actuator'
2023-09-17 11:34:53,593 INFO [main][EndpointLinksResolver.java:58] - Exposing 2 endpoint(s) beneath base path '/actuator'
2023-09-17 11:34:53,977 INFO [main][TomcatWebServer.java:220] - Tomcat started on port(s): 63070 (http) with context path '/auth'
2023-09-17 11:34:53,977 INFO [main][TomcatWebServer.java:220] - Tomcat started on port(s): 63070 (http) with context path '/auth'
2023-09-17 11:35:13,847 INFO [main][PropertySourceBootstrapConfiguration.java:112] - Located property source: [BootstrapPropertySource {name='bootstrapProperties-system-service-dev.yaml,learneasy-plus-project'}, BootstrapPropertySource {name='bootstrapProperties-system-service.yaml,learneasy-plus-project'}, BootstrapPropertySource {name='bootstrapProperties-system-service,learneasy-plus-project'}, BootstrapPropertySource {name='bootstrapProperties-logging-dev.yaml,learneasy-plus-common'}, BootstrapPropertySource {name='bootstrapProperties-swagger-dev.yaml,learneasy-plus-common'}]
2023-09-17 11:35:13,847 INFO [main][PropertySourceBootstrapConfiguration.java:112] - Located property source: [BootstrapPropertySource {name='bootstrapProperties-system-service-dev.yaml,learneasy-plus-project'}, BootstrapPropertySource {name='bootstrapProperties-system-service.yaml,learneasy-plus-project'}, BootstrapPropertySource {name='bootstrapProperties-system-service,learneasy-plus-project'}, BootstrapPropertySource {name='bootstrapProperties-logging-dev.yaml,learneasy-plus-common'}, BootstrapPropertySource {name='bootstrapProperties-swagger-dev.yaml,learneasy-plus-common'}]
2023-09-17 11:35:17,532 WARN [main][EndpointId.java:155] - Endpoint ID 'service-registry' contains invalid characters, please migrate to a valid format.
2023-09-17 11:35:17,532 WARN [main][EndpointId.java:155] - Endpoint ID 'service-registry' contains invalid characters, please migrate to a valid format.
2023-09-17 11:35:17,757 INFO [main][GenericScope.java:295] - BeanFactory id=35e88515-7a6e-3f3f-be9e-0f2c552d0601
2023-09-17 11:35:17,757 INFO [main][GenericScope.java:295] - BeanFactory id=35e88515-7a6e-3f3f-be9e-0f2c552d0601
2023-09-17 11:35:18,357 INFO [main][TomcatWebServer.java:108] - Tomcat initialized with port(s): 63110 (http)
2023-09-17 11:35:18,357 INFO [main][TomcatWebServer.java:108] - Tomcat initialized with port(s): 63110 (http)
2023-09-17 11:35:18,576 INFO [main][ServletWebServerApplicationContext.java:285] - Root WebApplicationContext: initialization completed in 4632 ms
2023-09-17 11:35:18,576 INFO [main][ServletWebServerApplicationContext.java:285] - Root WebApplicationContext: initialization completed in 4632 ms
2023-09-17 11:35:18,907 INFO [main][RepositoryConfigurationDelegate.java:249] - Multiple Spring Data modules found, entering strict repository configuration mode!
2023-09-17 11:35:18,907 INFO [main][RepositoryConfigurationDelegate.java:249] - Multiple Spring Data modules found, entering strict repository configuration mode!
2023-09-17 11:35:18,912 INFO [main][RepositoryConfigurationDelegate.java:127] - Bootstrapping Spring Data Redis repositories in DEFAULT mode.
2023-09-17 11:35:18,912 INFO [main][RepositoryConfigurationDelegate.java:127] - Bootstrapping Spring Data Redis repositories in DEFAULT mode.
2023-09-17 11:35:18,947 INFO [main][RepositoryConfigurationDelegate.java:187] - Finished Spring Data repository scanning in 17ms. Found 0 Redis repository interfaces.
2023-09-17 11:35:18,947 INFO [main][RepositoryConfigurationDelegate.java:187] - Finished Spring Data repository scanning in 17ms. Found 0 Redis repository interfaces.
2023-09-17 11:35:19,134 INFO [main][GenericScope.java:295] - BeanFactory id=bfaaaaa9-380a-35a5-b011-e72ab655d2d6
2023-09-17 11:35:19,134 INFO [main][GenericScope.java:295] - BeanFactory id=bfaaaaa9-380a-35a5-b011-e72ab655d2d6
2023-09-17 11:35:19,456 INFO [main][TomcatWebServer.java:108] - Tomcat initialized with port(s): 63075 (http)
2023-09-17 11:35:19,456 INFO [main][TomcatWebServer.java:108] - Tomcat initialized with port(s): 63075 (http)
2023-09-17 11:35:19,628 INFO [main][ServletWebServerApplicationContext.java:285] - Root WebApplicationContext: initialization completed in 1452 ms
2023-09-17 11:35:19,628 INFO [main][ServletWebServerApplicationContext.java:285] - Root WebApplicationContext: initialization completed in 1452 ms
2023-09-17 11:35:20,307 INFO [main][ExecutorConfigurationSupport.java:181] - Initializing ExecutorService 'applicationTaskExecutor'
2023-09-17 11:35:20,307 INFO [main][ExecutorConfigurationSupport.java:181] - Initializing ExecutorService 'applicationTaskExecutor'
2023-09-17 11:35:20,765 INFO [main][ExecutorConfigurationSupport.java:181] - Initializing ExecutorService 'Nacos-Watch-Task-Scheduler'
2023-09-17 11:35:20,765 INFO [main][ExecutorConfigurationSupport.java:181] - Initializing ExecutorService 'Nacos-Watch-Task-Scheduler'
2023-09-17 11:35:21,713 INFO [main][TomcatWebServer.java:220] - Tomcat started on port(s): 63075 (http) with context path '/checkcode'
2023-09-17 11:35:21,713 INFO [main][TomcatWebServer.java:220] - Tomcat started on port(s): 63075 (http) with context path '/checkcode'
2023-09-17 11:35:21,764 INFO [main][EndpointLinksResolver.java:58] - Exposing 2 endpoint(s) beneath base path '/actuator'
2023-09-17 11:35:21,764 INFO [main][EndpointLinksResolver.java:58] - Exposing 2 endpoint(s) beneath base path '/actuator'
2023-09-17 11:35:21,901 INFO [main][PropertySourcedRequestMappingHandlerMapping.java:69] - Mapped URL path [/v2/api-docs] onto method [springfox.documentation.swagger2.web.Swagger2Controller#getDocumentation(String, HttpServletRequest)]
2023-09-17 11:35:21,901 INFO [main][PropertySourcedRequestMappingHandlerMapping.java:69] - Mapped URL path [/v2/api-docs] onto method [springfox.documentation.swagger2.web.Swagger2Controller#getDocumentation(String, HttpServletRequest)]
2023-09-17 11:35:22,096 INFO [main][ExecutorConfigurationSupport.java:181] - Initializing ExecutorService 'applicationTaskExecutor'
2023-09-17 11:35:22,096 INFO [main][ExecutorConfigurationSupport.java:181] - Initializing ExecutorService 'applicationTaskExecutor'
2023-09-17 11:35:22,224 INFO [main][ExecutorConfigurationSupport.java:181] - Initializing ExecutorService 'Nacos-Watch-Task-Scheduler'
2023-09-17 11:35:22,224 INFO [main][ExecutorConfigurationSupport.java:181] - Initializing ExecutorService 'Nacos-Watch-Task-Scheduler'
2023-09-17 11:35:22,567 INFO [main][UserDetailsServiceAutoConfiguration.java:86] - 

Using generated security password: 21032d62-240e-49cf-a827-fa1844dd62b7

2023-09-17 11:35:22,567 INFO [main][UserDetailsServiceAutoConfiguration.java:86] - 

Using generated security password: 21032d62-240e-49cf-a827-fa1844dd62b7

2023-09-17 11:35:22,691 INFO [main][DefaultSecurityFilterChain.java:43] - Creating filter chain: any request, [org.springframework.security.web.context.request.async.WebAsyncManagerIntegrationFilter@5dc7881d, org.springframework.security.web.context.SecurityContextPersistenceFilter@f348e10, org.springframework.security.web.header.HeaderWriterFilter@3986b9e9, org.springframework.security.web.csrf.CsrfFilter@d60cbad, org.springframework.security.web.authentication.logout.LogoutFilter@4281a26f, org.springframework.security.web.authentication.UsernamePasswordAuthenticationFilter@67730dab, org.springframework.security.web.authentication.ui.DefaultLoginPageGeneratingFilter@1c09bb7a, org.springframework.security.web.authentication.ui.DefaultLogoutPageGeneratingFilter@590336ed, org.springframework.security.web.authentication.www.BasicAuthenticationFilter@37aea657, org.springframework.security.web.savedrequest.RequestCacheAwareFilter@64cec4d0, org.springframework.security.web.servletapi.SecurityContextHolderAwareRequestFilter@29088be1, org.springframework.security.web.authentication.AnonymousAuthenticationFilter@1c97c3bb, org.springframework.security.web.session.SessionManagementFilter@4f629aa4, org.springframework.security.web.access.ExceptionTranslationFilter@1ac71b87, org.springframework.security.web.access.intercept.FilterSecurityInterceptor@3d00e981]
2023-09-17 11:35:22,691 INFO [main][DefaultSecurityFilterChain.java:43] - Creating filter chain: any request, [org.springframework.security.web.context.request.async.WebAsyncManagerIntegrationFilter@5dc7881d, org.springframework.security.web.context.SecurityContextPersistenceFilter@f348e10, org.springframework.security.web.header.HeaderWriterFilter@3986b9e9, org.springframework.security.web.csrf.CsrfFilter@d60cbad, org.springframework.security.web.authentication.logout.LogoutFilter@4281a26f, org.springframework.security.web.authentication.UsernamePasswordAuthenticationFilter@67730dab, org.springframework.security.web.authentication.ui.DefaultLoginPageGeneratingFilter@1c09bb7a, org.springframework.security.web.authentication.ui.DefaultLogoutPageGeneratingFilter@590336ed, org.springframework.security.web.authentication.www.BasicAuthenticationFilter@37aea657, org.springframework.security.web.savedrequest.RequestCacheAwareFilter@64cec4d0, org.springframework.security.web.servletapi.SecurityContextHolderAwareRequestFilter@29088be1, org.springframework.security.web.authentication.AnonymousAuthenticationFilter@1c97c3bb, org.springframework.security.web.session.SessionManagementFilter@4f629aa4, org.springframework.security.web.access.ExceptionTranslationFilter@1ac71b87, org.springframework.security.web.access.intercept.FilterSecurityInterceptor@3d00e981]
2023-09-17 11:35:22,822 WARN [main][FreeMarkerAutoConfiguration.java:65] - Cannot find template location(s): [classpath:/templates/] (please add some templates, check your FreeMarker configuration, or set spring.freemarker.checkTemplateLocation=false)
2023-09-17 11:35:22,822 WARN [main][FreeMarkerAutoConfiguration.java:65] - Cannot find template location(s): [classpath:/templates/] (please add some templates, check your FreeMarker configuration, or set spring.freemarker.checkTemplateLocation=false)
2023-09-17 11:35:22,844 INFO [main][ExecutorConfigurationSupport.java:181] - Initializing ExecutorService 'taskScheduler'
2023-09-17 11:35:22,844 INFO [main][ExecutorConfigurationSupport.java:181] - Initializing ExecutorService 'taskScheduler'
2023-09-17 11:35:23,562 WARN [main][SpringCloudSecurityAutoConfiguration.java:38] - All Spring Cloud Security modules and starters are deprecated. They will be moved to individual projects in the next major release.
2023-09-17 11:35:23,562 WARN [main][SpringCloudSecurityAutoConfiguration.java:38] - All Spring Cloud Security modules and starters are deprecated. They will be moved to individual projects in the next major release.
2023-09-17 11:35:23,871 INFO [main][TomcatWebServer.java:220] - Tomcat started on port(s): 63110 (http) with context path '/system'
2023-09-17 11:35:23,871 INFO [main][TomcatWebServer.java:220] - Tomcat started on port(s): 63110 (http) with context path '/system'
2023-09-17 11:35:24,245 INFO [main][DocumentationPluginsBootstrapper.java:160] - Context refreshed
2023-09-17 11:35:24,245 INFO [main][DocumentationPluginsBootstrapper.java:160] - Context refreshed
2023-09-17 11:35:24,259 INFO [main][DocumentationPluginsBootstrapper.java:163] - Found 1 custom documentation plugin(s)
2023-09-17 11:35:24,259 INFO [main][DocumentationPluginsBootstrapper.java:163] - Found 1 custom documentation plugin(s)
2023-09-17 11:35:24,323 INFO [main][ApiListingReferenceScanner.java:41] - Scanning for api listing references
2023-09-17 11:35:24,323 INFO [main][ApiListingReferenceScanner.java:41] - Scanning for api listing references
2023-09-17 11:35:24,481 INFO [main][CachingOperationNameGenerator.java:40] - Generating unique operation named: listUsingPOST_1
2023-09-17 11:35:24,481 INFO [main][CachingOperationNameGenerator.java:40] - Generating unique operation named: listUsingPOST_1
2023-09-17 11:35:24,490 INFO [main][CachingOperationNameGenerator.java:40] - Generating unique operation named: listUsingPOST_2
2023-09-17 11:35:24,490 INFO [main][CachingOperationNameGenerator.java:40] - Generating unique operation named: listUsingPOST_2
2023-09-17 11:35:27,636 INFO [http-nio-63075-exec-1][FrameworkServlet.java:525] - Initializing Servlet 'dispatcherServlet'
2023-09-17 11:35:27,636 INFO [http-nio-63075-exec-1][FrameworkServlet.java:525] - Initializing Servlet 'dispatcherServlet'
2023-09-17 11:35:27,642 INFO [http-nio-63075-exec-1][FrameworkServlet.java:547] - Completed initialization in 5 ms
2023-09-17 11:35:27,642 INFO [http-nio-63075-exec-1][FrameworkServlet.java:547] - Completed initialization in 5 ms
2023-09-17 11:35:34,252 INFO [http-nio-63070-exec-1][FrameworkServlet.java:525] - Initializing Servlet 'dispatcherServlet'
2023-09-17 11:35:34,252 INFO [http-nio-63070-exec-1][FrameworkServlet.java:525] - Initializing Servlet 'dispatcherServlet'
2023-09-17 11:35:34,259 INFO [http-nio-63070-exec-1][FrameworkServlet.java:547] - Completed initialization in 7 ms
2023-09-17 11:35:34,259 INFO [http-nio-63070-exec-1][FrameworkServlet.java:547] - Completed initialization in 7 ms
2023-09-17 11:35:35,246 WARN [http-nio-63070-exec-1][TokenEndpoint.java:169] - Handling error: InternalAuthenticationServiceException, 验证码输入错误
2023-09-17 11:35:35,246 WARN [http-nio-63070-exec-1][TokenEndpoint.java:169] - Handling error: InternalAuthenticationServiceException, 验证码输入错误
2023-09-17 11:35:43,050 INFO [http-nio-63110-exec-1][FrameworkServlet.java:525] - Initializing Servlet 'dispatcherServlet'
2023-09-17 11:35:43,050 INFO [http-nio-63110-exec-1][FrameworkServlet.java:525] - Initializing Servlet 'dispatcherServlet'
2023-09-17 11:35:43,057 INFO [http-nio-63110-exec-1][FrameworkServlet.java:547] - Completed initialization in 6 ms
2023-09-17 11:35:43,057 INFO [http-nio-63110-exec-1][FrameworkServlet.java:547] - Completed initialization in 6 ms
