2023-08-10 15:55:49,312 DEBUG [background-preinit][LoggerProviders.java:152] - Logging Provider: org.jboss.logging.Log4j2LoggerProvider
2023-08-10 15:55:49,312 DEBUG [background-preinit][LoggerProviders.java:152] - Logging Provider: org.jboss.logging.Log4j2LoggerProvider
2023-08-10 15:55:49,316 INFO [background-preinit][Version.java:21] - HV000001: Hibernate Validator 6.1.6.Final
2023-08-10 15:55:49,316 INFO [background-preinit][Version.java:21] - HV000001: Hibernate Validator 6.1.6.Final
2023-08-10 15:55:49,339 DEBUG [background-preinit][ValidationXmlParser.java:120] - Trying to load META-INF/validation.xml for XML based Validator configuration.
2023-08-10 15:55:49,339 DEBUG [background-preinit][ValidationXmlParser.java:120] - Trying to load META-INF/validation.xml for XML based Validator configuration.
2023-08-10 15:55:49,370 DEBUG [background-preinit][ResourceLoaderHelper.java:60] - Trying to load META-INF/validation.xml via TCCL
2023-08-10 15:55:49,370 DEBUG [background-preinit][ResourceLoaderHelper.java:60] - Trying to load META-INF/validation.xml via TCCL
2023-08-10 15:55:49,372 DEBUG [background-preinit][ResourceLoaderHelper.java:66] - Trying to load META-INF/validation.xml via Hibernate Validator's class loader
2023-08-10 15:55:49,372 DEBUG [background-preinit][ResourceLoaderHelper.java:66] - Trying to load META-INF/validation.xml via Hibernate Validator's class loader
2023-08-10 15:55:49,396 DEBUG [background-preinit][ValidationXmlParser.java:127] - No META-INF/validation.xml found. Using annotation based configuration only.
2023-08-10 15:55:49,396 DEBUG [background-preinit][ValidationXmlParser.java:127] - No META-INF/validation.xml found. Using annotation based configuration only.
2023-08-10 15:55:49,402 DEBUG [background-preinit][TraversableResolvers.java:60] - Cannot find javax.persistence.Persistence on classpath. Assuming non JPA 2 environment. All properties will per default be traversable.
2023-08-10 15:55:49,402 DEBUG [background-preinit][TraversableResolvers.java:60] - Cannot find javax.persistence.Persistence on classpath. Assuming non JPA 2 environment. All properties will per default be traversable.
2023-08-10 15:55:49,508 DEBUG [background-preinit][ResourceBundleMessageInterpolator.java:172] - Loaded expression factory via original TCCL
2023-08-10 15:55:49,508 DEBUG [background-preinit][ResourceBundleMessageInterpolator.java:172] - Loaded expression factory via original TCCL
2023-08-10 15:55:49,704 DEBUG [background-preinit][ValidatorFactoryConfigurationHelper.java:300] - HV000252: Using org.hibernate.validator.internal.engine.DefaultPropertyNodeNameProvider as property node name provider.
2023-08-10 15:55:49,704 DEBUG [background-preinit][ValidatorFactoryConfigurationHelper.java:300] - HV000252: Using org.hibernate.validator.internal.engine.DefaultPropertyNodeNameProvider as property node name provider.
2023-08-10 15:55:49,729 DEBUG [background-preinit][ValidatorFactoryConfigurationHelper.java:375] - HV000234: Using org.hibernate.validator.messageinterpolation.ResourceBundleMessageInterpolator as ValidatorFactory-scoped message interpolator.
2023-08-10 15:55:49,729 DEBUG [background-preinit][ValidatorFactoryConfigurationHelper.java:375] - HV000234: Using org.hibernate.validator.messageinterpolation.ResourceBundleMessageInterpolator as ValidatorFactory-scoped message interpolator.
2023-08-10 15:55:49,729 DEBUG [background-preinit][ValidatorFactoryConfigurationHelper.java:376] - HV000234: Using org.hibernate.validator.internal.engine.resolver.TraverseAllTraversableResolver as ValidatorFactory-scoped traversable resolver.
2023-08-10 15:55:49,729 DEBUG [background-preinit][ValidatorFactoryConfigurationHelper.java:376] - HV000234: Using org.hibernate.validator.internal.engine.resolver.TraverseAllTraversableResolver as ValidatorFactory-scoped traversable resolver.
2023-08-10 15:55:49,729 DEBUG [background-preinit][ValidatorFactoryConfigurationHelper.java:377] - HV000234: Using org.hibernate.validator.internal.util.ExecutableParameterNameProvider as ValidatorFactory-scoped parameter name provider.
2023-08-10 15:55:49,729 DEBUG [background-preinit][ValidatorFactoryConfigurationHelper.java:377] - HV000234: Using org.hibernate.validator.internal.util.ExecutableParameterNameProvider as ValidatorFactory-scoped parameter name provider.
2023-08-10 15:55:49,730 DEBUG [background-preinit][ValidatorFactoryConfigurationHelper.java:378] - HV000234: Using org.hibernate.validator.internal.engine.DefaultClockProvider as ValidatorFactory-scoped clock provider.
2023-08-10 15:55:49,730 DEBUG [background-preinit][ValidatorFactoryConfigurationHelper.java:378] - HV000234: Using org.hibernate.validator.internal.engine.DefaultClockProvider as ValidatorFactory-scoped clock provider.
2023-08-10 15:55:49,730 DEBUG [background-preinit][ValidatorFactoryConfigurationHelper.java:379] - HV000234: Using org.hibernate.validator.internal.engine.scripting.DefaultScriptEvaluatorFactory as ValidatorFactory-scoped script evaluator factory.
2023-08-10 15:55:49,730 DEBUG [background-preinit][ValidatorFactoryConfigurationHelper.java:379] - HV000234: Using org.hibernate.validator.internal.engine.scripting.DefaultScriptEvaluatorFactory as ValidatorFactory-scoped script evaluator factory.
2023-08-10 15:55:50,051 WARN [background-preinit][CompositeLog.java:127] - For Jackson Kotlin classes support please add "com.fasterxml.jackson.module:jackson-module-kotlin" to the classpath
2023-08-10 15:55:50,051 WARN [background-preinit][CompositeLog.java:127] - For Jackson Kotlin classes support please add "com.fasterxml.jackson.module:jackson-module-kotlin" to the classpath
2023-08-10 15:55:51,600 DEBUG [main][NacosPropertySourceBuilder.java:93] - Loading nacos data, dataId: 'logging-dev.yaml', group: 'xuecheng-plus-common', data: # 日志文件配置路径
logging:
  config: classpath:log4j2-dev.xml
  level:
    org.springframework.cloud.gateway: trace
2023-08-10 15:55:51,600 DEBUG [main][NacosPropertySourceBuilder.java:93] - Loading nacos data, dataId: 'logging-dev.yaml', group: 'xuecheng-plus-common', data: # 日志文件配置路径
logging:
  config: classpath:log4j2-dev.xml
  level:
    org.springframework.cloud.gateway: trace
2023-08-10 15:55:51,616 DEBUG [main][NacosPropertySourceBuilder.java:93] - Loading nacos data, dataId: 'freemarker-config-dev.yaml', group: 'xuecheng-plus-common', data: spring:
  freemarker:
    enabled: true
    cache: false   #关闭模板缓存，方便测试
    settings:
      template_update_delay: 0
    suffix: .ftl   #页面模板后缀名
    charset: UTF-8
    template-loader-path: classpath:/templates/   #页面模板位置(默认为 classpath:/templates/)
    resources:
      add-mappings: false   #关闭项目中的静态资源映射(static、resources文件夹下的资源)
    
2023-08-10 15:55:51,616 DEBUG [main][NacosPropertySourceBuilder.java:93] - Loading nacos data, dataId: 'freemarker-config-dev.yaml', group: 'xuecheng-plus-common', data: spring:
  freemarker:
    enabled: true
    cache: false   #关闭模板缓存，方便测试
    settings:
      template_update_delay: 0
    suffix: .ftl   #页面模板后缀名
    charset: UTF-8
    template-loader-path: classpath:/templates/   #页面模板位置(默认为 classpath:/templates/)
    resources:
      add-mappings: false   #关闭项目中的静态资源映射(static、resources文件夹下的资源)
    
2023-08-10 15:55:51,628 DEBUG [main][NacosPropertySourceBuilder.java:93] - Loading nacos data, dataId: 'feign-dev.yaml', group: 'xuecheng-plus-common', data: feign:
  client:
    config:
      default: # default全局的配置
        loggerLevel: BASIC # 日志级别，BASIC就是基本的请求和响应信息
  hystrix:
    enabled: true
  circuitbreaker:
    enabled: true
  httpclient:
    enabled: true # 开启feign对HttpClient的支持
    max-connections: 200 # 最大的连接数
    max-connections-per-route: 50 # 每个路径的最大连接数

2023-08-10 15:55:51,628 DEBUG [main][NacosPropertySourceBuilder.java:93] - Loading nacos data, dataId: 'feign-dev.yaml', group: 'xuecheng-plus-common', data: feign:
  client:
    config:
      default: # default全局的配置
        loggerLevel: BASIC # 日志级别，BASIC就是基本的请求和响应信息
  hystrix:
    enabled: true
  circuitbreaker:
    enabled: true
  httpclient:
    enabled: true # 开启feign对HttpClient的支持
    max-connections: 200 # 最大的连接数
    max-connections-per-route: 50 # 每个路径的最大连接数

2023-08-10 15:55:51,638 WARN [main][NacosPropertySourceBuilder.java:87] - Ignore the empty nacos configuration and get it based on dataId[content-service] & group[xuecheng-plus-project]
2023-08-10 15:55:51,638 WARN [main][NacosPropertySourceBuilder.java:87] - Ignore the empty nacos configuration and get it based on dataId[content-service] & group[xuecheng-plus-project]
2023-08-10 15:55:51,642 WARN [main][NacosPropertySourceBuilder.java:87] - Ignore the empty nacos configuration and get it based on dataId[content-service.yaml] & group[xuecheng-plus-project]
2023-08-10 15:55:51,642 WARN [main][NacosPropertySourceBuilder.java:87] - Ignore the empty nacos configuration and get it based on dataId[content-service.yaml] & group[xuecheng-plus-project]
2023-08-10 15:55:51,655 DEBUG [main][NacosPropertySourceBuilder.java:93] - Loading nacos data, dataId: 'content-service-dev.yaml', group: 'xuecheng-plus-project', data: spring:
  datasource:
    driver-class-name: com.mysql.cj.jdbc.Driver
    url: jdbc:mysql://192.168.101.65:3306/xcplus_content?serverTimezone=UTC&userUnicode=true&useSSL=false&
    username: root
    password: mysql

xxl:
  job:
    admin: 
      addresses: http://192.168.101.65:8088/xxl-job-admin
    executor:
      appname: coursepublish-job
      address: 
      ip: 
      port: 8999
      logpath: /data/applogs/xxl-job/jobhandler
      logretentiondays: 30
    accessToken: default_token
test_config:
 a: 2a
 b: 2b
 c: 2c
2023-08-10 15:55:51,655 DEBUG [main][NacosPropertySourceBuilder.java:93] - Loading nacos data, dataId: 'content-service-dev.yaml', group: 'xuecheng-plus-project', data: spring:
  datasource:
    driver-class-name: com.mysql.cj.jdbc.Driver
    url: jdbc:mysql://192.168.101.65:3306/xcplus_content?serverTimezone=UTC&userUnicode=true&useSSL=false&
    username: root
    password: mysql

xxl:
  job:
    admin: 
      addresses: http://192.168.101.65:8088/xxl-job-admin
    executor:
      appname: coursepublish-job
      address: 
      ip: 
      port: 8999
      logpath: /data/applogs/xxl-job/jobhandler
      logretentiondays: 30
    accessToken: default_token
test_config:
 a: 2a
 b: 2b
 c: 2c
2023-08-10 15:55:51,658 INFO [main][PropertySourceBootstrapConfiguration.java:112] - Located property source: [BootstrapPropertySource {name='bootstrapProperties-content-service-dev.yaml,xuecheng-plus-project'}, BootstrapPropertySource {name='bootstrapProperties-content-service.yaml,xuecheng-plus-project'}, BootstrapPropertySource {name='bootstrapProperties-content-service,xuecheng-plus-project'}, BootstrapPropertySource {name='bootstrapProperties-feign-dev.yaml,xuecheng-plus-common'}, BootstrapPropertySource {name='bootstrapProperties-freemarker-config-dev.yaml,xuecheng-plus-common'}, BootstrapPropertySource {name='bootstrapProperties-logging-dev.yaml,xuecheng-plus-common'}]
2023-08-10 15:55:51,658 INFO [main][PropertySourceBootstrapConfiguration.java:112] - Located property source: [BootstrapPropertySource {name='bootstrapProperties-content-service-dev.yaml,xuecheng-plus-project'}, BootstrapPropertySource {name='bootstrapProperties-content-service.yaml,xuecheng-plus-project'}, BootstrapPropertySource {name='bootstrapProperties-content-service,xuecheng-plus-project'}, BootstrapPropertySource {name='bootstrapProperties-feign-dev.yaml,xuecheng-plus-common'}, BootstrapPropertySource {name='bootstrapProperties-freemarker-config-dev.yaml,xuecheng-plus-common'}, BootstrapPropertySource {name='bootstrapProperties-logging-dev.yaml,xuecheng-plus-common'}]
2023-08-10 15:55:51,691 INFO [main][SpringApplication.java:655] - The following profiles are active: dev
2023-08-10 15:55:51,691 INFO [main][SpringApplication.java:655] - The following profiles are active: dev
2023-08-10 15:55:52,615 INFO [main][RepositoryConfigurationDelegate.java:249] - Multiple Spring Data modules found, entering strict repository configuration mode!
2023-08-10 15:55:52,615 INFO [main][RepositoryConfigurationDelegate.java:249] - Multiple Spring Data modules found, entering strict repository configuration mode!
2023-08-10 15:55:52,635 INFO [main][RepositoryConfigurationDelegate.java:127] - Bootstrapping Spring Data Redis repositories in DEFAULT mode.
2023-08-10 15:55:52,635 INFO [main][RepositoryConfigurationDelegate.java:127] - Bootstrapping Spring Data Redis repositories in DEFAULT mode.
2023-08-10 15:55:52,691 INFO [main][RepositoryConfigurationDelegate.java:187] - Finished Spring Data repository scanning in 32ms. Found 0 Redis repository interfaces.
2023-08-10 15:55:52,691 INFO [main][RepositoryConfigurationDelegate.java:187] - Finished Spring Data repository scanning in 32ms. Found 0 Redis repository interfaces.
2023-08-10 15:55:52,904 DEBUG [main][LogFactory.java:105] - Logging initialized using 'class org.apache.ibatis.logging.slf4j.Slf4jImpl' adapter.
2023-08-10 15:55:52,904 DEBUG [main][LogFactory.java:105] - Logging initialized using 'class org.apache.ibatis.logging.slf4j.Slf4jImpl' adapter.
2023-08-10 15:55:52,906 WARN [main][Logger.java:44] - No MyBatis mapper was found in '[com.xuecheng.content.mapper]' package. Please check your configuration.
2023-08-10 15:55:52,906 WARN [main][Logger.java:44] - No MyBatis mapper was found in '[com.xuecheng.content.mapper]' package. Please check your configuration.
2023-08-10 15:55:52,977 INFO [main][GenericScope.java:295] - BeanFactory id=30dc9a9e-d217-3fb4-96d6-33c2cbd57289
2023-08-10 15:55:52,977 INFO [main][GenericScope.java:295] - BeanFactory id=30dc9a9e-d217-3fb4-96d6-33c2cbd57289
2023-08-10 15:55:53,035 INFO [main][PostProcessorRegistrationDelegate.java:335] - Bean 'com.learneasy.content.feignclient.MediaServiceClient' of type [org.springframework.cloud.openfeign.FeignClientFactoryBean] is not eligible for getting processed by all BeanPostProcessors (for example: not eligible for auto-proxying)
2023-08-10 15:55:53,035 INFO [main][PostProcessorRegistrationDelegate.java:335] - Bean 'com.learneasy.content.feignclient.MediaServiceClient' of type [org.springframework.cloud.openfeign.FeignClientFactoryBean] is not eligible for getting processed by all BeanPostProcessors (for example: not eligible for auto-proxying)
2023-08-10 15:55:53,037 INFO [main][PostProcessorRegistrationDelegate.java:335] - Bean 'com.learneasy.content.feignclient.SearchServiceClient' of type [org.springframework.cloud.openfeign.FeignClientFactoryBean] is not eligible for getting processed by all BeanPostProcessors (for example: not eligible for auto-proxying)
2023-08-10 15:55:53,037 INFO [main][PostProcessorRegistrationDelegate.java:335] - Bean 'com.learneasy.content.feignclient.SearchServiceClient' of type [org.springframework.cloud.openfeign.FeignClientFactoryBean] is not eligible for getting processed by all BeanPostProcessors (for example: not eligible for auto-proxying)
2023-08-10 15:55:53,771 WARN [main][AbstractApplicationContext.java:559] - Exception encountered during context initialization - cancelling refresh attempt: org.springframework.beans.factory.BeanCreationException: Error creating bean with name 'courseBaseInfoServiceImpl': Injection of resource dependencies failed; nested exception is org.springframework.beans.factory.NoSuchBeanDefinitionException: No qualifying bean of type 'com.learneasy.content.mapper.CourseBaseMapper' available: expected at least 1 bean which qualifies as autowire candidate. Dependency annotations: {@javax.annotation.Resource(shareable=true, lookup=, name=, description=, authenticationType=CONTAINER, type=class java.lang.Object, mappedName=)}
2023-08-10 15:55:53,771 WARN [main][AbstractApplicationContext.java:559] - Exception encountered during context initialization - cancelling refresh attempt: org.springframework.beans.factory.BeanCreationException: Error creating bean with name 'courseBaseInfoServiceImpl': Injection of resource dependencies failed; nested exception is org.springframework.beans.factory.NoSuchBeanDefinitionException: No qualifying bean of type 'com.learneasy.content.mapper.CourseBaseMapper' available: expected at least 1 bean which qualifies as autowire candidate. Dependency annotations: {@javax.annotation.Resource(shareable=true, lookup=, name=, description=, authenticationType=CONTAINER, type=class java.lang.Object, mappedName=)}
2023-08-10 15:55:53,781 INFO [main][ConditionEvaluationReportLoggingListener.java:136] - 

Error starting ApplicationContext. To display the conditions report re-run your application with 'debug' enabled.
2023-08-10 15:55:53,781 INFO [main][ConditionEvaluationReportLoggingListener.java:136] - 

Error starting ApplicationContext. To display the conditions report re-run your application with 'debug' enabled.
2023-08-10 15:55:54,069 ERROR [main][LoggingFailureAnalysisReporter.java:40] - 

***************************
APPLICATION FAILED TO START
***************************

Description:

A component required a bean of type 'com.learneasy.content.mapper.CourseBaseMapper' that could not be found.


Action:

Consider defining a bean of type 'com.learneasy.content.mapper.CourseBaseMapper' in your configuration.

2023-08-10 15:55:54,069 ERROR [main][LoggingFailureAnalysisReporter.java:40] - 

***************************
APPLICATION FAILED TO START
***************************

Description:

A component required a bean of type 'com.learneasy.content.mapper.CourseBaseMapper' that could not be found.


Action:

Consider defining a bean of type 'com.learneasy.content.mapper.CourseBaseMapper' in your configuration.

2023-08-10 15:55:56,553 DEBUG [main][NacosPropertySourceBuilder.java:93] - Loading nacos data, dataId: 'logging-dev.yaml', group: 'xuecheng-plus-common', data: # 日志文件配置路径
logging:
  config: classpath:log4j2-dev.xml
  level:
    org.springframework.cloud.gateway: trace
2023-08-10 15:55:56,553 DEBUG [main][NacosPropertySourceBuilder.java:93] - Loading nacos data, dataId: 'logging-dev.yaml', group: 'xuecheng-plus-common', data: # 日志文件配置路径
logging:
  config: classpath:log4j2-dev.xml
  level:
    org.springframework.cloud.gateway: trace
2023-08-10 15:55:56,562 DEBUG [main][NacosPropertySourceBuilder.java:93] - Loading nacos data, dataId: 'freemarker-config-dev.yaml', group: 'xuecheng-plus-common', data: spring:
  freemarker:
    enabled: true
    cache: false   #关闭模板缓存，方便测试
    settings:
      template_update_delay: 0
    suffix: .ftl   #页面模板后缀名
    charset: UTF-8
    template-loader-path: classpath:/templates/   #页面模板位置(默认为 classpath:/templates/)
    resources:
      add-mappings: false   #关闭项目中的静态资源映射(static、resources文件夹下的资源)
    
2023-08-10 15:55:56,562 DEBUG [main][NacosPropertySourceBuilder.java:93] - Loading nacos data, dataId: 'freemarker-config-dev.yaml', group: 'xuecheng-plus-common', data: spring:
  freemarker:
    enabled: true
    cache: false   #关闭模板缓存，方便测试
    settings:
      template_update_delay: 0
    suffix: .ftl   #页面模板后缀名
    charset: UTF-8
    template-loader-path: classpath:/templates/   #页面模板位置(默认为 classpath:/templates/)
    resources:
      add-mappings: false   #关闭项目中的静态资源映射(static、resources文件夹下的资源)
    
2023-08-10 15:55:56,576 DEBUG [main][NacosPropertySourceBuilder.java:93] - Loading nacos data, dataId: 'feign-dev.yaml', group: 'xuecheng-plus-common', data: feign:
  client:
    config:
      default: # default全局的配置
        loggerLevel: BASIC # 日志级别，BASIC就是基本的请求和响应信息
  hystrix:
    enabled: true
  circuitbreaker:
    enabled: true
  httpclient:
    enabled: true # 开启feign对HttpClient的支持
    max-connections: 200 # 最大的连接数
    max-connections-per-route: 50 # 每个路径的最大连接数

2023-08-10 15:55:56,576 DEBUG [main][NacosPropertySourceBuilder.java:93] - Loading nacos data, dataId: 'feign-dev.yaml', group: 'xuecheng-plus-common', data: feign:
  client:
    config:
      default: # default全局的配置
        loggerLevel: BASIC # 日志级别，BASIC就是基本的请求和响应信息
  hystrix:
    enabled: true
  circuitbreaker:
    enabled: true
  httpclient:
    enabled: true # 开启feign对HttpClient的支持
    max-connections: 200 # 最大的连接数
    max-connections-per-route: 50 # 每个路径的最大连接数

2023-08-10 15:55:56,588 WARN [main][NacosPropertySourceBuilder.java:87] - Ignore the empty nacos configuration and get it based on dataId[content-service] & group[xuecheng-plus-project]
2023-08-10 15:55:56,588 WARN [main][NacosPropertySourceBuilder.java:87] - Ignore the empty nacos configuration and get it based on dataId[content-service] & group[xuecheng-plus-project]
2023-08-10 15:55:56,596 WARN [main][NacosPropertySourceBuilder.java:87] - Ignore the empty nacos configuration and get it based on dataId[content-service.yaml] & group[xuecheng-plus-project]
2023-08-10 15:55:56,596 WARN [main][NacosPropertySourceBuilder.java:87] - Ignore the empty nacos configuration and get it based on dataId[content-service.yaml] & group[xuecheng-plus-project]
2023-08-10 15:55:56,601 DEBUG [main][NacosPropertySourceBuilder.java:93] - Loading nacos data, dataId: 'content-service-dev.yaml', group: 'xuecheng-plus-project', data: spring:
  datasource:
    driver-class-name: com.mysql.cj.jdbc.Driver
    url: jdbc:mysql://192.168.101.65:3306/xcplus_content?serverTimezone=UTC&userUnicode=true&useSSL=false&
    username: root
    password: mysql

xxl:
  job:
    admin: 
      addresses: http://192.168.101.65:8088/xxl-job-admin
    executor:
      appname: coursepublish-job
      address: 
      ip: 
      port: 8999
      logpath: /data/applogs/xxl-job/jobhandler
      logretentiondays: 30
    accessToken: default_token
test_config:
 a: 2a
 b: 2b
 c: 2c
2023-08-10 15:55:56,601 DEBUG [main][NacosPropertySourceBuilder.java:93] - Loading nacos data, dataId: 'content-service-dev.yaml', group: 'xuecheng-plus-project', data: spring:
  datasource:
    driver-class-name: com.mysql.cj.jdbc.Driver
    url: jdbc:mysql://192.168.101.65:3306/xcplus_content?serverTimezone=UTC&userUnicode=true&useSSL=false&
    username: root
    password: mysql

xxl:
  job:
    admin: 
      addresses: http://192.168.101.65:8088/xxl-job-admin
    executor:
      appname: coursepublish-job
      address: 
      ip: 
      port: 8999
      logpath: /data/applogs/xxl-job/jobhandler
      logretentiondays: 30
    accessToken: default_token
test_config:
 a: 2a
 b: 2b
 c: 2c
2023-08-10 15:55:56,603 INFO [main][PropertySourceBootstrapConfiguration.java:112] - Located property source: [BootstrapPropertySource {name='bootstrapProperties-content-service-dev.yaml,xuecheng-plus-project'}, BootstrapPropertySource {name='bootstrapProperties-content-service.yaml,xuecheng-plus-project'}, BootstrapPropertySource {name='bootstrapProperties-content-service,xuecheng-plus-project'}, BootstrapPropertySource {name='bootstrapProperties-feign-dev.yaml,xuecheng-plus-common'}, BootstrapPropertySource {name='bootstrapProperties-freemarker-config-dev.yaml,xuecheng-plus-common'}, BootstrapPropertySource {name='bootstrapProperties-logging-dev.yaml,xuecheng-plus-common'}]
2023-08-10 15:55:56,603 INFO [main][PropertySourceBootstrapConfiguration.java:112] - Located property source: [BootstrapPropertySource {name='bootstrapProperties-content-service-dev.yaml,xuecheng-plus-project'}, BootstrapPropertySource {name='bootstrapProperties-content-service.yaml,xuecheng-plus-project'}, BootstrapPropertySource {name='bootstrapProperties-content-service,xuecheng-plus-project'}, BootstrapPropertySource {name='bootstrapProperties-feign-dev.yaml,xuecheng-plus-common'}, BootstrapPropertySource {name='bootstrapProperties-freemarker-config-dev.yaml,xuecheng-plus-common'}, BootstrapPropertySource {name='bootstrapProperties-logging-dev.yaml,xuecheng-plus-common'}]
2023-08-10 15:55:56,644 INFO [main][SpringApplication.java:655] - The following profiles are active: dev
2023-08-10 15:55:56,644 INFO [main][SpringApplication.java:655] - The following profiles are active: dev
2023-08-10 15:55:57,169 INFO [main][RepositoryConfigurationDelegate.java:249] - Multiple Spring Data modules found, entering strict repository configuration mode!
2023-08-10 15:55:57,169 INFO [main][RepositoryConfigurationDelegate.java:249] - Multiple Spring Data modules found, entering strict repository configuration mode!
2023-08-10 15:55:57,170 INFO [main][RepositoryConfigurationDelegate.java:127] - Bootstrapping Spring Data Redis repositories in DEFAULT mode.
2023-08-10 15:55:57,170 INFO [main][RepositoryConfigurationDelegate.java:127] - Bootstrapping Spring Data Redis repositories in DEFAULT mode.
2023-08-10 15:55:57,206 INFO [main][RepositoryConfigurationDelegate.java:187] - Finished Spring Data repository scanning in 34ms. Found 0 Redis repository interfaces.
2023-08-10 15:55:57,206 INFO [main][RepositoryConfigurationDelegate.java:187] - Finished Spring Data repository scanning in 34ms. Found 0 Redis repository interfaces.
2023-08-10 15:55:57,303 WARN [main][Logger.java:44] - No MyBatis mapper was found in '[com.xuecheng.content.mapper]' package. Please check your configuration.
2023-08-10 15:55:57,303 WARN [main][Logger.java:44] - No MyBatis mapper was found in '[com.xuecheng.content.mapper]' package. Please check your configuration.
2023-08-10 15:55:57,308 INFO [main][GenericScope.java:295] - BeanFactory id=30dc9a9e-d217-3fb4-96d6-33c2cbd57289
2023-08-10 15:55:57,308 INFO [main][GenericScope.java:295] - BeanFactory id=30dc9a9e-d217-3fb4-96d6-33c2cbd57289
2023-08-10 15:55:57,323 INFO [main][PostProcessorRegistrationDelegate.java:335] - Bean 'com.learneasy.content.feignclient.MediaServiceClient' of type [org.springframework.cloud.openfeign.FeignClientFactoryBean] is not eligible for getting processed by all BeanPostProcessors (for example: not eligible for auto-proxying)
2023-08-10 15:55:57,323 INFO [main][PostProcessorRegistrationDelegate.java:335] - Bean 'com.learneasy.content.feignclient.MediaServiceClient' of type [org.springframework.cloud.openfeign.FeignClientFactoryBean] is not eligible for getting processed by all BeanPostProcessors (for example: not eligible for auto-proxying)
2023-08-10 15:55:57,325 INFO [main][PostProcessorRegistrationDelegate.java:335] - Bean 'com.learneasy.content.feignclient.SearchServiceClient' of type [org.springframework.cloud.openfeign.FeignClientFactoryBean] is not eligible for getting processed by all BeanPostProcessors (for example: not eligible for auto-proxying)
2023-08-10 15:55:57,325 INFO [main][PostProcessorRegistrationDelegate.java:335] - Bean 'com.learneasy.content.feignclient.SearchServiceClient' of type [org.springframework.cloud.openfeign.FeignClientFactoryBean] is not eligible for getting processed by all BeanPostProcessors (for example: not eligible for auto-proxying)
2023-08-10 15:55:57,504 WARN [main][AbstractApplicationContext.java:559] - Exception encountered during context initialization - cancelling refresh attempt: org.springframework.beans.factory.BeanCreationException: Error creating bean with name 'courseBaseInfoServiceImpl': Injection of resource dependencies failed; nested exception is org.springframework.beans.factory.NoSuchBeanDefinitionException: No qualifying bean of type 'com.learneasy.content.mapper.CourseBaseMapper' available: expected at least 1 bean which qualifies as autowire candidate. Dependency annotations: {@javax.annotation.Resource(shareable=true, lookup=, name=, description=, authenticationType=CONTAINER, type=class java.lang.Object, mappedName=)}
2023-08-10 15:55:57,504 WARN [main][AbstractApplicationContext.java:559] - Exception encountered during context initialization - cancelling refresh attempt: org.springframework.beans.factory.BeanCreationException: Error creating bean with name 'courseBaseInfoServiceImpl': Injection of resource dependencies failed; nested exception is org.springframework.beans.factory.NoSuchBeanDefinitionException: No qualifying bean of type 'com.learneasy.content.mapper.CourseBaseMapper' available: expected at least 1 bean which qualifies as autowire candidate. Dependency annotations: {@javax.annotation.Resource(shareable=true, lookup=, name=, description=, authenticationType=CONTAINER, type=class java.lang.Object, mappedName=)}
2023-08-10 15:55:57,508 INFO [main][ConditionEvaluationReportLoggingListener.java:136] - 

Error starting ApplicationContext. To display the conditions report re-run your application with 'debug' enabled.
2023-08-10 15:55:57,508 INFO [main][ConditionEvaluationReportLoggingListener.java:136] - 

Error starting ApplicationContext. To display the conditions report re-run your application with 'debug' enabled.
2023-08-10 15:55:57,656 ERROR [main][LoggingFailureAnalysisReporter.java:40] - 

***************************
APPLICATION FAILED TO START
***************************

Description:

A component required a bean of type 'com.learneasy.content.mapper.CourseBaseMapper' that could not be found.


Action:

Consider defining a bean of type 'com.learneasy.content.mapper.CourseBaseMapper' in your configuration.

2023-08-10 15:55:57,656 ERROR [main][LoggingFailureAnalysisReporter.java:40] - 

***************************
APPLICATION FAILED TO START
***************************

Description:

A component required a bean of type 'com.learneasy.content.mapper.CourseBaseMapper' that could not be found.


Action:

Consider defining a bean of type 'com.learneasy.content.mapper.CourseBaseMapper' in your configuration.

2023-08-10 15:55:57,656 ERROR [main][TestContextManager.java:248] - Caught exception while allowing TestExecutionListener [org.springframework.boot.test.autoconfigure.SpringBootDependencyInjectionTestExecutionListener@6b70d1fb] to prepare test instance [com.learneasy.XuechengPlusContentServiceApplicationTests@3002e397]
java.lang.IllegalStateException: Failed to load ApplicationContext
	at org.springframework.test.context.cache.DefaultCacheAwareContextLoaderDelegate.loadContext(DefaultCacheAwareContextLoaderDelegate.java:132)
	at org.springframework.test.context.support.DefaultTestContext.getApplicationContext(DefaultTestContext.java:123)
	at org.springframework.test.context.support.DependencyInjectionTestExecutionListener.injectDependencies(DependencyInjectionTestExecutionListener.java:118)
	at org.springframework.test.context.support.DependencyInjectionTestExecutionListener.prepareTestInstance(DependencyInjectionTestExecutionListener.java:83)
	at org.springframework.boot.test.autoconfigure.SpringBootDependencyInjectionTestExecutionListener.prepareTestInstance(SpringBootDependencyInjectionTestExecutionListener.java:43)
	at org.springframework.test.context.TestContextManager.prepareTestInstance(TestContextManager.java:244)
	at org.springframework.test.context.junit.jupiter.SpringExtension.postProcessTestInstance(SpringExtension.java:98)
	at org.junit.jupiter.engine.descriptor.ClassBasedTestDescriptor.lambda$invokeTestInstancePostProcessors$5(ClassBasedTestDescriptor.java:341)
	at org.junit.jupiter.engine.descriptor.ClassBasedTestDescriptor.executeAndMaskThrowable(ClassBasedTestDescriptor.java:346)
	at org.junit.jupiter.engine.descriptor.ClassBasedTestDescriptor.lambda$invokeTestInstancePostProcessors$6(ClassBasedTestDescriptor.java:341)
	at java.util.stream.ReferencePipeline$3$1.accept(ReferencePipeline.java:193)
	at java.util.stream.ReferencePipeline$2$1.accept(ReferencePipeline.java:175)
	at java.util.ArrayList$ArrayListSpliterator.forEachRemaining(ArrayList.java:1384)
	at java.util.stream.AbstractPipeline.copyInto(AbstractPipeline.java:482)
	at java.util.stream.AbstractPipeline.wrapAndCopyInto(AbstractPipeline.java:472)
	at java.util.stream.StreamSpliterators$WrappingSpliterator.forEachRemaining(StreamSpliterators.java:312)
	at java.util.stream.Streams$ConcatSpliterator.forEachRemaining(Streams.java:743)
	at java.util.stream.Streams$ConcatSpliterator.forEachRemaining(Streams.java:742)
	at java.util.stream.ReferencePipeline$Head.forEach(ReferencePipeline.java:580)
	at org.junit.jupiter.engine.descriptor.ClassBasedTestDescriptor.invokeTestInstancePostProcessors(ClassBasedTestDescriptor.java:340)
	at org.junit.jupiter.engine.descriptor.ClassBasedTestDescriptor.instantiateAndPostProcessTestInstance(ClassBasedTestDescriptor.java:263)
	at org.junit.jupiter.engine.descriptor.ClassBasedTestDescriptor.lambda$testInstancesProvider$2(ClassBasedTestDescriptor.java:256)
	at java.util.Optional.orElseGet(Optional.java:267)
	at org.junit.jupiter.engine.descriptor.ClassBasedTestDescriptor.lambda$testInstancesProvider$3(ClassBasedTestDescriptor.java:255)
	at org.junit.jupiter.engine.execution.TestInstancesProvider.getTestInstances(TestInstancesProvider.java:29)
	at org.junit.jupiter.engine.descriptor.TestMethodTestDescriptor.lambda$prepare$0(TestMethodTestDescriptor.java:108)
	at org.junit.platform.engine.support.hierarchical.ThrowableCollector.execute(ThrowableCollector.java:73)
	at org.junit.jupiter.engine.descriptor.TestMethodTestDescriptor.prepare(TestMethodTestDescriptor.java:107)
	at org.junit.jupiter.engine.descriptor.TestMethodTestDescriptor.prepare(TestMethodTestDescriptor.java:71)
	at org.junit.platform.engine.support.hierarchical.NodeTestTask.lambda$prepare$1(NodeTestTask.java:107)
	at org.junit.platform.engine.support.hierarchical.ThrowableCollector.execute(ThrowableCollector.java:73)
	at org.junit.platform.engine.support.hierarchical.NodeTestTask.prepare(NodeTestTask.java:107)
	at org.junit.platform.engine.support.hierarchical.NodeTestTask.execute(NodeTestTask.java:75)
	at java.util.ArrayList.forEach(ArrayList.java:1259)
	at org.junit.platform.engine.support.hierarchical.SameThreadHierarchicalTestExecutorService.invokeAll(SameThreadHierarchicalTestExecutorService.java:38)
	at org.junit.platform.engine.support.hierarchical.NodeTestTask.lambda$executeRecursively$5(NodeTestTask.java:139)
	at org.junit.platform.engine.support.hierarchical.ThrowableCollector.execute(ThrowableCollector.java:73)
	at org.junit.platform.engine.support.hierarchical.NodeTestTask.lambda$executeRecursively$7(NodeTestTask.java:125)
	at org.junit.platform.engine.support.hierarchical.Node.around(Node.java:135)
	at org.junit.platform.engine.support.hierarchical.NodeTestTask.lambda$executeRecursively$8(NodeTestTask.java:123)
	at org.junit.platform.engine.support.hierarchical.ThrowableCollector.execute(ThrowableCollector.java:73)
	at org.junit.platform.engine.support.hierarchical.NodeTestTask.executeRecursively(NodeTestTask.java:122)
	at org.junit.platform.engine.support.hierarchical.NodeTestTask.execute(NodeTestTask.java:80)
	at java.util.ArrayList.forEach(ArrayList.java:1259)
	at org.junit.platform.engine.support.hierarchical.SameThreadHierarchicalTestExecutorService.invokeAll(SameThreadHierarchicalTestExecutorService.java:38)
	at org.junit.platform.engine.support.hierarchical.NodeTestTask.lambda$executeRecursively$5(NodeTestTask.java:139)
	at org.junit.platform.engine.support.hierarchical.ThrowableCollector.execute(ThrowableCollector.java:73)
	at org.junit.platform.engine.support.hierarchical.NodeTestTask.lambda$executeRecursively$7(NodeTestTask.java:125)
	at org.junit.platform.engine.support.hierarchical.Node.around(Node.java:135)
	at org.junit.platform.engine.support.hierarchical.NodeTestTask.lambda$executeRecursively$8(NodeTestTask.java:123)
	at org.junit.platform.engine.support.hierarchical.ThrowableCollector.execute(ThrowableCollector.java:73)
	at org.junit.platform.engine.support.hierarchical.NodeTestTask.executeRecursively(NodeTestTask.java:122)
	at org.junit.platform.engine.support.hierarchical.NodeTestTask.execute(NodeTestTask.java:80)
	at org.junit.platform.engine.support.hierarchical.SameThreadHierarchicalTestExecutorService.submit(SameThreadHierarchicalTestExecutorService.java:32)
	at org.junit.platform.engine.support.hierarchical.HierarchicalTestExecutor.execute(HierarchicalTestExecutor.java:57)
	at org.junit.platform.engine.support.hierarchical.HierarchicalTestEngine.execute(HierarchicalTestEngine.java:51)
	at org.junit.platform.launcher.core.DefaultLauncher.execute(DefaultLauncher.java:248)
	at org.junit.platform.launcher.core.DefaultLauncher.lambda$execute$5(DefaultLauncher.java:211)
	at org.junit.platform.launcher.core.DefaultLauncher.withInterceptedStreams(DefaultLauncher.java:226)
	at org.junit.platform.launcher.core.DefaultLauncher.execute(DefaultLauncher.java:199)
	at org.junit.platform.launcher.core.DefaultLauncher.execute(DefaultLauncher.java:132)
	at com.intellij.junit5.JUnit5IdeaTestRunner.startRunnerWithArgs(JUnit5IdeaTestRunner.java:57)
	at com.intellij.rt.junit.IdeaTestRunner$Repeater$1.execute(IdeaTestRunner.java:38)
	at com.intellij.rt.execution.junit.TestsRepeater.repeat(TestsRepeater.java:11)
	at com.intellij.rt.junit.IdeaTestRunner$Repeater.startRunnerWithArgs(IdeaTestRunner.java:35)
	at com.intellij.rt.junit.JUnitStarter.prepareStreamsAndStart(JUnitStarter.java:232)
	at com.intellij.rt.junit.JUnitStarter.main(JUnitStarter.java:55)
Caused by: org.springframework.beans.factory.BeanCreationException: Error creating bean with name 'courseBaseInfoServiceImpl': Injection of resource dependencies failed; nested exception is org.springframework.beans.factory.NoSuchBeanDefinitionException: No qualifying bean of type 'com.learneasy.content.mapper.CourseBaseMapper' available: expected at least 1 bean which qualifies as autowire candidate. Dependency annotations: {@javax.annotation.Resource(shareable=true, lookup=, name=, description=, authenticationType=CONTAINER, type=class java.lang.Object, mappedName=)}
	at org.springframework.context.annotation.CommonAnnotationBeanPostProcessor.postProcessProperties(CommonAnnotationBeanPostProcessor.java:321)
	at org.springframework.beans.factory.support.AbstractAutowireCapableBeanFactory.populateBean(AbstractAutowireCapableBeanFactory.java:1420)
	at org.springframework.beans.factory.support.AbstractAutowireCapableBeanFactory.doCreateBean(AbstractAutowireCapableBeanFactory.java:593)
	at org.springframework.beans.factory.support.AbstractAutowireCapableBeanFactory.createBean(AbstractAutowireCapableBeanFactory.java:516)
	at org.springframework.beans.factory.support.AbstractBeanFactory.lambda$doGetBean$0(AbstractBeanFactory.java:324)
	at org.springframework.beans.factory.support.DefaultSingletonBeanRegistry.getSingleton(DefaultSingletonBeanRegistry.java:234)
	at org.springframework.beans.factory.support.AbstractBeanFactory.doGetBean(AbstractBeanFactory.java:322)
	at org.springframework.beans.factory.support.AbstractBeanFactory.getBean(AbstractBeanFactory.java:202)
	at org.springframework.beans.factory.support.DefaultListableBeanFactory.preInstantiateSingletons(DefaultListableBeanFactory.java:897)
	at org.springframework.context.support.AbstractApplicationContext.finishBeanFactoryInitialization(AbstractApplicationContext.java:879)
	at org.springframework.context.support.AbstractApplicationContext.refresh(AbstractApplicationContext.java:551)
	at org.springframework.boot.SpringApplication.refresh(SpringApplication.java:758)
	at org.springframework.boot.SpringApplication.refresh(SpringApplication.java:750)
	at org.springframework.boot.SpringApplication.refreshContext(SpringApplication.java:405)
	at org.springframework.boot.SpringApplication.run(SpringApplication.java:315)
	at org.springframework.boot.test.context.SpringBootContextLoader.loadContext(SpringBootContextLoader.java:120)
	at org.springframework.test.context.cache.DefaultCacheAwareContextLoaderDelegate.loadContextInternal(DefaultCacheAwareContextLoaderDelegate.java:99)
	at org.springframework.test.context.cache.DefaultCacheAwareContextLoaderDelegate.loadContext(DefaultCacheAwareContextLoaderDelegate.java:124)
	... 66 more
Caused by: org.springframework.beans.factory.NoSuchBeanDefinitionException: No qualifying bean of type 'com.learneasy.content.mapper.CourseBaseMapper' available: expected at least 1 bean which qualifies as autowire candidate. Dependency annotations: {@javax.annotation.Resource(shareable=true, lookup=, name=, description=, authenticationType=CONTAINER, type=class java.lang.Object, mappedName=)}
	at org.springframework.beans.factory.support.DefaultListableBeanFactory.raiseNoMatchingBeanFound(DefaultListableBeanFactory.java:1717)
	at org.springframework.beans.factory.support.DefaultListableBeanFactory.doResolveDependency(DefaultListableBeanFactory.java:1273)
	at org.springframework.beans.factory.support.DefaultListableBeanFactory.resolveDependency(DefaultListableBeanFactory.java:1227)
	at org.springframework.context.annotation.CommonAnnotationBeanPostProcessor.autowireResource(CommonAnnotationBeanPostProcessor.java:521)
	at org.springframework.context.annotation.CommonAnnotationBeanPostProcessor.getResource(CommonAnnotationBeanPostProcessor.java:497)
	at org.springframework.context.annotation.CommonAnnotationBeanPostProcessor$ResourceElement.getResourceToInject(CommonAnnotationBeanPostProcessor.java:650)
	at org.springframework.beans.factory.annotation.InjectionMetadata$InjectedElement.inject(InjectionMetadata.java:228)
	at org.springframework.beans.factory.annotation.InjectionMetadata.inject(InjectionMetadata.java:119)
	at org.springframework.context.annotation.CommonAnnotationBeanPostProcessor.postProcessProperties(CommonAnnotationBeanPostProcessor.java:318)
	... 83 more
2023-08-10 15:55:57,656 ERROR [main][TestContextManager.java:248] - Caught exception while allowing TestExecutionListener [org.springframework.boot.test.autoconfigure.SpringBootDependencyInjectionTestExecutionListener@6b70d1fb] to prepare test instance [com.learneasy.XuechengPlusContentServiceApplicationTests@3002e397]
java.lang.IllegalStateException: Failed to load ApplicationContext
	at org.springframework.test.context.cache.DefaultCacheAwareContextLoaderDelegate.loadContext(DefaultCacheAwareContextLoaderDelegate.java:132)
	at org.springframework.test.context.support.DefaultTestContext.getApplicationContext(DefaultTestContext.java:123)
	at org.springframework.test.context.support.DependencyInjectionTestExecutionListener.injectDependencies(DependencyInjectionTestExecutionListener.java:118)
	at org.springframework.test.context.support.DependencyInjectionTestExecutionListener.prepareTestInstance(DependencyInjectionTestExecutionListener.java:83)
	at org.springframework.boot.test.autoconfigure.SpringBootDependencyInjectionTestExecutionListener.prepareTestInstance(SpringBootDependencyInjectionTestExecutionListener.java:43)
	at org.springframework.test.context.TestContextManager.prepareTestInstance(TestContextManager.java:244)
	at org.springframework.test.context.junit.jupiter.SpringExtension.postProcessTestInstance(SpringExtension.java:98)
	at org.junit.jupiter.engine.descriptor.ClassBasedTestDescriptor.lambda$invokeTestInstancePostProcessors$5(ClassBasedTestDescriptor.java:341)
	at org.junit.jupiter.engine.descriptor.ClassBasedTestDescriptor.executeAndMaskThrowable(ClassBasedTestDescriptor.java:346)
	at org.junit.jupiter.engine.descriptor.ClassBasedTestDescriptor.lambda$invokeTestInstancePostProcessors$6(ClassBasedTestDescriptor.java:341)
	at java.util.stream.ReferencePipeline$3$1.accept(ReferencePipeline.java:193)
	at java.util.stream.ReferencePipeline$2$1.accept(ReferencePipeline.java:175)
	at java.util.ArrayList$ArrayListSpliterator.forEachRemaining(ArrayList.java:1384)
	at java.util.stream.AbstractPipeline.copyInto(AbstractPipeline.java:482)
	at java.util.stream.AbstractPipeline.wrapAndCopyInto(AbstractPipeline.java:472)
	at java.util.stream.StreamSpliterators$WrappingSpliterator.forEachRemaining(StreamSpliterators.java:312)
	at java.util.stream.Streams$ConcatSpliterator.forEachRemaining(Streams.java:743)
	at java.util.stream.Streams$ConcatSpliterator.forEachRemaining(Streams.java:742)
	at java.util.stream.ReferencePipeline$Head.forEach(ReferencePipeline.java:580)
	at org.junit.jupiter.engine.descriptor.ClassBasedTestDescriptor.invokeTestInstancePostProcessors(ClassBasedTestDescriptor.java:340)
	at org.junit.jupiter.engine.descriptor.ClassBasedTestDescriptor.instantiateAndPostProcessTestInstance(ClassBasedTestDescriptor.java:263)
	at org.junit.jupiter.engine.descriptor.ClassBasedTestDescriptor.lambda$testInstancesProvider$2(ClassBasedTestDescriptor.java:256)
	at java.util.Optional.orElseGet(Optional.java:267)
	at org.junit.jupiter.engine.descriptor.ClassBasedTestDescriptor.lambda$testInstancesProvider$3(ClassBasedTestDescriptor.java:255)
	at org.junit.jupiter.engine.execution.TestInstancesProvider.getTestInstances(TestInstancesProvider.java:29)
	at org.junit.jupiter.engine.descriptor.TestMethodTestDescriptor.lambda$prepare$0(TestMethodTestDescriptor.java:108)
	at org.junit.platform.engine.support.hierarchical.ThrowableCollector.execute(ThrowableCollector.java:73)
	at org.junit.jupiter.engine.descriptor.TestMethodTestDescriptor.prepare(TestMethodTestDescriptor.java:107)
	at org.junit.jupiter.engine.descriptor.TestMethodTestDescriptor.prepare(TestMethodTestDescriptor.java:71)
	at org.junit.platform.engine.support.hierarchical.NodeTestTask.lambda$prepare$1(NodeTestTask.java:107)
	at org.junit.platform.engine.support.hierarchical.ThrowableCollector.execute(ThrowableCollector.java:73)
	at org.junit.platform.engine.support.hierarchical.NodeTestTask.prepare(NodeTestTask.java:107)
	at org.junit.platform.engine.support.hierarchical.NodeTestTask.execute(NodeTestTask.java:75)
	at java.util.ArrayList.forEach(ArrayList.java:1259)
	at org.junit.platform.engine.support.hierarchical.SameThreadHierarchicalTestExecutorService.invokeAll(SameThreadHierarchicalTestExecutorService.java:38)
	at org.junit.platform.engine.support.hierarchical.NodeTestTask.lambda$executeRecursively$5(NodeTestTask.java:139)
	at org.junit.platform.engine.support.hierarchical.ThrowableCollector.execute(ThrowableCollector.java:73)
	at org.junit.platform.engine.support.hierarchical.NodeTestTask.lambda$executeRecursively$7(NodeTestTask.java:125)
	at org.junit.platform.engine.support.hierarchical.Node.around(Node.java:135)
	at org.junit.platform.engine.support.hierarchical.NodeTestTask.lambda$executeRecursively$8(NodeTestTask.java:123)
	at org.junit.platform.engine.support.hierarchical.ThrowableCollector.execute(ThrowableCollector.java:73)
	at org.junit.platform.engine.support.hierarchical.NodeTestTask.executeRecursively(NodeTestTask.java:122)
	at org.junit.platform.engine.support.hierarchical.NodeTestTask.execute(NodeTestTask.java:80)
	at java.util.ArrayList.forEach(ArrayList.java:1259)
	at org.junit.platform.engine.support.hierarchical.SameThreadHierarchicalTestExecutorService.invokeAll(SameThreadHierarchicalTestExecutorService.java:38)
	at org.junit.platform.engine.support.hierarchical.NodeTestTask.lambda$executeRecursively$5(NodeTestTask.java:139)
	at org.junit.platform.engine.support.hierarchical.ThrowableCollector.execute(ThrowableCollector.java:73)
	at org.junit.platform.engine.support.hierarchical.NodeTestTask.lambda$executeRecursively$7(NodeTestTask.java:125)
	at org.junit.platform.engine.support.hierarchical.Node.around(Node.java:135)
	at org.junit.platform.engine.support.hierarchical.NodeTestTask.lambda$executeRecursively$8(NodeTestTask.java:123)
	at org.junit.platform.engine.support.hierarchical.ThrowableCollector.execute(ThrowableCollector.java:73)
	at org.junit.platform.engine.support.hierarchical.NodeTestTask.executeRecursively(NodeTestTask.java:122)
	at org.junit.platform.engine.support.hierarchical.NodeTestTask.execute(NodeTestTask.java:80)
	at org.junit.platform.engine.support.hierarchical.SameThreadHierarchicalTestExecutorService.submit(SameThreadHierarchicalTestExecutorService.java:32)
	at org.junit.platform.engine.support.hierarchical.HierarchicalTestExecutor.execute(HierarchicalTestExecutor.java:57)
	at org.junit.platform.engine.support.hierarchical.HierarchicalTestEngine.execute(HierarchicalTestEngine.java:51)
	at org.junit.platform.launcher.core.DefaultLauncher.execute(DefaultLauncher.java:248)
	at org.junit.platform.launcher.core.DefaultLauncher.lambda$execute$5(DefaultLauncher.java:211)
	at org.junit.platform.launcher.core.DefaultLauncher.withInterceptedStreams(DefaultLauncher.java:226)
	at org.junit.platform.launcher.core.DefaultLauncher.execute(DefaultLauncher.java:199)
	at org.junit.platform.launcher.core.DefaultLauncher.execute(DefaultLauncher.java:132)
	at com.intellij.junit5.JUnit5IdeaTestRunner.startRunnerWithArgs(JUnit5IdeaTestRunner.java:57)
	at com.intellij.rt.junit.IdeaTestRunner$Repeater$1.execute(IdeaTestRunner.java:38)
	at com.intellij.rt.execution.junit.TestsRepeater.repeat(TestsRepeater.java:11)
	at com.intellij.rt.junit.IdeaTestRunner$Repeater.startRunnerWithArgs(IdeaTestRunner.java:35)
	at com.intellij.rt.junit.JUnitStarter.prepareStreamsAndStart(JUnitStarter.java:232)
	at com.intellij.rt.junit.JUnitStarter.main(JUnitStarter.java:55)
Caused by: org.springframework.beans.factory.BeanCreationException: Error creating bean with name 'courseBaseInfoServiceImpl': Injection of resource dependencies failed; nested exception is org.springframework.beans.factory.NoSuchBeanDefinitionException: No qualifying bean of type 'com.learneasy.content.mapper.CourseBaseMapper' available: expected at least 1 bean which qualifies as autowire candidate. Dependency annotations: {@javax.annotation.Resource(shareable=true, lookup=, name=, description=, authenticationType=CONTAINER, type=class java.lang.Object, mappedName=)}
	at org.springframework.context.annotation.CommonAnnotationBeanPostProcessor.postProcessProperties(CommonAnnotationBeanPostProcessor.java:321)
	at org.springframework.beans.factory.support.AbstractAutowireCapableBeanFactory.populateBean(AbstractAutowireCapableBeanFactory.java:1420)
	at org.springframework.beans.factory.support.AbstractAutowireCapableBeanFactory.doCreateBean(AbstractAutowireCapableBeanFactory.java:593)
	at org.springframework.beans.factory.support.AbstractAutowireCapableBeanFactory.createBean(AbstractAutowireCapableBeanFactory.java:516)
	at org.springframework.beans.factory.support.AbstractBeanFactory.lambda$doGetBean$0(AbstractBeanFactory.java:324)
	at org.springframework.beans.factory.support.DefaultSingletonBeanRegistry.getSingleton(DefaultSingletonBeanRegistry.java:234)
	at org.springframework.beans.factory.support.AbstractBeanFactory.doGetBean(AbstractBeanFactory.java:322)
	at org.springframework.beans.factory.support.AbstractBeanFactory.getBean(AbstractBeanFactory.java:202)
	at org.springframework.beans.factory.support.DefaultListableBeanFactory.preInstantiateSingletons(DefaultListableBeanFactory.java:897)
	at org.springframework.context.support.AbstractApplicationContext.finishBeanFactoryInitialization(AbstractApplicationContext.java:879)
	at org.springframework.context.support.AbstractApplicationContext.refresh(AbstractApplicationContext.java:551)
	at org.springframework.boot.SpringApplication.refresh(SpringApplication.java:758)
	at org.springframework.boot.SpringApplication.refresh(SpringApplication.java:750)
	at org.springframework.boot.SpringApplication.refreshContext(SpringApplication.java:405)
	at org.springframework.boot.SpringApplication.run(SpringApplication.java:315)
	at org.springframework.boot.test.context.SpringBootContextLoader.loadContext(SpringBootContextLoader.java:120)
	at org.springframework.test.context.cache.DefaultCacheAwareContextLoaderDelegate.loadContextInternal(DefaultCacheAwareContextLoaderDelegate.java:99)
	at org.springframework.test.context.cache.DefaultCacheAwareContextLoaderDelegate.loadContext(DefaultCacheAwareContextLoaderDelegate.java:124)
	... 66 more
Caused by: org.springframework.beans.factory.NoSuchBeanDefinitionException: No qualifying bean of type 'com.learneasy.content.mapper.CourseBaseMapper' available: expected at least 1 bean which qualifies as autowire candidate. Dependency annotations: {@javax.annotation.Resource(shareable=true, lookup=, name=, description=, authenticationType=CONTAINER, type=class java.lang.Object, mappedName=)}
	at org.springframework.beans.factory.support.DefaultListableBeanFactory.raiseNoMatchingBeanFound(DefaultListableBeanFactory.java:1717)
	at org.springframework.beans.factory.support.DefaultListableBeanFactory.doResolveDependency(DefaultListableBeanFactory.java:1273)
	at org.springframework.beans.factory.support.DefaultListableBeanFactory.resolveDependency(DefaultListableBeanFactory.java:1227)
	at org.springframework.context.annotation.CommonAnnotationBeanPostProcessor.autowireResource(CommonAnnotationBeanPostProcessor.java:521)
	at org.springframework.context.annotation.CommonAnnotationBeanPostProcessor.getResource(CommonAnnotationBeanPostProcessor.java:497)
	at org.springframework.context.annotation.CommonAnnotationBeanPostProcessor$ResourceElement.getResourceToInject(CommonAnnotationBeanPostProcessor.java:650)
	at org.springframework.beans.factory.annotation.InjectionMetadata$InjectedElement.inject(InjectionMetadata.java:228)
	at org.springframework.beans.factory.annotation.InjectionMetadata.inject(InjectionMetadata.java:119)
	at org.springframework.context.annotation.CommonAnnotationBeanPostProcessor.postProcessProperties(CommonAnnotationBeanPostProcessor.java:318)
	... 83 more
2023-08-10 15:55:57,676 WARN [Thread-2][HttpClientBeanHolder.java:108] - [HttpClientBeanHolder] Start destroying common HttpClient
2023-08-10 15:55:57,676 WARN [Thread-2][HttpClientBeanHolder.java:108] - [HttpClientBeanHolder] Start destroying common HttpClient
2023-08-10 15:55:57,677 WARN [Thread-2][HttpClientBeanHolder.java:114] - [HttpClientBeanHolder] Destruction of the end
2023-08-10 15:55:57,677 WARN [Thread-2][HttpClientBeanHolder.java:114] - [HttpClientBeanHolder] Destruction of the end
